C51 COMPILER V8.12   OSD2BITFONTBYTE1BIT7SWAP                                              05/25/2022 15:41:11 PAGE 1   


C51 COMPILER V8.12, COMPILATION OF MODULE OSD2BITFONTBYTE1BIT7SWAP
OBJECT MODULE PLACED IN .\Output\Osd2BitFontByte1Bit7Swap.obj
COMPILER INVOKED BY: C:\Keil\C51\BIN\C51.EXE ..\..\ScalerFunction\Lib\Code\ScalerOSD\SRAM\Osd2BitFontByte1Bit7Swap.c LAR
                    -GE OPTIMIZE(9,SPEED) INCDIR(..\..\..\Common;..\Header;.\Header;..\..\ScalerFunction\Lib\Header;..\..\ScalerFunction\Head
                    -er;..\..\ScalerCommonFunction\Lib\Header;..\..\ScalerCommonFunction\Header;..\..\RL6432_Series_Common\Lib\Header;..\..\R
                    -L6432_Series_Common\Header) DEFINE(_TRANSLATOR_SUPPORT=_OFF,_SCALER_TYPE=_RL6432_SERIES) DEBUG OBJECTEXTEND PRINT(.\Outp
                    -ut\Osd2BitFontByte1Bit7Swap.lst) OBJECT(.\Output\Osd2BitFontByte1Bit7Swap.obj)

line level    source

   1          /********************************************************************************/
   2          /*   The  Software  is  proprietary,  confidential,  and  valuable to Realtek   */
   3          /*   Semiconductor  Corporation  ("Realtek").  All  rights, including but not   */
   4          /*   limited  to  copyrights,  patents,  trademarks, trade secrets, mask work   */
   5          /*   rights, and other similar rights and interests, are reserved to Realtek.   */
   6          /*   Without  prior  written  consent  from  Realtek,  copying, reproduction,   */
   7          /*   modification,  distribution,  or  otherwise  is strictly prohibited. The   */
   8          /*   Software  shall  be  kept  strictly  in  confidence,  and  shall  not be   */
   9          /*   disclosed to or otherwise accessed by any third party.                     */
  10          /*   c<2003> - <2012>                                                           */
  11          /*   The Software is provided "AS IS" without any warranty of any kind,         */
  12          /*   express, implied, statutory or otherwise.                                  */
  13          /********************************************************************************/
  14          
  15          //----------------------------------------------------------------------------------------------------
  16          // ID Code      : Osd2BitFontByte1Bit7Swap.c
  17          // Update Note  :
  18          //----------------------------------------------------------------------------------------------------
  19          #include "ScalerOSDLibInternalInclude.h"
  20          
  21          //****************************************************************************
  22          // DEFINITIONS / MACROS
  23          //****************************************************************************
  24          
  25          
  26          //****************************************************************************
  27          // STRUCT / TYPE / ENUM DEFINITTIONS
  28          //****************************************************************************
  29          
  30          
  31          //****************************************************************************
  32          // CODE TABLES
  33          //****************************************************************************
  34          
  35          
  36          //****************************************************************************
  37          // VARIABLE DECLARATIONS
  38          //****************************************************************************
  39          
  40          
  41          //****************************************************************************
  42          // FUNCTION DECLARATIONS
  43          //****************************************************************************
  44          void ScalerOsd2BitFontByte1Bit7Swap(EnumOsd2BitCharBit7Type enumOsd2BitCharBit7Type);
  45          
  46          
  47          //****************************************************************************
  48          // FUNCTION DEFINITIONS
  49          //****************************************************************************
  50          //--------------------------------------------------
  51          // Description  : SRAM address value and which byte
C51 COMPILER V8.12   OSD2BITFONTBYTE1BIT7SWAP                                              05/25/2022 15:41:11 PAGE 2   

  52          // Input Value  : enumOsd2BitCharBit7Type -> _OSD_2BIT_CHAR_BIT7_BY_CHANGE_PALETTE or _OSD_2BIT_CHAR_BIT7_
             -BY_SELECT_FONT
  53          // Output Value :
  54          //--------------------------------------------------
  55          void ScalerOsd2BitFontByte1Bit7Swap(EnumOsd2BitCharBit7Type enumOsd2BitCharBit7Type)
  56          {
  57   1          // Empty function in 6193
  58   1          enumOsd2BitCharBit7Type = enumOsd2BitCharBit7Type;
  59   1      }
  60          
  61          /*
  62          //--------------------------------------------------
  63          // example
  64          //--------------------------------------------------
  65              ScalerOsd2BitFontByte1Bit7Swap(_OSD_2BIT_CHAR_BIT7_BY_SELECT_FONT);
  66          */
  67          


MODULE INFORMATION:   STATIC OVERLAYABLE
   CODE SIZE        =      1    ----
   CONSTANT SIZE    =   ----    ----
   XDATA SIZE       =   ----    ----
   PDATA SIZE       =   ----    ----
   DATA SIZE        =   ----    ----
   IDATA SIZE       =   ----    ----
   BIT SIZE         =   ----    ----
END OF MODULE INFORMATION.


C51 COMPILATION COMPLETE.  0 WARNING(S),  0 ERROR(S)
