C51 COMPILER V8.12   OSDADDRESS90_91_92                                                    05/25/2022 15:41:06 PAGE 1   


C51 COMPILER V8.12, COMPILATION OF MODULE OSDADDRESS90_91_92
OBJECT MODULE PLACED IN .\Output\OsdAddress90_91_92.obj
COMPILER INVOKED BY: C:\Keil\C51\BIN\C51.EXE ..\..\ScalerFunction\Lib\Code\ScalerOSD\Command\OsdAddress90_91_92.c LARGE 
                    -OPTIMIZE(9,SPEED) INCDIR(..\..\..\Common;..\Header;.\Header;..\..\ScalerFunction\Lib\Header;..\..\ScalerFunction\Header;
                    -..\..\ScalerCommonFunction\Lib\Header;..\..\ScalerCommonFunction\Header;..\..\RL6432_Series_Common\Lib\Header;..\..\RL64
                    -32_Series_Common\Header) DEFINE(_TRANSLATOR_SUPPORT=_OFF,_SCALER_TYPE=_RL6432_SERIES) DEBUG OBJECTEXTEND PRINT(.\Output\
                    -OsdAddress90_91_92.lst) OBJECT(.\Output\OsdAddress90_91_92.obj)

line level    source

   1          /********************************************************************************/
   2          /*   The  Software  is  proprietary,  confidential,  and  valuable to Realtek   */
   3          /*   Semiconductor  Corporation  ("Realtek").  All  rights, including but not   */
   4          /*   limited  to  copyrights,  patents,  trademarks, trade secrets, mask work   */
   5          /*   rights, and other similar rights and interests, are reserved to Realtek.   */
   6          /*   Without  prior  written  consent  from  Realtek,  copying, reproduction,   */
   7          /*   modification,  distribution,  or  otherwise  is strictly prohibited. The   */
   8          /*   Software  shall  be  kept  strictly  in  confidence,  and  shall  not be   */
   9          /*   disclosed to or otherwise accessed by any third party.                     */
  10          /*   c<2003> - <2012>                                                           */
  11          /*   The Software is provided "AS IS" without any warranty of any kind,         */
  12          /*   express, implied, statutory or otherwise.                                  */
  13          /********************************************************************************/
  14          
  15          //----------------------------------------------------------------------------------------------------
  16          // ID Code      : OsdAddress90_91_92.c
  17          // Update Note  :
  18          //----------------------------------------------------------------------------------------------------
  19          #include "ScalerOSDLibInternalInclude.h"
  20          
  21          //****************************************************************************
  22          // DEFINITIONS / MACROS
  23          //****************************************************************************
  24          
  25          
  26          //****************************************************************************
  27          // STRUCT / TYPE / ENUM DEFINITTIONS
  28          //****************************************************************************
  29          
  30          
  31          //****************************************************************************
  32          // CODE TABLES
  33          //****************************************************************************
  34          
  35          
  36          //****************************************************************************
  37          // VARIABLE DECLARATIONS
  38          //****************************************************************************
  39          
  40          
  41          //****************************************************************************
  42          // FUNCTION DECLARATIONS
  43          //****************************************************************************
  44          void ScalerOsdAddrMsb(BYTE ucValue);
  45          void ScalerOsdAddrLsb(BYTE ucValue);
  46          void ScalerOsdDataPort(BYTE ucValue);
  47          void ScalerOsdAddrSet(EnumOsdAddrIndicateType enumAddrIndicator, EnumOsdWriteType enumByteSel, WORD usAddr
             -ess, EnumOsdDBufType enumDbufEnable);
  48          
  49          //****************************************************************************
  50          // FUNCTION DEFINITIONS
C51 COMPILER V8.12   OSDADDRESS90_91_92                                                    05/25/2022 15:41:06 PAGE 2   

  51          //****************************************************************************
  52          //--------------------------------------------------
  53          // Description  : OSD Addr Msb 0x90
  54          // Input Value  : ucValue -> 0x90 data
  55          // Output Value :
  56          //--------------------------------------------------
  57          void ScalerOsdAddrMsb(BYTE ucValue)
  58          {
  59   1          ScalerSetBit(P0_90_OSD_ADR_PORT_MSB, ~(_BIT6 | _BIT5 | _BIT4 | _BIT3 | _BIT2 | _BIT1 | _BIT0), (ucValu
             -e & 0x7F));
  60   1      }
  61          
  62          //--------------------------------------------------
  63          // Description  : OSD Addr Lsb 0x91
  64          // Input Value  : ucValue -> 0x91 data
  65          // Output Value :
  66          //--------------------------------------------------
  67          void ScalerOsdAddrLsb(BYTE ucValue)
  68          {
  69   1          ScalerSetByte(P0_91_OSD_ADR_PORT_LSB, ucValue);
  70   1      }
  71          
  72          //--------------------------------------------------
  73          // Description  : OSD Data Port 0x92
  74          // Input Value  : ucValue -> 0x92 data
  75          // Output Value :
  76          //--------------------------------------------------
  77          void ScalerOsdDataPort(BYTE ucValue)
  78          {
  79   1          ScalerSetByte(P0_92_OSD_DATA_PORT, ucValue);
  80   1      }
  81          
  82          //--------------------------------------------------
  83          // Description  : OSD Addr: 0x90[6:0], 0x91[7:0]
  84          // Input Value  : ucAddrIndicator -> _OSD_WIN_CONTROL or _OSD_SRAM
  85          //                ucByteSel       -> _OSD_BYTE0       or _OSD_BYTE1       or _OSD_BYTE2       or
  86          //                                   _OSD_BYTE0_BYTE1 or _OSD_BYTE0_BYTE2 or _OSD_BYTE1_BYTE2 or _OSD_BYTE
             -ALL
  87          //                usAddress       -> SRAM address
  88          //                ucDbufEnable    -> _ENABLE or _DISABLE
  89          // Output Value :
  90          //--------------------------------------------------
  91          void ScalerOsdAddrSet(EnumOsdAddrIndicateType enumAddrIndicator, EnumOsdWriteType enumByteSel, WORD usAddr
             -ess, EnumOsdDBufType enumDbufEnable)
  92          {
  93   1          enumDbufEnable = enumDbufEnable;
  94   1      
  95   1          // Set Address Indicator: 00: Window control registers, 10: Font Select and font map SRAM
  96   1          ScalerSetBit(P0_94_OSD_WRITE_OPTION, ~(_BIT3 | _BIT2), enumAddrIndicator);
  97   1      
  98   1          // Select Which Byte to Write:  001: Byte0, 010: Byte1, 100: Byte2, 011: Byte0 & Byte1, 101: Byte0 & B
             -yte2, 110: Byte1 & Byte2,111: All
  99   1          ScalerSetBit(P0_94_OSD_WRITE_OPTION, ~(_BIT7 | _BIT6 | _BIT5), enumByteSel);
 100   1      
 101   1          // Set Address
 102   1          ScalerOsdAddrMsb(HIBYTE(usAddress));
 103   1          ScalerOsdAddrLsb(LOBYTE(usAddress));
 104   1      }
 105          


MODULE INFORMATION:   STATIC OVERLAYABLE
C51 COMPILER V8.12   OSDADDRESS90_91_92                                                    05/25/2022 15:41:06 PAGE 3   

   CODE SIZE        =     48    ----
   CONSTANT SIZE    =   ----    ----
   XDATA SIZE       =   ----       5
   PDATA SIZE       =   ----    ----
   DATA SIZE        =   ----    ----
   IDATA SIZE       =   ----    ----
   BIT SIZE         =   ----    ----
END OF MODULE INFORMATION.


C51 COMPILATION COMPLETE.  0 WARNING(S),  0 ERROR(S)
