C51 COMPILER V8.12   OSDBLANKFONT                                                          05/25/2022 15:41:12 PAGE 1   


C51 COMPILER V8.12, COMPILATION OF MODULE OSDBLANKFONT
OBJECT MODULE PLACED IN .\Output\OsdBlankFont.obj
COMPILER INVOKED BY: C:\Keil\C51\BIN\C51.EXE ..\..\ScalerFunction\Lib\Code\ScalerOSD\SRAM\OsdBlankFont.c LARGE OPTIMIZE(
                    -9,SPEED) INCDIR(..\..\..\Common;..\Header;.\Header;..\..\ScalerFunction\Lib\Header;..\..\ScalerFunction\Header;..\..\Sca
                    -lerCommonFunction\Lib\Header;..\..\ScalerCommonFunction\Header;..\..\RL6432_Series_Common\Lib\Header;..\..\RL6432_Series
                    -_Common\Header) DEFINE(_TRANSLATOR_SUPPORT=_OFF,_SCALER_TYPE=_RL6432_SERIES) DEBUG OBJECTEXTEND PRINT(.\Output\OsdBlankF
                    -ont.lst) OBJECT(.\Output\OsdBlankFont.obj)

line level    source

   1          /********************************************************************************/
   2          /*   The  Software  is  proprietary,  confidential,  and  valuable to Realtek   */
   3          /*   Semiconductor  Corporation  ("Realtek").  All  rights, including but not   */
   4          /*   limited  to  copyrights,  patents,  trademarks, trade secrets, mask work   */
   5          /*   rights, and other similar rights and interests, are reserved to Realtek.   */
   6          /*   Without  prior  written  consent  from  Realtek,  copying, reproduction,   */
   7          /*   modification,  distribution,  or  otherwise  is strictly prohibited. The   */
   8          /*   Software  shall  be  kept  strictly  in  confidence,  and  shall  not be   */
   9          /*   disclosed to or otherwise accessed by any third party.                     */
  10          /*   c<2003> - <2012>                                                           */
  11          /*   The Software is provided "AS IS" without any warranty of any kind,         */
  12          /*   express, implied, statutory or otherwise.                                  */
  13          /********************************************************************************/
  14          
  15          //----------------------------------------------------------------------------------------------------
  16          // ID Code      : OsdBlankFont.c
  17          // Update Note  :
  18          //----------------------------------------------------------------------------------------------------
  19          #include "ScalerOSDLibInternalInclude.h"
  20          
  21          //****************************************************************************
  22          // DEFINITIONS / MACROS
  23          //****************************************************************************
  24          
  25          
  26          //****************************************************************************
  27          // STRUCT / TYPE / ENUM DEFINITTIONS
  28          //****************************************************************************
  29          
  30          
  31          //****************************************************************************
  32          // CODE TABLES
  33          //****************************************************************************
  34          
  35          
  36          //****************************************************************************
  37          // VARIABLE DECLARATIONS
  38          //****************************************************************************
  39          
  40          
  41          //****************************************************************************
  42          // FUNCTION DECLARATIONS
  43          //****************************************************************************
  44          void ScalerOsdBlankFont(BYTE ucRow, BYTE ucCol, BYTE ucLength, BYTE ucHeight, BYTE ucPixelLength, BYTE ucB
             -ackgroundColor, EnumOsdBlankType enumOsdBlankingType);
  45          
  46          
  47          //****************************************************************************
  48          // FUNCTION DEFINITIONS
  49          //****************************************************************************
  50          //--------------------------------------------------
C51 COMPILER V8.12   OSDBLANKFONT                                                          05/25/2022 15:41:12 PAGE 2   

  51          // Description  : SRAM address value and which byte
  52          // Input Value  : ucRow. ucCol. ucLength. ucHeight. -> Just that !!
  53          //                ucPixelLength                     -> BLANK_FONT : 4 ~ 255 other 0 ~ 255
  54          //                ucBackgroundColor                 -> Color number
  55          //                enumOsdBlinkingType               -> _OSD_BLANK_FONT or _OSD_BLANK_ALIGN
  56          // Output Value :
  57          //--------------------------------------------------
  58          void ScalerOsdBlankFont(BYTE ucRow, BYTE ucCol, BYTE ucLength, BYTE ucHeight, BYTE ucPixelLength, BYTE ucB
             -ackgroundColor, EnumOsdBlankType enumOsdBlankingType)
  59          {
  60   1          BYTE ucTemp = 0;
  61   1      
  62   1          enumOsdBlankingType = (enumOsdBlankingType & 0x03);
  63   1      
  64   1          for(ucTemp = 0; ucTemp < ucHeight; ucTemp++)
  65   1          {
  66   2              ScalerOsdSramDataValue(ucRow + ucTemp, ucCol, ucLength, enumOsdBlankingType, _OSD_BYTE0);
  67   2              ScalerOsdSramDataValue(ucRow + ucTemp, ucCol, ucLength, (ucPixelLength & 0xFF), _OSD_BYTE1);
  68   2              ScalerOsdSramDataValue(ucRow + ucTemp, ucCol, ucLength, (ucBackgroundColor & 0x3F), _OSD_BYTE2);
  69   2          }
  70   1      }
  71          
  72          /*
  73          //--------------------------------------------------
  74          // example
  75          //--------------------------------------------------
  76              ScalerOsdBlankFont(ROW(0), COL(1), LENGTH(1), HEIGHT(1), VALUES(4), BGCOLOR(0), _OSD_BLINKING_EFFECT_D
             -ISABLE);
  77          */
  78          


MODULE INFORMATION:   STATIC OVERLAYABLE
   CODE SIZE        =    127    ----
   CONSTANT SIZE    =   ----    ----
   XDATA SIZE       =   ----       8
   PDATA SIZE       =   ----    ----
   DATA SIZE        =   ----    ----
   IDATA SIZE       =   ----    ----
   BIT SIZE         =   ----    ----
END OF MODULE INFORMATION.


C51 COMPILATION COMPLETE.  0 WARNING(S),  0 ERROR(S)
