C51 COMPILER V8.12   OSDCOMPRESSIONCTRL                                                    05/25/2022 15:41:15 PAGE 1   


C51 COMPILER V8.12, COMPILATION OF MODULE OSDCOMPRESSIONCTRL
OBJECT MODULE PLACED IN .\Output\OsdCompressionCtrl.obj
COMPILER INVOKED BY: C:\Keil\C51\BIN\C51.EXE ..\..\ScalerFunction\Lib\Code\ScalerOSD\SRAM\OsdCompressionCtrl.c LARGE OPT
                    -IMIZE(9,SPEED) INCDIR(..\..\..\Common;..\Header;.\Header;..\..\ScalerFunction\Lib\Header;..\..\ScalerFunction\Header;..\
                    -..\ScalerCommonFunction\Lib\Header;..\..\ScalerCommonFunction\Header;..\..\RL6432_Series_Common\Lib\Header;..\..\RL6432_
                    -Series_Common\Header) DEFINE(_TRANSLATOR_SUPPORT=_OFF,_SCALER_TYPE=_RL6432_SERIES) DEBUG OBJECTEXTEND PRINT(.\Output\Osd
                    -CompressionCtrl.lst) OBJECT(.\Output\OsdCompressionCtrl.obj)

line level    source

   1          /********************************************************************************/
   2          /*   The  Software  is  proprietary,  confidential,  and  valuable to Realtek   */
   3          /*   Semiconductor  Corporation  ("Realtek").  All  rights, including but not   */
   4          /*   limited  to  copyrights,  patents,  trademarks, trade secrets, mask work   */
   5          /*   rights, and other similar rights and interests, are reserved to Realtek.   */
   6          /*   Without  prior  written  consent  from  Realtek,  copying, reproduction,   */
   7          /*   modification,  distribution,  or  otherwise  is strictly prohibited. The   */
   8          /*   Software  shall  be  kept  strictly  in  confidence,  and  shall  not be   */
   9          /*   disclosed to or otherwise accessed by any third party.                     */
  10          /*   c<2003> - <2012>                                                           */
  11          /*   The Software is provided "AS IS" without any warranty of any kind,         */
  12          /*   express, implied, statutory or otherwise.                                  */
  13          /********************************************************************************/
  14          
  15          //----------------------------------------------------------------------------------------------------
  16          // ID Code      : OsdCompressionCtrl.c
  17          // Update Note  :
  18          //----------------------------------------------------------------------------------------------------
  19          #include "ScalerOSDLibInternalInclude.h"
  20          
  21          //****************************************************************************
  22          // DEFINITIONS / MACROS
  23          //****************************************************************************
  24          
  25          
  26          //****************************************************************************
  27          // STRUCT / TYPE / ENUM DEFINITTIONS
  28          //****************************************************************************
  29          
  30          
  31          //****************************************************************************
  32          // CODE TABLES
  33          //****************************************************************************
  34          
  35          
  36          //****************************************************************************
  37          // VARIABLE DECLARATIONS
  38          //****************************************************************************
  39          
  40          
  41          //****************************************************************************
  42          // FUNCTION DECLARATIONS
  43          //****************************************************************************
  44          void ScalerOsdCompressionCtrl(EnumOsdDecodeCompressionType enumDecodeCompression, bit bCompressionEnable);
  45          
  46          
  47          //****************************************************************************
  48          // FUNCTION DEFINITIONS
  49          //****************************************************************************
  50          //--------------------------------------------------
  51          // Description  : Set decode compression data or not, Compression enable/disable
C51 COMPILER V8.12   OSDCOMPRESSIONCTRL                                                    05/25/2022 15:41:15 PAGE 2   

  52          // Input Value  : enumDecodeCompression -> _OSD_DECODE_COMPRESSED or _OSD_DECODE_NON_COMPRESSED
  53          // Input Value  : ucConpressionEn -> _OSD_COMPRESSION_DISABLE or _OSD_COMPRESSION_ENABLE
  54          // Output Value :
  55          //--------------------------------------------------
  56          void ScalerOsdCompressionCtrl(EnumOsdDecodeCompressionType enumDecodeCompression, bit bCompressionEnable)
  57          {
  58   1          ScalerSetBit(P3A_17_FRAME_CTRL_17, ~(_BIT1), enumDecodeCompression);
  59   1          ScalerSetBit(P3A_17_FRAME_CTRL_17, ~(_BIT0), bCompressionEnable);
  60   1      }
  61          
  62          /*
  63          //--------------------------------------------------
  64          // example
  65          //--------------------------------------------------
  66              ScalerOsdCompressionCtrl(_OSD_DECODE_NON_COMPRESSED, _OSD_COMPRESSION_ENABLE);
  67          */
  68          
  69          


MODULE INFORMATION:   STATIC OVERLAYABLE
   CODE SIZE        =     19    ----
   CONSTANT SIZE    =   ----    ----
   XDATA SIZE       =   ----    ----
   PDATA SIZE       =   ----    ----
   DATA SIZE        =   ----    ----
   IDATA SIZE       =   ----    ----
   BIT SIZE         =   ----       1
END OF MODULE INFORMATION.


C51 COMPILATION COMPLETE.  0 WARNING(S),  0 ERROR(S)
