C51 COMPILER V8.12   OSDCHARCOMMANDALLBYTESERIES                                           05/25/2022 15:41:13 PAGE 1   


C51 COMPILER V8.12, COMPILATION OF MODULE OSDCHARCOMMANDALLBYTESERIES
OBJECT MODULE PLACED IN .\Output\OsdCharCommandAllByteSeries.obj
COMPILER INVOKED BY: C:\Keil\C51\BIN\C51.EXE ..\..\ScalerFunction\Lib\Code\ScalerOSD\SRAM\OsdCharCommandAllByteSeries.c 
                    -LARGE OPTIMIZE(9,SPEED) INCDIR(..\..\..\Common;..\Header;.\Header;..\..\ScalerFunction\Lib\Header;..\..\ScalerFunction\H
                    -eader;..\..\ScalerCommonFunction\Lib\Header;..\..\ScalerCommonFunction\Header;..\..\RL6432_Series_Common\Lib\Header;..\.
                    -.\RL6432_Series_Common\Header) DEFINE(_TRANSLATOR_SUPPORT=_OFF,_SCALER_TYPE=_RL6432_SERIES) DEBUG OBJECTEXTEND PRINT(.\O
                    -utput\OsdCharCommandAllByteSeries.lst) OBJECT(.\Output\OsdCharCommandAllByteSeries.obj)

line level    source

   1          /********************************************************************************/
   2          /*   The  Software  is  proprietary,  confidential,  and  valuable to Realtek   */
   3          /*   Semiconductor  Corporation  ("Realtek").  All  rights, including but not   */
   4          /*   limited  to  copyrights,  patents,  trademarks, trade secrets, mask work   */
   5          /*   rights, and other similar rights and interests, are reserved to Realtek.   */
   6          /*   Without  prior  written  consent  from  Realtek,  copying, reproduction,   */
   7          /*   modification,  distribution,  or  otherwise  is strictly prohibited. The   */
   8          /*   Software  shall  be  kept  strictly  in  confidence,  and  shall  not be   */
   9          /*   disclosed to or otherwise accessed by any third party.                     */
  10          /*   c<2003> - <2012>                                                           */
  11          /*   The Software is provided "AS IS" without any warranty of any kind,         */
  12          /*   express, implied, statutory or otherwise.                                  */
  13          /********************************************************************************/
  14          
  15          //----------------------------------------------------------------------------------------------------
  16          // ID Code      : OsdCharCommandAllByteSeries.c
  17          // Update Note  :
  18          //----------------------------------------------------------------------------------------------------
  19          #include "ScalerOSDLibInternalInclude.h"
  20          
  21          //****************************************************************************
  22          // DEFINITIONS / MACROS
  23          //****************************************************************************
  24          
  25          
  26          //****************************************************************************
  27          // STRUCT / TYPE / ENUM DEFINITTIONS
  28          //****************************************************************************
  29          
  30          
  31          //****************************************************************************
  32          // CODE TABLES
  33          //****************************************************************************
  34          
  35          
  36          //****************************************************************************
  37          // VARIABLE DECLARATIONS
  38          //****************************************************************************
  39          
  40          
  41          //****************************************************************************
  42          // FUNCTION DECLARATIONS
  43          //****************************************************************************
  44          void ScalerOsdCharCommandAllByteSeries(WORD usCharAddr, BYTE ucByte0, BYTE ucByte1, BYTE ucByte2, WORD usL
             -ength);
  45          
  46          
  47          //****************************************************************************
  48          // FUNCTION DEFINITIONS
  49          //****************************************************************************
  50          //--------------------------------------------------
C51 COMPILER V8.12   OSDCHARCOMMANDALLBYTESERIES                                           05/25/2022 15:41:13 PAGE 2   

  51          // Description  : Set OSD Char Command All Byte Series
  52          // Input Value  : usCharAddr -> SRAM address
  53          //                ucByte0      -> Byte0 data
  54          //                ucByte1      -> Byte1 data
  55          //                ucByte2      -> Byte2 data
  56          //                usLength     -> Length
  57          // Output Value :
  58          //--------------------------------------------------
  59          void ScalerOsdCharCommandAllByteSeries(WORD usCharAddr, BYTE ucByte0, BYTE ucByte1, BYTE ucByte2, WORD usL
             -ength)
  60          {
  61   1          ScalerOsdSramAddressSet(usCharAddr, _OSD_BYTEALL);
  62   1      
  63   1          do
  64   1          {
  65   2              ScalerSetByte(P0_92_OSD_DATA_PORT, ucByte0);
  66   2              ScalerSetByte(P0_92_OSD_DATA_PORT, ucByte1);
  67   2              ScalerSetByte(P0_92_OSD_DATA_PORT, ucByte2);
  68   2          }
  69   1          while(--usLength);
  70   1      }


MODULE INFORMATION:   STATIC OVERLAYABLE
   CODE SIZE        =     52    ----
   CONSTANT SIZE    =   ----    ----
   XDATA SIZE       =   ----       7
   PDATA SIZE       =   ----    ----
   DATA SIZE        =   ----    ----
   IDATA SIZE       =   ----    ----
   BIT SIZE         =   ----    ----
END OF MODULE INFORMATION.


C51 COMPILATION COMPLETE.  0 WARNING(S),  0 ERROR(S)
