C51 COMPILER V8.12   OSDCHANGE4BITCOLOR                                                    05/25/2022 15:41:13 PAGE 1   


C51 COMPILER V8.12, COMPILATION OF MODULE OSDCHANGE4BITCOLOR
OBJECT MODULE PLACED IN .\Output\OsdChange4BitColor.obj
COMPILER INVOKED BY: C:\Keil\C51\BIN\C51.EXE ..\..\ScalerFunction\Lib\Code\ScalerOSD\SRAM\OsdChange4BitColor.c LARGE OPT
                    -IMIZE(9,SPEED) INCDIR(..\..\..\Common;..\Header;.\Header;..\..\ScalerFunction\Lib\Header;..\..\ScalerFunction\Header;..\
                    -..\ScalerCommonFunction\Lib\Header;..\..\ScalerCommonFunction\Header;..\..\RL6432_Series_Common\Lib\Header;..\..\RL6432_
                    -Series_Common\Header) DEFINE(_TRANSLATOR_SUPPORT=_OFF,_SCALER_TYPE=_RL6432_SERIES) DEBUG OBJECTEXTEND PRINT(.\Output\Osd
                    -Change4BitColor.lst) OBJECT(.\Output\OsdChange4BitColor.obj)

line level    source

   1          /********************************************************************************/
   2          /*   The  Software  is  proprietary,  confidential,  and  valuable to Realtek   */
   3          /*   Semiconductor  Corporation  ("Realtek").  All  rights, including but not   */
   4          /*   limited  to  copyrights,  patents,  trademarks, trade secrets, mask work   */
   5          /*   rights, and other similar rights and interests, are reserved to Realtek.   */
   6          /*   Without  prior  written  consent  from  Realtek,  copying, reproduction,   */
   7          /*   modification,  distribution,  or  otherwise  is strictly prohibited. The   */
   8          /*   Software  shall  be  kept  strictly  in  confidence,  and  shall  not be   */
   9          /*   disclosed to or otherwise accessed by any third party.                     */
  10          /*   c<2003> - <2012>                                                           */
  11          /*   The Software is provided "AS IS" without any warranty of any kind,         */
  12          /*   express, implied, statutory or otherwise.                                  */
  13          /********************************************************************************/
  14          
  15          //----------------------------------------------------------------------------------------------------
  16          // ID Code      : OsdChange4BitColor.c
  17          // Update Note  :
  18          //----------------------------------------------------------------------------------------------------
  19          #include "ScalerOSDLibInternalInclude.h"
  20          
  21          //****************************************************************************
  22          // DEFINITIONS / MACROS
  23          //****************************************************************************
  24          
  25          
  26          //****************************************************************************
  27          // STRUCT / TYPE / ENUM DEFINITTIONS
  28          //****************************************************************************
  29          
  30          
  31          //****************************************************************************
  32          // CODE TABLES
  33          //****************************************************************************
  34          
  35          
  36          //****************************************************************************
  37          // VARIABLE DECLARATIONS
  38          //****************************************************************************
  39          
  40          
  41          //****************************************************************************
  42          // FUNCTION DECLARATIONS
  43          //****************************************************************************
  44          void ScalerOsdChange4BitColor(BYTE ucRow, BYTE ucCol, BYTE ucLength, BYTE ucHeight, BYTE ucBackgroundColor
             -, BYTE ucColorPaletteType);
  45          
  46          
  47          //****************************************************************************
  48          // FUNCTION DEFINITIONS
  49          //****************************************************************************
  50          //--------------------------------------------------
C51 COMPILER V8.12   OSDCHANGE4BITCOLOR                                                    05/25/2022 15:41:13 PAGE 2   

  51          // Description  : SRAM address value and which byte
  52          // Input Value  : ucRow. ucCol. ucLength. ucHeight.  -> Just that !!
  53          //                ucBackgroundColor                  -> Color number
  54          //                ucColorPaletteType                 -> _OSD_4BIT_PALETTE_00_01_02_03 | _OSD_4BIT_PALETTE_
             -04_05_06_07 | _OSD_4BIT_PALETTE_08_09_10_11 | _OSD_4BIT_PALETTE_12_13_14_15
  55          //                                                     (_OSD_4BIT_PALETTE_16_17_18_19   _OSD_4BIT_PALETTE_
             -20_21_22_23   _OSD_4BIT_PALETTE_24_25_26_27   _OSD_4BIT_PALETTE_28_29_30_31)
  56          //                                                     (_OSD_4BIT_PALETTE_32_33_34_35   _OSD_4BIT_PALETTE_
             -36_37_38_39   _OSD_4BIT_PALETTE_40_41_42_43   _OSD_4BIT_PALETTE_44_45_46_47)
  57          //                                                     (_OSD_4BIT_PALETTE_48_49_50_51   _OSD_4BIT_PALETTE_
             -52_53_54_55   _OSD_4BIT_PALETTE_56_57_58_59   _OSD_4BIT_PALETTE_50_61_62_63)
  58          // Output Value :
  59          //--------------------------------------------------
  60          void ScalerOsdChange4BitColor(BYTE ucRow, BYTE ucCol, BYTE ucLength, BYTE ucHeight, BYTE ucBackgroundColor
             -, BYTE ucColorPaletteType)
  61          {
  62   1          BYTE ucTemp = 0;
  63   1      
  64   1          for(ucTemp = 0; ucTemp < ucHeight; ucTemp++)
  65   1          {
  66   2              ScalerOsdSramDataValue2Byte(ucRow + ucTemp, ucCol, ucLength, (0xC0 | ucBackgroundColor), ucColorPa
             -letteType, _OSD_BYTE0_BYTE2);
  67   2          }
  68   1      }
  69          
  70          
  71          /*
  72          //--------------------------------------------------
  73          // example
  74          //--------------------------------------------------
  75              ScalerOsdChange4BitColor(ROW(0), COL(0), LENGTH(1), HEIGHT(1), BGCOLOR(0), (_OSD_4BIT_PALETTE_00_01_02
             -_03 | _OSD_4BIT_PALETTE_04_05_06_07 | _OSD_4BIT_PALETTE_08_09_10_11 | _OSD_4BIT_PALETTE_12_13_14_15));
  76          */
  77          
  78          


MODULE INFORMATION:   STATIC OVERLAYABLE
   CODE SIZE        =     77    ----
   CONSTANT SIZE    =   ----    ----
   XDATA SIZE       =   ----       7
   PDATA SIZE       =   ----    ----
   DATA SIZE        =   ----    ----
   IDATA SIZE       =   ----    ----
   BIT SIZE         =   ----    ----
END OF MODULE INFORMATION.


C51 COMPILATION COMPLETE.  0 WARNING(S),  0 ERROR(S)
