C51 COMPILER V8.12   OSDCHARCOMMANDBYTESERIES                                              05/25/2022 15:41:14 PAGE 1   


C51 COMPILER V8.12, COMPILATION OF MODULE OSDCHARCOMMANDBYTESERIES
OBJECT MODULE PLACED IN .\Output\OsdCharCommandByteSeries.obj
COMPILER INVOKED BY: C:\Keil\C51\BIN\C51.EXE ..\..\ScalerFunction\Lib\Code\ScalerOSD\SRAM\OsdCharCommandByteSeries.c LAR
                    -GE OPTIMIZE(9,SPEED) INCDIR(..\..\..\Common;..\Header;.\Header;..\..\ScalerFunction\Lib\Header;..\..\ScalerFunction\Head
                    -er;..\..\ScalerCommonFunction\Lib\Header;..\..\ScalerCommonFunction\Header;..\..\RL6432_Series_Common\Lib\Header;..\..\R
                    -L6432_Series_Common\Header) DEFINE(_TRANSLATOR_SUPPORT=_OFF,_SCALER_TYPE=_RL6432_SERIES) DEBUG OBJECTEXTEND PRINT(.\Outp
                    -ut\OsdCharCommandByteSeries.lst) OBJECT(.\Output\OsdCharCommandByteSeries.obj)

line level    source

   1          /********************************************************************************/
   2          /*   The  Software  is  proprietary,  confidential,  and  valuable to Realtek   */
   3          /*   Semiconductor  Corporation  ("Realtek").  All  rights, including but not   */
   4          /*   limited  to  copyrights,  patents,  trademarks, trade secrets, mask work   */
   5          /*   rights, and other similar rights and interests, are reserved to Realtek.   */
   6          /*   Without  prior  written  consent  from  Realtek,  copying, reproduction,   */
   7          /*   modification,  distribution,  or  otherwise  is strictly prohibited. The   */
   8          /*   Software  shall  be  kept  strictly  in  confidence,  and  shall  not be   */
   9          /*   disclosed to or otherwise accessed by any third party.                     */
  10          /*   c<2003> - <2012>                                                           */
  11          /*   The Software is provided "AS IS" without any warranty of any kind,         */
  12          /*   express, implied, statutory or otherwise.                                  */
  13          /********************************************************************************/
  14          
  15          //----------------------------------------------------------------------------------------------------
  16          // ID Code      : OsdCharCommandByteSeries.c
  17          // Update Note  :
  18          //----------------------------------------------------------------------------------------------------
  19          #include "ScalerOSDLibInternalInclude.h"
  20          
  21          //****************************************************************************
  22          // DEFINITIONS / MACROS
  23          //****************************************************************************
  24          
  25          
  26          //****************************************************************************
  27          // STRUCT / TYPE / ENUM DEFINITTIONS
  28          //****************************************************************************
  29          
  30          
  31          //****************************************************************************
  32          // CODE TABLES
  33          //****************************************************************************
  34          
  35          
  36          //****************************************************************************
  37          // VARIABLE DECLARATIONS
  38          //****************************************************************************
  39          
  40          
  41          //****************************************************************************
  42          // FUNCTION DECLARATIONS
  43          //****************************************************************************
  44          void ScalerOsdCharCommandByteSeries(WORD usCharAddr, EnumOsdWriteType enumOsdWriteType, BYTE ucData, WORD 
             -usLength);
  45          
  46          
  47          //****************************************************************************
  48          // FUNCTION DEFINITIONS
  49          //****************************************************************************
  50          //--------------------------------------------------
C51 COMPILER V8.12   OSDCHARCOMMANDBYTESERIES                                              05/25/2022 15:41:14 PAGE 2   

  51          // Description  : Set OSD Char Command Byte Series
  52          // Input Value  : usCharAddr       -> SRAM address
  53          //                enumOsdWriteType -> _OSD_BYTE0 or _OSD_BYTE1 or _OSD_BYTE2 or _OSD_BYTEALL
  54          //                ucData           -> ucByteSelect' data
  55          //                usLength         -> Length
  56          // Output Value :
  57          //--------------------------------------------------
  58          void ScalerOsdCharCommandByteSeries(WORD usCharAddr, EnumOsdWriteType enumOsdWriteType, BYTE ucData, WORD 
             -usLength)
  59          {
  60   1          ScalerOsdSramAddressSet(usCharAddr, enumOsdWriteType);
  61   1      
  62   1          do
  63   1          {
  64   2              ScalerSetByte(P0_92_OSD_DATA_PORT, ucData);
  65   2          }
  66   1          while(--usLength);
  67   1      }


MODULE INFORMATION:   STATIC OVERLAYABLE
   CODE SIZE        =     31    ----
   CONSTANT SIZE    =   ----    ----
   XDATA SIZE       =   ----       6
   PDATA SIZE       =   ----    ----
   DATA SIZE        =   ----    ----
   IDATA SIZE       =   ----    ----
   BIT SIZE         =   ----    ----
END OF MODULE INFORMATION.


C51 COMPILATION COMPLETE.  0 WARNING(S),  0 ERROR(S)
