C51 COMPILER V8.12   OSDROWHEIGHT                                                          05/25/2022 15:41:16 PAGE 1   


C51 COMPILER V8.12, COMPILATION OF MODULE OSDROWHEIGHT
OBJECT MODULE PLACED IN .\Output\OsdRowHeight.obj
COMPILER INVOKED BY: C:\Keil\C51\BIN\C51.EXE ..\..\ScalerFunction\Lib\Code\ScalerOSD\SRAM\OsdRowHeight.c LARGE OPTIMIZE(
                    -9,SPEED) INCDIR(..\..\..\Common;..\Header;.\Header;..\..\ScalerFunction\Lib\Header;..\..\ScalerFunction\Header;..\..\Sca
                    -lerCommonFunction\Lib\Header;..\..\ScalerCommonFunction\Header;..\..\RL6432_Series_Common\Lib\Header;..\..\RL6432_Series
                    -_Common\Header) DEFINE(_TRANSLATOR_SUPPORT=_OFF,_SCALER_TYPE=_RL6432_SERIES) DEBUG OBJECTEXTEND PRINT(.\Output\OsdRowHei
                    -ght.lst) OBJECT(.\Output\OsdRowHeight.obj)

line level    source

   1          /********************************************************************************/
   2          /*   The  Software  is  proprietary,  confidential,  and  valuable to Realtek   */
   3          /*   Semiconductor  Corporation  ("Realtek").  All  rights, including but not   */
   4          /*   limited  to  copyrights,  patents,  trademarks, trade secrets, mask work   */
   5          /*   rights, and other similar rights and interests, are reserved to Realtek.   */
   6          /*   Without  prior  written  consent  from  Realtek,  copying, reproduction,   */
   7          /*   modification,  distribution,  or  otherwise  is strictly prohibited. The   */
   8          /*   Software  shall  be  kept  strictly  in  confidence,  and  shall  not be   */
   9          /*   disclosed to or otherwise accessed by any third party.                     */
  10          /*   c<2003> - <2012>                                                           */
  11          /*   The Software is provided "AS IS" without any warranty of any kind,         */
  12          /*   express, implied, statutory or otherwise.                                  */
  13          /********************************************************************************/
  14          
  15          //----------------------------------------------------------------------------------------------------
  16          // ID Code      : OsdRowHeight.c
  17          // Update Note  :
  18          //----------------------------------------------------------------------------------------------------
  19          #include "ScalerOSDLibInternalInclude.h"
  20          
  21          //****************************************************************************
  22          // DEFINITIONS / MACROS
  23          //****************************************************************************
  24          
  25          
  26          //****************************************************************************
  27          // STRUCT / TYPE / ENUM DEFINITTIONS
  28          //****************************************************************************
  29          
  30          
  31          //****************************************************************************
  32          // CODE TABLES
  33          //****************************************************************************
  34          
  35          
  36          //****************************************************************************
  37          // VARIABLE DECLARATIONS
  38          //****************************************************************************
  39          
  40          
  41          //****************************************************************************
  42          // FUNCTION DECLARATIONS
  43          //****************************************************************************
  44          void ScalerOsdRowHeight(BYTE ucRow, BYTE ucHeight, BYTE ucLength);
  45          
  46          
  47          //****************************************************************************
  48          // FUNCTION DEFINITIONS
  49          //****************************************************************************
  50          //--------------------------------------------------
  51          // Description  :
C51 COMPILER V8.12   OSDROWHEIGHT                                                          05/25/2022 15:41:16 PAGE 2   

  52          // Input Value  : ucRow -> ROW_MAPA(x), ROW_MAPB(x)
  53          //                ucHeight -> 1 ~ 64
  54          //                ucLength -> number of row to be changed
  55          // Output Value :
  56          //--------------------------------------------------
  57          void ScalerOsdRowHeight(BYTE ucRow, BYTE ucHeight, BYTE ucLength)
  58          {
  59   1          BYTE ucIdx = 0;
  60   1      
  61   1          if(ucHeight > 64)
  62   1          {
  63   2              ucHeight = 64;
  64   2          }
  65   1      
  66   1          ucHeight--;
  67   1      
  68   1          if(ScalerGetBit(P3A_18_FRAME_CTRL_18, _BIT3) == _BIT3) // OSD 2 font function
  69   1          {
  70   2              if(ucRow >= _OSD_MAP_B_ROW_OFFSET)
  71   2              {
  72   3                  ScalerOsdSramAddressSet((ScalerGetByte(P3A_1A_FRAME_CTRL_1A) + (ucRow - _OSD_MAP_B_ROW_OFFSET)
             -), _OSD_BYTE1);
  73   3              }
  74   2              else
  75   2              {
  76   3                  ScalerOsdSramAddressSet((ScalerGetByte(P3A_19_FRAME_CTRL_19) + ucRow), _OSD_BYTE1);
  77   3              }
  78   2          }
  79   1          else
  80   1          {
  81   2              ScalerOsdSramAddressSet((0 + ucRow), _OSD_BYTE1);
  82   2          }
  83   1      
  84   1          for(ucIdx = 0; ucIdx < ucLength; ucIdx++)
  85   1          {
  86   2              ScalerOsdDataPort(ucHeight);
  87   2          }
  88   1      }
  89          
  90          /*
  91          //--------------------------------------------------
  92          // example
  93          //--------------------------------------------------
  94              ScalerOsdRowHeight(ROW_MAPA(0), HEIGHT(31), LENGTH(3));
  95          */
  96          


MODULE INFORMATION:   STATIC OVERLAYABLE
   CODE SIZE        =    141    ----
   CONSTANT SIZE    =   ----    ----
   XDATA SIZE       =   ----       4
   PDATA SIZE       =   ----    ----
   DATA SIZE        =   ----    ----
   IDATA SIZE       =   ----    ----
   BIT SIZE         =   ----    ----
END OF MODULE INFORMATION.


C51 COMPILATION COMPLETE.  0 WARNING(S),  0 ERROR(S)
