C51 COMPILER V8.12   OSDROUNDEDWINDOWONOFF                                                 05/25/2022 15:41:19 PAGE 1   


C51 COMPILER V8.12, COMPILATION OF MODULE OSDROUNDEDWINDOWONOFF
OBJECT MODULE PLACED IN .\Output\OsdRoundedWindowOnOff.obj
COMPILER INVOKED BY: C:\Keil\C51\BIN\C51.EXE ..\..\ScalerFunction\Lib\Code\ScalerOSD\Windows\OsdRoundedWindowOnOff.c LAR
                    -GE OPTIMIZE(9,SPEED) INCDIR(..\..\..\Common;..\Header;.\Header;..\..\ScalerFunction\Lib\Header;..\..\ScalerFunction\Head
                    -er;..\..\ScalerCommonFunction\Lib\Header;..\..\ScalerCommonFunction\Header;..\..\RL6432_Series_Common\Lib\Header;..\..\R
                    -L6432_Series_Common\Header) DEFINE(_TRANSLATOR_SUPPORT=_OFF,_SCALER_TYPE=_RL6432_SERIES) DEBUG OBJECTEXTEND PRINT(.\Outp
                    -ut\OsdRoundedWindowOnOff.lst) OBJECT(.\Output\OsdRoundedWindowOnOff.obj)

line level    source

   1          /********************************************************************************/
   2          /*   The  Software  is  proprietary,  confidential,  and  valuable to Realtek   */
   3          /*   Semiconductor  Corporation  ("Realtek").  All  rights, including but not   */
   4          /*   limited  to  copyrights,  patents,  trademarks, trade secrets, mask work   */
   5          /*   rights, and other similar rights and interests, are reserved to Realtek.   */
   6          /*   Without  prior  written  consent  from  Realtek,  copying, reproduction,   */
   7          /*   modification,  distribution,  or  otherwise  is strictly prohibited. The   */
   8          /*   Software  shall  be  kept  strictly  in  confidence,  and  shall  not be   */
   9          /*   disclosed to or otherwise accessed by any third party.                     */
  10          /*   c<2003> - <2012>                                                           */
  11          /*   The Software is provided "AS IS" without any warranty of any kind,         */
  12          /*   express, implied, statutory or otherwise.                                  */
  13          /********************************************************************************/
  14          //----------------------------------------------------------------------------------------------------
  15          // ID Code      : OsdRoundedWindowOnOff.c
  16          // Update Note  :
  17          //----------------------------------------------------------------------------------------------------
  18          #include "ScalerOSDLibInternalInclude.h"
  19          
  20          //****************************************************************************
  21          // DEFINITIONS / MACROS
  22          //****************************************************************************
  23          
  24          
  25          //****************************************************************************
  26          // STRUCT / TYPE / ENUM DEFINITTIONS
  27          //****************************************************************************
  28          
  29          
  30          //****************************************************************************
  31          // CODE TABLES
  32          //****************************************************************************
  33          
  34          
  35          //****************************************************************************
  36          // VARIABLE DECLARATIONS
  37          //****************************************************************************
  38          
  39          //****************************************************************************
  40          // FUNCTION DECLARATIONS
  41          //****************************************************************************
  42          void ScalerOsdRoundedWindowOnOff(EnumOsdWindowsType enumOsdWindowsType, bit bOnOff, bit bUpperLeft, bit bL
             -owerLeft, bit bUpperRight, bit bLowerRight);
  43          
  44          //****************************************************************************
  45          // FUNCTION DEFINITIONS
  46          //****************************************************************************
  47          //--------------------------------------------------
  48          // Description  : Set Window Rounded On/Off
  49          // Input Value  : enumOsdWindowsType -> _OSD_WINDOW_0 or _OSD_WINDOW_5 or _OSD_WINDOW_4_1 ~ _OSD_WINDOW_4_
             -8 or _OSD_WINDOW_5_1 ~ _OSD_WINDOW_5_8
C51 COMPILER V8.12   OSDROUNDEDWINDOWONOFF                                                 05/25/2022 15:41:19 PAGE 2   

  50          //                bOnOff             -> _ENABLE or _DISABLE
  51          //                bUpperLeft         -> _ENABLE or _DISABLE
  52          //                bLowerLeft         -> _ENABLE or _DISABLE
  53          //                bUpperRight        -> _ENABLE or _DISABLE
  54          //                bLowerRight        -> _ENABLE or _DISABLE
  55          // Output Value :
  56          //--------------------------------------------------
  57          void ScalerOsdRoundedWindowOnOff(EnumOsdWindowsType enumOsdWindowsType, bit bOnOff, bit bUpperLeft, bit bL
             -owerLeft, bit bUpperRight, bit bLowerRight)
  58          {
  59   1          BYTE ucTemp = 0;
  60   1      
  61   1          if(enumOsdWindowsType == _OSD_WINDOW_0)
  62   1          {
  63   2              // Get Rouned Window Info
  64   2              ucTemp = ScalerOsdFrameControlByteGet((_P0_92_PT_178_WIN0_ADR10_LSB >> 4), _OSD_BYTE0);
  65   2      
  66   2              // Set Rounded Window on/off
  67   2              ucTemp = ((ucTemp & ~(_BIT6 | _BIT5 | _BIT4 | _BIT3 | _BIT0)) | (((BYTE)bUpperLeft << 6) | ((BYTE)
             -bLowerLeft << 5) | ((BYTE)bUpperRight << 4) | ((BYTE)bLowerRight << 3) | (BYTE)bOnOff));
  68   2              ScalerOsdWriteByte((_OSD_WIN_CONTROL | _OSD_BYTE0), _OSD_WITHOUT_DB, (_P0_92_PT_178_WIN0_ADR10_LSB
             - >> 4), ucTemp);
  69   2          }
  70   1          else if(enumOsdWindowsType == _OSD_WINDOW_5)
  71   1          {
  72   2              // Get Rouned Window Info
  73   2              ucTemp = ScalerOsdFrameControlByteGet((_P0_92_PT_19B_WIN5_ADR10_LSB >> 4), _OSD_BYTE0);
  74   2      
  75   2              // Set Rounded Window on/off
  76   2              ucTemp = ((ucTemp & ~(_BIT6 | _BIT5 | _BIT4 | _BIT3 | _BIT0)) | (((BYTE)bUpperLeft << 6) | ((BYTE)
             -bLowerLeft << 5) | ((BYTE)bUpperRight << 4) | ((BYTE)bLowerRight << 3) | (BYTE)bOnOff));
  77   2              ScalerOsdWriteByte((_OSD_WIN_CONTROL | _OSD_BYTE0), _OSD_WITHOUT_DB, (_P0_92_PT_19B_WIN5_ADR10_LSB
             - >> 4), ucTemp);
  78   2          }
  79   1          else if((enumOsdWindowsType >= _OSD_WINDOW_4_1) && (enumOsdWindowsType <= _OSD_WINDOW_4_8))
  80   1          {
  81   2              // Get Rouned Window Info
  82   2              ucTemp = ScalerOsdFrameControlByteGet(((_P0_92_PT_1BE_WIN4_1_ADR10_LSB >> 4) + ((enumOsdWindowsTyp
             -e - _OSD_WINDOW_4_1) * 7)), _OSD_BYTE0);
  83   2      
  84   2              // Set Rounded Window on/off
  85   2              ucTemp = ((ucTemp & ~(_BIT6 | _BIT5 | _BIT4 | _BIT3 | _BIT0)) | (((BYTE)bUpperLeft << 6) | ((BYTE)
             -bLowerLeft << 5) | ((BYTE)bUpperRight << 4) | ((BYTE)bLowerRight << 3) | (BYTE)bOnOff));
  86   2              ScalerOsdWriteByte((_OSD_WIN_CONTROL | _OSD_BYTE0), _OSD_WITHOUT_DB, ((_P0_92_PT_1BE_WIN4_1_ADR10_
             -LSB >> 4) + ((enumOsdWindowsType - _OSD_WINDOW_4_1) * 7)), ucTemp);
  87   2          }
  88   1      #if(_OSD_WINDOW_5_1_5_8_SUPPORT == _ON)
  89   1          else if((enumOsdWindowsType >= _OSD_WINDOW_5_1) && (enumOsdWindowsType <= _OSD_WINDOW_5_8))
  90   1          {
  91   2              // Get Rouned Window Info
  92   2              ucTemp = ScalerOsdFrameControlByteGet(((_P0_92_PT_2A6_WIN5_1_ADR10_LSB >> 4) + ((enumOsdWindowsTyp
             -e - _OSD_WINDOW_5_1) * 10)), _OSD_BYTE0);
  93   2      
  94   2              // Set Rounded Window on/off
  95   2              ucTemp = ((ucTemp & ~(_BIT6 | _BIT5 | _BIT4 | _BIT3 | _BIT0)) | (((BYTE)bUpperLeft << 6) | ((BYTE)
             -bLowerLeft << 5) | ((BYTE)bUpperRight << 4) | ((BYTE)bLowerRight << 3) | (BYTE)bOnOff));
  96   2              ScalerOsdWriteByte((_OSD_WIN_CONTROL | _OSD_BYTE0), _OSD_WITHOUT_DB, ((_P0_92_PT_2A6_WIN5_1_ADR10_
             -LSB >> 4) + ((enumOsdWindowsType - _OSD_WINDOW_5_1) * 10)), ucTemp);
  97   2          }
  98   1      #endif
  99   1      }
 100          
C51 COMPILER V8.12   OSDROUNDEDWINDOWONOFF                                                 05/25/2022 15:41:19 PAGE 3   



MODULE INFORMATION:   STATIC OVERLAYABLE
   CODE SIZE        =    295    ----
   CONSTANT SIZE    =   ----    ----
   XDATA SIZE       =   ----       2
   PDATA SIZE       =   ----    ----
   DATA SIZE        =   ----    ----
   IDATA SIZE       =   ----    ----
   BIT SIZE         =   ----       5
END OF MODULE INFORMATION.


C51 COMPILATION COMPLETE.  0 WARNING(S),  0 ERROR(S)
