C51 COMPILER V8.12   OSDREFERENCEDELAY                                                     05/25/2022 15:41:10 PAGE 1   


C51 COMPILER V8.12, COMPILATION OF MODULE OSDREFERENCEDELAY
OBJECT MODULE PLACED IN .\Output\OsdReferenceDelay.obj
COMPILER INVOKED BY: C:\Keil\C51\BIN\C51.EXE ..\..\ScalerFunction\Lib\Code\ScalerOSD\Function\OsdReferenceDelay.c LARGE 
                    -OPTIMIZE(9,SPEED) INCDIR(..\..\..\Common;..\Header;.\Header;..\..\ScalerFunction\Lib\Header;..\..\ScalerFunction\Header;
                    -..\..\ScalerCommonFunction\Lib\Header;..\..\ScalerCommonFunction\Header;..\..\RL6432_Series_Common\Lib\Header;..\..\RL64
                    -32_Series_Common\Header) DEFINE(_TRANSLATOR_SUPPORT=_OFF,_SCALER_TYPE=_RL6432_SERIES) DEBUG OBJECTEXTEND PRINT(.\Output\
                    -OsdReferenceDelay.lst) OBJECT(.\Output\OsdReferenceDelay.obj)

line level    source

   1          /********************************************************************************/
   2          /*   The  Software  is  proprietary,  confidential,  and  valuable to Realtek   */
   3          /*   Semiconductor  Corporation  ("Realtek").  All  rights, including but not   */
   4          /*   limited  to  copyrights,  patents,  trademarks, trade secrets, mask work   */
   5          /*   rights, and other similar rights and interests, are reserved to Realtek.   */
   6          /*   Without  prior  written  consent  from  Realtek,  copying, reproduction,   */
   7          /*   modification,  distribution,  or  otherwise  is strictly prohibited. The   */
   8          /*   Software  shall  be  kept  strictly  in  confidence,  and  shall  not be   */
   9          /*   disclosed to or otherwise accessed by any third party.                     */
  10          /*   c<2003> - <2012>                                                           */
  11          /*   The Software is provided "AS IS" without any warranty of any kind,         */
  12          /*   express, implied, statutory or otherwise.                                  */
  13          /********************************************************************************/
  14          
  15          //----------------------------------------------------------------------------------------------------
  16          // ID Code      : OsdReferenceDelay.c
  17          // Update Note  :
  18          //----------------------------------------------------------------------------------------------------
  19          #include "ScalerOSDLibInternalInclude.h"
  20          
  21          //****************************************************************************
  22          // DEFINITIONS / MACROS
  23          //****************************************************************************
  24          
  25          
  26          //****************************************************************************
  27          // STRUCT / TYPE / ENUM DEFINITTIONS
  28          //****************************************************************************
  29          
  30          
  31          //****************************************************************************
  32          // CODE TABLES
  33          //****************************************************************************
  34          
  35          
  36          //****************************************************************************
  37          // VARIABLE DECLARATIONS
  38          //****************************************************************************
  39          
  40          
  41          //****************************************************************************
  42          // FUNCTION DECLARATIONS
  43          //****************************************************************************
  44          void ScalerOsdReferenceDelay(EnumOsdMapType enumOsdMapType, EnumOsdReferenceType enumOsdReferenceType);
  45          
  46          
  47          //****************************************************************************
  48          // FUNCTION DEFINITIONS
  49          //****************************************************************************
  50          //--------------------------------------------------
  51          // Description  : Set osd delay reference to which osd
C51 COMPILER V8.12   OSDREFERENCEDELAY                                                     05/25/2022 15:41:10 PAGE 2   

  52          // Input Value  : enumOsdMapType       -> _OSD_A or _OSD_B
  53          //                enumOsdReferenceType -> _OSD_FIRST_DELAY or _OSD_SECOND_DELAY
  54          // Output Value :
  55          //--------------------------------------------------
  56          void ScalerOsdReferenceDelay(EnumOsdMapType enumOsdMapType, EnumOsdReferenceType enumOsdReferenceType)
  57          {
  58   1          if(enumOsdMapType == _OSD_A)
  59   1          {
  60   2              ScalerSetBit(P3A_18_FRAME_CTRL_18, ~_BIT2, (enumOsdReferenceType << 2));
  61   2          }
  62   1          else
  63   1          {
  64   2              ScalerSetBit(P3A_18_FRAME_CTRL_18, ~_BIT1, (enumOsdReferenceType << 1));
  65   2          }
  66   1      }
  67          
  68          
  69          /*
  70          //--------------------------------------------------
  71          // example
  72          //--------------------------------------------------
  73              ScalerOsdReferenceDelay(_OSD_B, _OSD_SECOND_DELAY);
  74          */
  75          
  76          
  77          


MODULE INFORMATION:   STATIC OVERLAYABLE
   CODE SIZE        =     33    ----
   CONSTANT SIZE    =   ----    ----
   XDATA SIZE       =   ----    ----
   PDATA SIZE       =   ----    ----
   DATA SIZE        =   ----    ----
   IDATA SIZE       =   ----    ----
   BIT SIZE         =   ----    ----
END OF MODULE INFORMATION.


C51 COMPILATION COMPLETE.  0 WARNING(S),  0 ERROR(S)
