C51 COMPILER V8.12   OSDVERTICALSTARTSELECT                                                05/25/2022 15:41:11 PAGE 1   


C51 COMPILER V8.12, COMPILATION OF MODULE OSDVERTICALSTARTSELECT
OBJECT MODULE PLACED IN .\Output\OsdVerticalStartSelect.obj
COMPILER INVOKED BY: C:\Keil\C51\BIN\C51.EXE ..\..\ScalerFunction\Lib\Code\ScalerOSD\Function\OsdVerticalStartSelect.c L
                    -ARGE OPTIMIZE(9,SPEED) INCDIR(..\..\..\Common;..\Header;.\Header;..\..\ScalerFunction\Lib\Header;..\..\ScalerFunction\He
                    -ader;..\..\ScalerCommonFunction\Lib\Header;..\..\ScalerCommonFunction\Header;..\..\RL6432_Series_Common\Lib\Header;..\..
                    -\RL6432_Series_Common\Header) DEFINE(_TRANSLATOR_SUPPORT=_OFF,_SCALER_TYPE=_RL6432_SERIES) DEBUG OBJECTEXTEND PRINT(.\Ou
                    -tput\OsdVerticalStartSelect.lst) OBJECT(.\Output\OsdVerticalStartSelect.obj)

line level    source

   1          /********************************************************************************/
   2          /*   The  Software  is  proprietary,  confidential,  and  valuable to Realtek   */
   3          /*   Semiconductor  Corporation  ("Realtek").  All  rights, including but not   */
   4          /*   limited  to  copyrights,  patents,  trademarks, trade secrets, mask work   */
   5          /*   rights, and other similar rights and interests, are reserved to Realtek.   */
   6          /*   Without  prior  written  consent  from  Realtek,  copying, reproduction,   */
   7          /*   modification,  distribution,  or  otherwise  is strictly prohibited. The   */
   8          /*   Software  shall  be  kept  strictly  in  confidence,  and  shall  not be   */
   9          /*   disclosed to or otherwise accessed by any third party.                     */
  10          /*   c<2003> - <2012>                                                           */
  11          /*   The Software is provided "AS IS" without any warranty of any kind,         */
  12          /*   express, implied, statutory or otherwise.                                  */
  13          /********************************************************************************/
  14          
  15          //----------------------------------------------------------------------------------------------------
  16          // ID Code      : OsdVerticalStartSelect.c
  17          // Update Note  :
  18          //----------------------------------------------------------------------------------------------------
  19          #include "ScalerOSDLibInternalInclude.h"
  20          
  21          //****************************************************************************
  22          // DEFINITIONS / MACROS
  23          //****************************************************************************
  24          
  25          
  26          //****************************************************************************
  27          // STRUCT / TYPE / ENUM DEFINITTIONS
  28          //****************************************************************************
  29          
  30          
  31          //****************************************************************************
  32          // CODE TABLES
  33          //****************************************************************************
  34          
  35          
  36          //****************************************************************************
  37          // VARIABLE DECLARATIONS
  38          //****************************************************************************
  39          
  40          
  41          //****************************************************************************
  42          // FUNCTION DECLARATIONS
  43          //****************************************************************************
  44          void ScalerOsdVerticalStartSelect(EnumOsdVsyncSelectType enumOsdVsyncSelectType);
  45          
  46          
  47          //****************************************************************************
  48          // FUNCTION DEFINITIONS
  49          //****************************************************************************
  50          //--------------------------------------------------
  51          // Description  : Set Osd vertical start input signal source select
C51 COMPILER V8.12   OSDVERTICALSTARTSELECT                                                05/25/2022 15:41:11 PAGE 2   

  52          // Input Value  : enumOsdVsyncSelectType ->  _OSD_VSYNC_SELECT_DVS or _OSD_VSYNC_SELECT_ENA
  53          // Output Value :
  54          //--------------------------------------------------
  55          void ScalerOsdVerticalStartSelect(EnumOsdVsyncSelectType enumOsdVsyncSelectType)
  56          {
  57   1          ScalerSetBit(P3A_09_FRAME_CTRL_09, ~_BIT4, (enumOsdVsyncSelectType << 4));
  58   1      }
  59          
  60          
  61          /*
  62          //--------------------------------------------------
  63          // example
  64          //--------------------------------------------------
  65              ScalerOsdVerticalStartSelect(_OSD_VSYNC_SELECT_ENA);
  66          */


MODULE INFORMATION:   STATIC OVERLAYABLE
   CODE SIZE        =     14    ----
   CONSTANT SIZE    =   ----    ----
   XDATA SIZE       =   ----    ----
   PDATA SIZE       =   ----    ----
   DATA SIZE        =   ----    ----
   IDATA SIZE       =   ----    ----
   BIT SIZE         =   ----    ----
END OF MODULE INFORMATION.


C51 COMPILATION COMPLETE.  0 WARNING(S),  0 ERROR(S)
