C51 COMPILER V8.12   OSDWINDOWSATURATEDCOLORSELECT                                         05/25/2022 15:41:22 PAGE 1   


C51 COMPILER V8.12, COMPILATION OF MODULE OSDWINDOWSATURATEDCOLORSELECT
OBJECT MODULE PLACED IN .\Output\OsdWindowSaturatedColorSelect.obj
COMPILER INVOKED BY: C:\Keil\C51\BIN\C51.EXE ..\..\ScalerFunction\Lib\Code\ScalerOSD\Windows\OsdWindowSaturatedColorSele
                    -ct.c LARGE OPTIMIZE(9,SPEED) INCDIR(..\..\..\Common;..\Header;.\Header;..\..\ScalerFunction\Lib\Header;..\..\ScalerFunct
                    -ion\Header;..\..\ScalerCommonFunction\Lib\Header;..\..\ScalerCommonFunction\Header;..\..\RL6432_Series_Common\Lib\Header
                    -;..\..\RL6432_Series_Common\Header) DEFINE(_TRANSLATOR_SUPPORT=_OFF,_SCALER_TYPE=_RL6432_SERIES) DEBUG OBJECTEXTEND PRIN
                    -T(.\Output\OsdWindowSaturatedColorSelect.lst) OBJECT(.\Output\OsdWindowSaturatedColorSelect.obj)

line level    source

   1          /********************************************************************************/
   2          /*   The  Software  is  proprietary,  confidential,  and  valuable to Realtek   */
   3          /*   Semiconductor  Corporation  ("Realtek").  All  rights, including but not   */
   4          /*   limited  to  copyrights,  patents,  trademarks, trade secrets, mask work   */
   5          /*   rights, and other similar rights and interests, are reserved to Realtek.   */
   6          /*   Without  prior  written  consent  from  Realtek,  copying, reproduction,   */
   7          /*   modification,  distribution,  or  otherwise  is strictly prohibited. The   */
   8          /*   Software  shall  be  kept  strictly  in  confidence,  and  shall  not be   */
   9          /*   disclosed to or otherwise accessed by any third party.                     */
  10          /*   c<2003> - <2012>                                                           */
  11          /*   The Software is provided "AS IS" without any warranty of any kind,         */
  12          /*   express, implied, statutory or otherwise.                                  */
  13          /********************************************************************************/
  14          
  15          //----------------------------------------------------------------------------------------------------
  16          // ID Code      : OsdWindowSaturatedColorSelect.c
  17          // Update Note  :
  18          //----------------------------------------------------------------------------------------------------
  19          #include "ScalerOSDLibInternalInclude.h"
  20          
  21          //****************************************************************************
  22          // DEFINITIONS / MACROS
  23          //****************************************************************************
  24          
  25          
  26          //****************************************************************************
  27          // STRUCT / TYPE / ENUM DEFINITTIONS
  28          //****************************************************************************
  29          
  30          
  31          //****************************************************************************
  32          // CODE TABLES
  33          //****************************************************************************
  34          
  35          
  36          //****************************************************************************
  37          // VARIABLE DECLARATIONS
  38          //****************************************************************************
  39          
  40          
  41          //****************************************************************************
  42          // FUNCTION DECLARATIONS
  43          //****************************************************************************
  44          void ScalerOsdWindowSaturatedColorSelect(EnumOsdWindowsType enumOsdWindowsType, BYTE ucColorR, BYTE ucColo
             -rG, BYTE ucColorB);
  45          
  46          
  47          //****************************************************************************
  48          // FUNCTION DEFINITIONS
  49          //****************************************************************************
  50          //--------------------------------------------------
C51 COMPILER V8.12   OSDWINDOWSATURATEDCOLORSELECT                                         05/25/2022 15:41:22 PAGE 2   

  51          // Description  : Set window gradient saturated color
  52          // Input Value  : enumOsdWindowsType -> _OSD_WINDOW_0, _OSD_WINDOW_5, _OSD_WINDOW_6, _OSD_WINDOW_7, _OSD_W
             -INDOW_8, _OSD_WINDOW_9
  53          //                bversedGradient    -> _ENABLE or _DISABLE
  54          //                ucColorR           -> window RED saturated color (0 ~ 255)
  55          //                ucColorG           -> window GRN saturated color (0 ~ 255)
  56          //                ucColorB           -> window BLU saturated color (0 ~ 255)
  57          // Output Value :
  58          //--------------------------------------------------
  59          void ScalerOsdWindowSaturatedColorSelect(EnumOsdWindowsType enumOsdWindowsType, BYTE ucColorR, BYTE ucColo
             -rG, BYTE ucColorB)
  60          {
  61   1          WORD usTempWindowNumber = 0;
  62   1      
  63   1          usTempWindowNumber = 0x150 + (enumOsdWindowsType * 2);
  64   1          ScalerOsdWriteAllByte((_OSD_WIN_CONTROL), usTempWindowNumber, ucColorR, ucColorG, ucColorB);
  65   1      }
  66          
  67          
  68          /*
  69          //--------------------------------------------------
  70          // example
  71          //--------------------------------------------------
  72              SET_OSD_WINDOW_GRADIENT_ENABLE_R(_ENABLE);
  73              SET_OSD_WINDOW_GRADIENT_SATURATED_COLOR_MODE(_ENABLE);
  74              SET_OSD_WINDOW_GRADIENT_REVERSED_COLOR_MODE(_DISABLE);
  75              SET_OSD_WINDOW_GRADIENT_ENABLE(_ENABLE);
  76              SET_OSD_WINDOW_NUMBER(5);
  77              SET_OSD_WINDOW_COLOR(4);
  78              SET_OSD_WINDOW_ENABLE(_ENABLE);
  79              ScalerOsdDrawWindow(XSTART(100), YSTART(200), XEND(300), YEND(400));
  80              ScalerOsdWindowSaturatedColorSelect(_OSD_WINDOW_5, 242, 242, 242);
  81          */


MODULE INFORMATION:   STATIC OVERLAYABLE
   CODE SIZE        =     36    ----
   CONSTANT SIZE    =   ----    ----
   XDATA SIZE       =   ----       4
   PDATA SIZE       =   ----    ----
   DATA SIZE        =   ----    ----
   IDATA SIZE       =   ----    ----
   BIT SIZE         =   ----    ----
END OF MODULE INFORMATION.


C51 COMPILATION COMPLETE.  0 WARNING(S),  0 ERROR(S)
