C51 COMPILER V8.12   OSDWINDOW6SPECIALFUNCTION                                             05/25/2022 15:41:20 PAGE 1   


C51 COMPILER V8.12, COMPILATION OF MODULE OSDWINDOW6SPECIALFUNCTION
OBJECT MODULE PLACED IN .\Output\OsdWindow6SpecialFunction.obj
COMPILER INVOKED BY: C:\Keil\C51\BIN\C51.EXE ..\..\ScalerFunction\Lib\Code\ScalerOSD\Windows\OsdWindow6SpecialFunction.c
                    - LARGE OPTIMIZE(9,SPEED) INCDIR(..\..\..\Common;..\Header;.\Header;..\..\ScalerFunction\Lib\Header;..\..\ScalerFunction\
                    -Header;..\..\ScalerCommonFunction\Lib\Header;..\..\ScalerCommonFunction\Header;..\..\RL6432_Series_Common\Lib\Header;..\
                    -..\RL6432_Series_Common\Header) DEFINE(_TRANSLATOR_SUPPORT=_OFF,_SCALER_TYPE=_RL6432_SERIES) DEBUG OBJECTEXTEND PRINT(.\
                    -Output\OsdWindow6SpecialFunction.lst) OBJECT(.\Output\OsdWindow6SpecialFunction.obj)

line level    source

   1          /********************************************************************************/
   2          /*   The  Software  is  proprietary,  confidential,  and  valuable to Realtek   */
   3          /*   Semiconductor  Corporation  ("Realtek").  All  rights, including but not   */
   4          /*   limited  to  copyrights,  patents,  trademarks, trade secrets, mask work   */
   5          /*   rights, and other similar rights and interests, are reserved to Realtek.   */
   6          /*   Without  prior  written  consent  from  Realtek,  copying, reproduction,   */
   7          /*   modification,  distribution,  or  otherwise  is strictly prohibited. The   */
   8          /*   Software  shall  be  kept  strictly  in  confidence,  and  shall  not be   */
   9          /*   disclosed to or otherwise accessed by any third party.                     */
  10          /*   c<2003> - <2012>                                                           */
  11          /*   The Software is provided "AS IS" without any warranty of any kind,         */
  12          /*   express, implied, statutory or otherwise.                                  */
  13          /********************************************************************************/
  14          
  15          //----------------------------------------------------------------------------------------------------
  16          // ID Code      : OsdWindow6SpecialFunction.c
  17          // Update Note  :
  18          //----------------------------------------------------------------------------------------------------
  19          #include "ScalerOSDLibInternalInclude.h"
  20          
  21          //****************************************************************************
  22          // DEFINITIONS / MACROS
  23          //****************************************************************************
  24          
  25          
  26          //****************************************************************************
  27          // STRUCT / TYPE / ENUM DEFINITTIONS
  28          //****************************************************************************
  29          
  30          
  31          //****************************************************************************
  32          // CODE TABLES
  33          //****************************************************************************
  34          
  35          
  36          //****************************************************************************
  37          // VARIABLE DECLARATIONS
  38          //****************************************************************************
  39          
  40          
  41          //****************************************************************************
  42          // FUNCTION DECLARATIONS
  43          //****************************************************************************
  44          void ScalerOsdWindow6SpecialFunction(EnumOsdWindow6FunctionType enumOsdWindow6FunctionType);
  45          
  46          
  47          //****************************************************************************
  48          // FUNCTION DEFINITIONS
  49          //****************************************************************************
  50          //--------------------------------------------------
  51          // Description  : Set window 6 Special function
C51 COMPILER V8.12   OSDWINDOW6SPECIALFUNCTION                                             05/25/2022 15:41:20 PAGE 2   

  52          // Input Value  : enumOsdWindow6FunctionType   -> _OSD_WINDOW_6_FUNCTION_DISABLE                    or _OS
             -D_WINDOW_6_FUNCTION_NO_BLENDING_BOTH                  or
  53          //                                                _OSD_WINDOW_6_FUNCTION_NO_BLENDING_FOREGROUND     or _OS
             -D_WINDOW_6_FUNCTION_NO_BLENDING_BACKGROUND            or
  54          //                                                _OSD_WINDOW_6_FUNCTION_BLENDING_BOTH
  55          // Output Value :
  56          //--------------------------------------------------
  57          void ScalerOsdWindow6SpecialFunction(EnumOsdWindow6FunctionType enumOsdWindow6FunctionType)
  58          {
  59   1          if(enumOsdWindow6FunctionType != _OSD_WINDOW_6_FUNCTION_DISABLE)
  60   1          {
  61   2              ScalerSetBit(P3A_21_FRAME_CTRL_21, ~(_BIT6 | _BIT3 | _BIT2), (_BIT6 | ((enumOsdWindow6FunctionType
             - - _OSD_WINDOW_6_FUNCTION_NO_BLENDING_BOTH) << 2)));
  62   2          }
  63   1          else
  64   1          {
  65   2              ScalerSetBit(P3A_21_FRAME_CTRL_21, ~(_BIT6 | _BIT3 | _BIT2), 0x00);
  66   2          }
  67   1      }
  68          
  69          
  70          /*
  71          //--------------------------------------------------
  72          // example
  73          //--------------------------------------------------
  74              ScalerOsdWindow6SpecialFunction(_OSD_WINDOW_6_FUNCTION_NO_BLENDING_FOREGROUND);
  75          */


MODULE INFORMATION:   STATIC OVERLAYABLE
   CODE SIZE        =     28    ----
   CONSTANT SIZE    =   ----    ----
   XDATA SIZE       =   ----    ----
   PDATA SIZE       =   ----    ----
   DATA SIZE        =   ----    ----
   IDATA SIZE       =   ----    ----
   BIT SIZE         =   ----    ----
END OF MODULE INFORMATION.


C51 COMPILATION COMPLETE.  0 WARNING(S),  0 ERROR(S)
