C51 COMPILER V8.12   OSDWRITEALLBYTE                                                       05/25/2022 15:41:08 PAGE 1   


C51 COMPILER V8.12, COMPILATION OF MODULE OSDWRITEALLBYTE
OBJECT MODULE PLACED IN .\Output\OsdWriteAllByte.obj
COMPILER INVOKED BY: C:\Keil\C51\BIN\C51.EXE ..\..\ScalerFunction\Lib\Code\ScalerOSD\Command\OsdWriteAllByte.c LARGE OPT
                    -IMIZE(9,SPEED) INCDIR(..\..\..\Common;..\Header;.\Header;..\..\ScalerFunction\Lib\Header;..\..\ScalerFunction\Header;..\
                    -..\ScalerCommonFunction\Lib\Header;..\..\ScalerCommonFunction\Header;..\..\RL6432_Series_Common\Lib\Header;..\..\RL6432_
                    -Series_Common\Header) DEFINE(_TRANSLATOR_SUPPORT=_OFF,_SCALER_TYPE=_RL6432_SERIES) DEBUG OBJECTEXTEND PRINT(.\Output\Osd
                    -WriteAllByte.lst) OBJECT(.\Output\OsdWriteAllByte.obj)

line level    source

   1          /********************************************************************************/
   2          /*   The  Software  is  proprietary,  confidential,  and  valuable to Realtek   */
   3          /*   Semiconductor  Corporation  ("Realtek").  All  rights, including but not   */
   4          /*   limited  to  copyrights,  patents,  trademarks, trade secrets, mask work   */
   5          /*   rights, and other similar rights and interests, are reserved to Realtek.   */
   6          /*   Without  prior  written  consent  from  Realtek,  copying, reproduction,   */
   7          /*   modification,  distribution,  or  otherwise  is strictly prohibited. The   */
   8          /*   Software  shall  be  kept  strictly  in  confidence,  and  shall  not be   */
   9          /*   disclosed to or otherwise accessed by any third party.                     */
  10          /*   c<2003> - <2012>                                                           */
  11          /*   The Software is provided "AS IS" without any warranty of any kind,         */
  12          /*   express, implied, statutory or otherwise.                                  */
  13          /********************************************************************************/
  14          
  15          //----------------------------------------------------------------------------------------------------
  16          // ID Code      : OsdWriteAllByte.c
  17          // Update Note  :
  18          //----------------------------------------------------------------------------------------------------
  19          #include "ScalerOSDLibInternalInclude.h"
  20          
  21          //****************************************************************************
  22          // DEFINITIONS / MACROS
  23          //****************************************************************************
  24          
  25          
  26          //****************************************************************************
  27          // STRUCT / TYPE / ENUM DEFINITTIONS
  28          //****************************************************************************
  29          
  30          
  31          //****************************************************************************
  32          // CODE TABLES
  33          //****************************************************************************
  34          
  35          
  36          //****************************************************************************
  37          // VARIABLE DECLARATIONS
  38          //****************************************************************************
  39          
  40          
  41          //****************************************************************************
  42          // FUNCTION DECLARATIONS
  43          //****************************************************************************
  44          void ScalerOsdWriteAllByte(BYTE ucIndicateAndDbuf, WORD usAddr, BYTE ucByte0, BYTE ucByte1, BYTE ucByte2);
  45          
  46          
  47          //****************************************************************************
  48          // FUNCTION DEFINITIONS
  49          //****************************************************************************
  50          //--------------------------------------------------
  51          // Description  : Set OSD Write All Byte
C51 COMPILER V8.12   OSDWRITEALLBYTE                                                       05/25/2022 15:41:08 PAGE 2   

  52          // Input Value  : ucIndicateAndDbuf -> CM_90_OSD_ADDR_MSB Hight Byte
  53          //                usAddr            -> SRAM address
  54          //                ucByte0           -> Byte0 Data
  55          //                ucByte1           -> Byte1 Data
  56          //                ucByte2           -> Byte2 Data
  57          // Output Value :
  58          //--------------------------------------------------
  59          void ScalerOsdWriteAllByte(BYTE ucIndicateAndDbuf, WORD usAddr, BYTE ucByte0, BYTE ucByte1, BYTE ucByte2)
  60          {
  61   1          ScalerOsdWriteByte((ucIndicateAndDbuf | _OSD_BYTEALL), _OSD_WITHOUT_DB, usAddr, ucByte0);
  62   1          ScalerSetByte(P0_92_OSD_DATA_PORT, ucByte1);
  63   1          ScalerSetByte(P0_92_OSD_DATA_PORT, ucByte2);
  64   1      }


MODULE INFORMATION:   STATIC OVERLAYABLE
   CODE SIZE        =     37    ----
   CONSTANT SIZE    =   ----    ----
   XDATA SIZE       =   ----       6
   PDATA SIZE       =   ----    ----
   DATA SIZE        =   ----    ----
   IDATA SIZE       =   ----    ----
   BIT SIZE         =   ----    ----
END OF MODULE INFORMATION.


C51 COMPILATION COMPLETE.  0 WARNING(S),  0 ERROR(S)
