C51 COMPILER V8.12   RL6432_SERIES_COLORPCM                                                05/25/2022 15:41:30 PAGE 1   


C51 COMPILER V8.12, COMPILATION OF MODULE RL6432_SERIES_COLORPCM
OBJECT MODULE PLACED IN .\Output\RL6432_Series_ColorPCM.obj
COMPILER INVOKED BY: C:\Keil\C51\BIN\C51.EXE Code\RL6432_Series_Color\RL6432_Series_ColorPCM.c LARGE OPTIMIZE(9,SPEED) I
                    -NCDIR(..\..\..\Common;..\Header;.\Header;..\..\ScalerFunction\Lib\Header;..\..\ScalerFunction\Header;..\..\ScalerCommonF
                    -unction\Lib\Header;..\..\ScalerCommonFunction\Header;..\..\RL6432_Series_Common\Lib\Header;..\..\RL6432_Series_Common\He
                    -ader) DEFINE(_TRANSLATOR_SUPPORT=_OFF,_SCALER_TYPE=_RL6432_SERIES) DEBUG OBJECTEXTEND PRINT(.\Output\RL6432_Series_Color
                    -PCM.lst) OBJECT(.\Output\RL6432_Series_ColorPCM.obj)

line level    source

   1          /********************************************************************************/
   2          /*   The  Software  is  proprietary,  confidential,  and  valuable to Realtek   */
   3          /*   Semiconductor  Corporation  ("Realtek").  All  rights, including but not   */
   4          /*   limited  to  copyrights,  patents,  trademarks, trade secrets, mask work   */
   5          /*   rights, and other similar rights and interests, are reserved to Realtek.   */
   6          /*   Without  prior  written  consent  from  Realtek,  copying, reproduction,   */
   7          /*   modification,  distribution,  or  otherwise  is strictly prohibited. The   */
   8          /*   Software  shall  be  kept  strictly  in  confidence,  and  shall  not be   */
   9          /*   disclosed to or otherwise accessed by any third party.                     */
  10          /*   c<2003> - <2012>                                                           */
  11          /*   The Software is provided "AS IS" without any warranty of any kind,         */
  12          /*   express, implied, statutory or otherwise.                                  */
  13          /********************************************************************************/
  14          
  15          //----------------------------------------------------------------------------------------------------
  16          // ID Code      : RL6432_Series_ColorPCM.c
  17          // Update Note  :
  18          //----------------------------------------------------------------------------------------------------
  19          #include "RL6432_Series_ColorLibInternalInclude.h"
  20          
  21          //****************************************************************************
  22          // DEFINITIONS / MACROS
  23          //****************************************************************************
  24          
  25          //****************************************************************************
  26          // STRUCT / TYPE / ENUM DEFINITTIONS
  27          //****************************************************************************
  28          
  29          
  30          //****************************************************************************
  31          // CODE TABLES
  32          //****************************************************************************
  33          
  34          
  35          //****************************************************************************
  36          // VARIABLE DECLARATIONS
  37          //****************************************************************************
  38          
  39          
  40          //****************************************************************************
  41          // FUNCTION DECLARATIONS
  42          //****************************************************************************
  43          void ScalerColorPCMLoadTable(EnumPCMType enumPCMMode, BYTE *pucIGammaTableArray, BYTE *pucOGammaTableArray
             -, BYTE *pucColorMatrixArray, BYTE ucBankNum, WORD usLength, BYTE ucGammaBankNum);
  44          
  45          
  46          //****************************************************************************
  47          // FUNCTION DEFINITIONS
  48          //****************************************************************************
  49          //--------------------------------------------------
  50          // Description  : Set PCM(Input Gamma, Output Gamma, Color Matrix)
C51 COMPILER V8.12   RL6432_SERIES_COLORPCM                                                05/25/2022 15:41:30 PAGE 2   

  51          // Input Value  : PCM Type --> sRGB / AdobeRGB
  52          //                Input Gamma Table  & its bank number
  53          //                Output Gamma Table & its bank number
  54          //                Color Matrix       & its bank number
  55          // Output Value : None
  56          //--------------------------------------------------
  57          void ScalerColorPCMLoadTable(EnumPCMType enumPCMMode, BYTE *pucIGammaTableArray, BYTE *pucOGammaTableArray
             -, BYTE *pucColorMatrixArray, BYTE ucBankNum, WORD usLength, BYTE ucGammaBankNum)
  58          {
  59   1          ScalerColorSRGBSwap(_SRGB_BEFORE_OG);
  60   1      
  61   1          // Set InputGamma LUT
  62   1          if((enumPCMMode == _PCM_USER_MODE) || (enumPCMMode == _PCM_HDR_2084))
  63   1          {
  64   2              DebugMessageUart("_PCM_USER_2084:", enumPCMMode);
  65   2              ScalerColorPCMInputGammaAdjust(pucIGammaTableArray, ucBankNum);
  66   2          }
  67   1          else
  68   1          {
  69   2              DebugMessageUart("_PCM_Load:", enumPCMMode);
  70   2              ScalerColorPCMInputGammaAdjust((BYTE *)ScalerColorPCMGetTableAddress(enumPCMMode), ScalerColorPCMG
             -etTableBank());
  71   2          }
  72   1      
  73   1          // Load Gamma table
  74   1          ScalerColorPCMOutputGammaAdjust(pucOGammaTableArray, ucGammaBankNum);
  75   1      
  76   1          // Set color Matrix
  77   1          if((enumPCMMode == _PCM_SOFT_PROFT) || (enumPCMMode == _PCM_HDR_2084))
  78   1          {
  79   2              ScalerColorPCMSRGBAdjust(_SRGB_1_BIT_SHIFT_LEFT, pucColorMatrixArray, ucBankNum, usLength);
  80   2          }
  81   1          else
  82   1          {
  83   2              ScalerColorPCMSRGBAdjust(_SRGB_0_BIT_SHIFT_LEFT, pucColorMatrixArray, ucBankNum, usLength);
  84   2          }
  85   1      }
  86          


MODULE INFORMATION:   STATIC OVERLAYABLE
   CODE SIZE        =    194    ----
   CONSTANT SIZE    =     27    ----
   XDATA SIZE       =   ----      14
   PDATA SIZE       =   ----    ----
   DATA SIZE        =   ----    ----
   IDATA SIZE       =   ----    ----
   BIT SIZE         =   ----    ----
END OF MODULE INFORMATION.


C51 COMPILATION COMPLETE.  0 WARNING(S),  0 ERROR(S)
