C51 COMPILER V8.12   RL6432_SERIES_COLORPANELUNIFORMITYENABLE                              05/25/2022 15:41:29 PAGE 1   


C51 COMPILER V8.12, COMPILATION OF MODULE RL6432_SERIES_COLORPANELUNIFORMITYENABLE
OBJECT MODULE PLACED IN .\Output\RL6432_Series_ColorPanelUniformityEnable.obj
COMPILER INVOKED BY: C:\Keil\C51\BIN\C51.EXE Code\RL6432_Series_Color\RL6432_Series_ColorPanelUniformityEnable.c LARGE O
                    -PTIMIZE(9,SPEED) INCDIR(..\..\..\Common;..\Header;.\Header;..\..\ScalerFunction\Lib\Header;..\..\ScalerFunction\Header;.
                    -.\..\ScalerCommonFunction\Lib\Header;..\..\ScalerCommonFunction\Header;..\..\RL6432_Series_Common\Lib\Header;..\..\RL643
                    -2_Series_Common\Header) DEFINE(_TRANSLATOR_SUPPORT=_OFF,_SCALER_TYPE=_RL6432_SERIES) DEBUG OBJECTEXTEND PRINT(.\Output\R
                    -L6432_Series_ColorPanelUniformityEnable.lst) OBJECT(.\Output\RL6432_Series_ColorPanelUniformityEnable.obj)

line level    source

   1          /********************************************************************************/
   2          /*   The  Software  is  proprietary,  confidential,  and  valuable to Realtek   */
   3          /*   Semiconductor  Corporation  ("Realtek").  All  rights, including but not   */
   4          /*   limited  to  copyrights,  patents,  trademarks, trade secrets, mask work   */
   5          /*   rights, and other similar rights and interests, are reserved to Realtek.   */
   6          /*   Without  prior  written  consent  from  Realtek,  copying, reproduction,   */
   7          /*   modification,  distribution,  or  otherwise  is strictly prohibited. The   */
   8          /*   Software  shall  be  kept  strictly  in  confidence,  and  shall  not be   */
   9          /*   disclosed to or otherwise accessed by any third party.                     */
  10          /*   c<2003> - <2012>                                                           */
  11          /*   The Software is provided "AS IS" without any warranty of any kind,         */
  12          /*   express, implied, statutory or otherwise.                                  */
  13          /********************************************************************************/
  14          
  15          //----------------------------------------------------------------------------------------------------
  16          // ID Code      : RL6432_Series_ColorPanelUniformityEnable.c
  17          // Update Note  :
  18          //----------------------------------------------------------------------------------------------------
  19          #include "RL6432_Series_ColorLibInternalInclude.h"
  20          
  21          //****************************************************************************
  22          // DEFINITIONS / MACROS
  23          //****************************************************************************
  24          
  25          
  26          //****************************************************************************
  27          // STRUCT / TYPE / ENUM DEFINITTIONS
  28          //****************************************************************************
  29          
  30          
  31          //****************************************************************************
  32          // CODE TABLES
  33          //****************************************************************************
  34          
  35          
  36          //****************************************************************************
  37          // VARIABLE DECLARATIONS
  38          //****************************************************************************
  39          
  40          
  41          //****************************************************************************
  42          // FUNCTION DECLARATIONS
  43          //****************************************************************************
  44          void ScalerColorPanelUniformityEnable(EnumFunctionOnOFF enumOn);
  45          
  46          
  47          //****************************************************************************
  48          // FUNCTION DEFINITIONS
  49          //****************************************************************************
  50          //--------------------------------------------------
  51          // Description  : Enable/Disable Panel Uniformity
C51 COMPILER V8.12   RL6432_SERIES_COLORPANELUNIFORMITYENABLE                              05/25/2022 15:41:29 PAGE 2   

  52          // Input Value  : EnumFunctionOnOFF
  53          // Output Value : None
  54          //--------------------------------------------------
  55          void ScalerColorPanelUniformityEnable(EnumFunctionOnOFF enumOn)
  56          {
  57   1          if(enumOn == _FUNCTION_ON)
  58   1          {
  59   2              ScalerSetBit(P1_DB_DCLK_GATED_CTRL1, ~_BIT0, _BIT0);
  60   2              ScalerSetBit(P34_00_UN_GLOBAL_CTRL, ~_BIT7, _BIT7);
  61   2          }
  62   1          else if(enumOn == _FUNCTION_OFF)
  63   1          {
  64   2              ScalerSetBit(P1_DB_DCLK_GATED_CTRL1, ~_BIT0, _BIT0);
  65   2              ScalerSetBit(P34_00_UN_GLOBAL_CTRL, ~_BIT7, 0x00);
  66   2          }
  67   1          else
  68   1          {
  69   2              ScalerSetBit(P34_00_UN_GLOBAL_CTRL, ~_BIT7, 0x00);
  70   2              ScalerTimerWaitForEvent(_EVENT_DVS);
  71   2              ScalerTimerDelayXms(2);
  72   2              ScalerSetBit(P1_DB_DCLK_GATED_CTRL1, ~_BIT0, 0x00);
  73   2          }
  74   1      }


MODULE INFORMATION:   STATIC OVERLAYABLE
   CODE SIZE        =     59    ----
   CONSTANT SIZE    =   ----    ----
   XDATA SIZE       =   ----    ----
   PDATA SIZE       =   ----    ----
   DATA SIZE        =   ----    ----
   IDATA SIZE       =   ----    ----
   BIT SIZE         =   ----    ----
END OF MODULE INFORMATION.


C51 COMPILATION COMPLETE.  0 WARNING(S),  0 ERROR(S)
