C51 COMPILER V8.12   RL6432_SERIES_COLORPCMTABLE                                           05/25/2022 15:55:40 PAGE 1   


C51 COMPILER V8.12, COMPILATION OF MODULE RL6432_SERIES_COLORPCMTABLE
OBJECT MODULE PLACED IN .\Output\RL6432_Series_ColorPCMTable.obj
COMPILER INVOKED BY: C:\Keil\C51\BIN\C51.EXE Code\RL6432_Series_Color\RL6432_Series_ColorPCMTable.c LARGE OPTIMIZE(9,SPE
                    -ED) INCDIR(..\..\..\Common;..\Header;.\Header;..\..\ScalerFunction\Lib\Header;..\..\ScalerFunction\Header;..\..\ScalerCo
                    -mmonFunction\Lib\Header;..\..\ScalerCommonFunction\Header;..\..\RL6432_Series_Common\Lib\Header;..\..\RL6432_Series_Comm
                    -on\Header) DEFINE(_TRANSLATOR_SUPPORT=_OFF,_SCALER_TYPE=_RL6432_SERIES) DEBUG OBJECTEXTEND PRINT(.\Output\RL6432_Series_
                    -ColorPCMTable.lst) OBJECT(.\Output\RL6432_Series_ColorPCMTable.obj)

line level    source

   1          /********************************************************************************/
   2          /*   The  Software  is  proprietary,  confidential,  and  valuable to Realtek   */
   3          /*   Semiconductor  Corporation  ("Realtek").  All  rights, including but not   */
   4          /*   limited  to  copyrights,  patents,  trademarks, trade secrets, mask work   */
   5          /*   rights, and other similar rights and interests, are reserved to Realtek.   */
   6          /*   Without  prior  written  consent  from  Realtek,  copying, reproduction,   */
   7          /*   modification,  distribution,  or  otherwise  is strictly prohibited. The   */
   8          /*   Software  shall  be  kept  strictly  in  confidence,  and  shall  not be   */
   9          /*   disclosed to or otherwise accessed by any third party.                     */
  10          /*   c<2003> - <2012>                                                           */
  11          /*   The Software is provided "AS IS" without any warranty of any kind,         */
  12          /*   express, implied, statutory or otherwise.                                  */
  13          /********************************************************************************/
  14          
  15          //----------------------------------------------------------------------------------------------------
  16          // ID Code      : RL6432_Series_ColorPCMTable.c
  17          // Update Note  :
  18          //----------------------------------------------------------------------------------------------------
  19          #include "RL6432_Series_ColorLibInternalInclude.h"
  20          
  21          //****************************************************************************
  22          // DEFINITIONS / MACROS
  23          //****************************************************************************
  24          
  25          
  26          //****************************************************************************
  27          // STRUCT / TYPE / ENUM DEFINITTIONS
  28          //****************************************************************************
  29          
  30          
  31          //****************************************************************************
  32          // CODE TABLES
  33          //****************************************************************************
  34          //----------------------------------------------------------------------------------------------------
  35          // PCM TABLE For OCC
  36          //----------------------------------------------------------------------------------------------------
  37          BYTE code tPCM_INPUTGAMMA_SRGB[] =
  38          {
  39              0x00, 0x00, 0x28,
  40              0x04, 0xF0, 0x77,
  41              0x09, 0xF0, 0xC6,
  42              0x0F, 0x01, 0x1F,
  43              0x15, 0x21, 0x8A,
  44              0x1C, 0x82, 0x0B,
  45              0x25, 0x32, 0xA1,
  46              0x2F, 0x53, 0x4E,
  47              0x3A, 0xD4, 0x12,
  48              0x47, 0xD4, 0xEE,
  49              0x56, 0x65, 0xE4,
  50              0x66, 0x86, 0xF3,
  51              0x78, 0x58, 0x1D,
C51 COMPILER V8.12   RL6432_SERIES_COLORPCMTABLE                                           05/25/2022 15:55:40 PAGE 2   

  52              0x8B, 0xC9, 0x62,
  53              0xA0, 0xFA, 0xC3,
  54              0xB7, 0xEC, 0x40,
  55              0xD0, 0x9D, 0xDA,
  56              0xEB, 0x3F, 0x92,
  57              0x41, 0xE4, 0x5A,
  58              0x49, 0x84, 0xD8,
  59              0x51, 0x95, 0x5D,
  60              0x5A, 0x25, 0xEA,
  61              0x63, 0x46, 0x7F,
  62              0x6C, 0xD7, 0x1D,
  63              0x76, 0xF7, 0xC3,
  64              0x81, 0x98, 0x71,
  65              0x8C, 0xC9, 0x28,
  66              0x98, 0x79, 0xE8,
  67              0xA4, 0xCA, 0xB1,
  68              0xB1, 0x9B, 0x83,
  69              0xBE, 0xFC, 0x5E,
  70              0xCC, 0xED, 0x42,
  71              0xDB, 0x7E, 0x2F,
  72              0xEA, 0x9F, 0x25,
  73              0xFA, 0x44, 0x09,
  74              0x42, 0xA4, 0x4C,
  75              0x46, 0xE4, 0x91,
  76              0x4B, 0x44, 0xD8,
  77              0x4F, 0xD5, 0x22,
  78              0x54, 0x85, 0x6E,
  79              0x59, 0x55, 0xBD,
  80              0x5E, 0x56, 0x0E,
  81              0x63, 0x86, 0x62,
  82              0x68, 0xD6, 0xB9,
  83              0x6E, 0x57, 0x12,
  84              0x73, 0xF7, 0x6E,
  85              0x79, 0xD7, 0xCC,
  86              0x7F, 0xC8, 0x2D,
  87              0x85, 0xF8, 0x91,
  88              0x8C, 0x48, 0xF8,
  89              0x92, 0xC9, 0x61,
  90              0x99, 0x79, 0xCD,
  91              0xA0, 0x4A, 0x3C,
  92              0xA7, 0x4A, 0xAE,
  93              0xAE, 0x7B, 0x22,
  94              0xB5, 0xDB, 0x99,
  95              0xBD, 0x6C, 0x14,
  96              0xC5, 0x2C, 0x91,
  97              0xCD, 0x0D, 0x10,
  98              0xD5, 0x2D, 0x93,
  99              0xDD, 0x6E, 0x19,
 100              0xE5, 0xDE, 0xA2,
 101              0xEE, 0x8F, 0x2E,
 102              0xF7, 0x5F, 0xBD,
 103              0xFF, 0xC0, 0x00,
 104              0x23, 0x44,
 105          };
 106          
 107          BYTE code tPCM_INPUTGAMMA_ADOBERGB[] =
 108          {
 109              0x00, 0x00, 0x02,
 110              0x00, 0x70, 0x11,
 111              0x02, 0x00, 0x34,
 112              0x04, 0xE0, 0x6E,
 113              0x09, 0x40, 0xBF,
C51 COMPILER V8.12   RL6432_SERIES_COLORPCMTABLE                                           05/25/2022 15:55:40 PAGE 3   

 114              0x0F, 0x11, 0x29,
 115              0x16, 0x81, 0xAD,
 116              0x1F, 0x92, 0x4C,
 117              0x2A, 0x53, 0x06,
 118              0x36, 0xE3, 0xDD,
 119              0x45, 0x34, 0xD0,
 120              0x55, 0x55, 0xE1,
 121              0x67, 0x57, 0x10,
 122              0x7B, 0x38, 0x5D,
 123              0x90, 0xF9, 0xCA,
 124              0xA8, 0xCB, 0x55,
 125              0xC2, 0x7D, 0x01,
 126              0xDE, 0x3E, 0xCD,
 127              0xFB, 0xF4, 0x2E,
 128              0x46, 0xF4, 0xB2,
 129              0x4F, 0x65, 0x3E,
 130              0x58, 0x65, 0xD2,
 131              0x61, 0xF6, 0x6E,
 132              0x6C, 0x07, 0x14,
 133              0x76, 0x97, 0xC1,
 134              0x81, 0xC8, 0x78,
 135              0x8D, 0x69, 0x37,
 136              0x99, 0xAA, 0x00,
 137              0xA6, 0x7A, 0xD1,
 138              0xB3, 0xCB, 0xAB,
 139              0xC1, 0xBC, 0x8E,
 140              0xD0, 0x3D, 0x7A,
 141              0xDF, 0x4E, 0x70,
 142              0xEE, 0xEF, 0x6E,
 143              0xFF, 0x14, 0x1E,
 144              0x44, 0x04, 0x62,
 145              0x48, 0x54, 0xA9,
 146              0x4C, 0xD4, 0xF2,
 147              0x51, 0x75, 0x3D,
 148              0x56, 0x45, 0x8B,
 149              0x5B, 0x35, 0xDB,
 150              0x60, 0x46, 0x2E,
 151              0x65, 0x86, 0x83,
 152              0x6A, 0xE6, 0xDA,
 153              0x70, 0x77, 0x34,
 154              0x76, 0x27, 0x90,
 155              0x7C, 0x07, 0xEF,
 156              0x82, 0x08, 0x51,
 157              0x88, 0x28, 0xB4,
 158              0x8E, 0x79, 0x1B,
 159              0x94, 0xF9, 0x84,
 160              0x9B, 0x99, 0xEF,
 161              0xA2, 0x6A, 0x5D,
 162              0xA9, 0x5A, 0xCD,
 163              0xB0, 0x6B, 0x40,
 164              0xB7, 0xAB, 0xB6,
 165              0xBF, 0x1C, 0x2E,
 166              0xC6, 0xBC, 0xA8,
 167              0xCE, 0x7D, 0x26,
 168              0xD6, 0x5D, 0xA5,
 169              0xDE, 0x6E, 0x28,
 170              0xE6, 0xAE, 0xAD,
 171              0xEF, 0x0F, 0x34,
 172              0xF7, 0x9F, 0xBF,
 173              0xFF, 0xC0, 0x00,
 174              0x24, 0x44,
 175          };
C51 COMPILER V8.12   RL6432_SERIES_COLORPCMTABLE                                           05/25/2022 15:55:40 PAGE 4   

 176          
 177          BYTE code tPCM_INPUTGAMMA_EBU[] =
 178          {
 179              0x00, 0x00, 0x01,
 180              0x00, 0x40, 0x0A,
 181              0x01, 0x30, 0x20,
 182              0x03, 0x10, 0x47,
 183              0x06, 0x10, 0x80,
 184              0x0A, 0x40, 0xCD,
 185              0x0F, 0xC1, 0x30,
 186              0x16, 0xA1, 0xAA,
 187              0x1E, 0xF2, 0x3B,
 188              0x28, 0xD2, 0xE6,
 189              0x34, 0x53, 0xAA,
 190              0x41, 0x74, 0x8A,
 191              0x50, 0x45, 0x85,
 192              0x60, 0xE6, 0x9E,
 193              0x73, 0x57, 0xD3,
 194              0x87, 0x99, 0x27,
 195              0x9D, 0xDA, 0x9A,
 196              0xB5, 0xFC, 0x2D,
 197              0xD0, 0x2D, 0xDF,
 198              0xEC, 0x5F, 0xB3,
 199              0x42, 0xA4, 0x6A,
 200              0x4A, 0xB4, 0xEF,
 201              0x53, 0x65, 0x7E,
 202              0x5C, 0x96, 0x15,
 203              0x66, 0x46, 0xB6,
 204              0x70, 0x97, 0x5F,
 205              0x7B, 0x78, 0x11,
 206              0x86, 0xE8, 0xCD,
 207              0x92, 0xF9, 0x93,
 208              0x9F, 0x9A, 0x62,
 209              0xAC, 0xDB, 0x3A,
 210              0xBA, 0xAC, 0x1D,
 211              0xC9, 0x2D, 0x09,
 212              0xD8, 0x3D, 0xFF,
 213              0xE7, 0xEF, 0x00,
 214              0xF8, 0x44, 0x02,
 215              0x42, 0x54, 0x47,
 216              0x46, 0xB4, 0x8F,
 217              0x4B, 0x44, 0xDA,
 218              0x50, 0x05, 0x27,
 219              0x54, 0xF5, 0x77,
 220              0x5A, 0x05, 0xC9,
 221              0x5F, 0x46, 0x1F,
 222              0x64, 0xA6, 0x77,
 223              0x6A, 0x46, 0xD2,
 224              0x70, 0x07, 0x2F,
 225              0x75, 0xF7, 0x90,
 226              0x7C, 0x17, 0xF3,
 227              0x82, 0x68, 0x59,
 228              0x88, 0xD8, 0xC2,
 229              0x8F, 0x89, 0x2E,
 230              0x96, 0x59, 0x9D,
 231              0x9D, 0x5A, 0x0F,
 232              0xA4, 0x9A, 0x83,
 233              0xAB, 0xFA, 0xFB,
 234              0xB3, 0x8B, 0x76,
 235              0xBB, 0x4B, 0xF4,
 236              0xC3, 0x4C, 0x74,
 237              0xCB, 0x6C, 0xF8,
C51 COMPILER V8.12   RL6432_SERIES_COLORPCMTABLE                                           05/25/2022 15:55:40 PAGE 5   

 238              0xD3, 0xBD, 0x7F,
 239              0xDC, 0x4E, 0x09,
 240              0xE4, 0xFE, 0x96,
 241              0xED, 0xEF, 0x27,
 242              0xF7, 0x0F, 0xBA,
 243              0xFF, 0xC0, 0x00,
 244              0x27, 0x46,
 245          };
 246          
 247          BYTE code tPCM_INPUTGAMMA_SOFTPROFT[] =
 248          {
 249              0x00, 0x00, 0x00,
 250              0x00, 0x00, 0x01,
 251              0x00, 0x20, 0x04,
 252              0x00, 0x70, 0x0B,
 253              0x01, 0x00, 0x17,
 254              0x01, 0xF0, 0x2A,
 255              0x03, 0x60, 0x45,
 256              0x05, 0x60, 0x6A,
 257              0x08, 0x00, 0x9A,
 258              0x0B, 0x70, 0xD7,
 259              0x0F, 0xA1, 0x22,
 260              0x14, 0xD1, 0x7D,
 261              0x1B, 0x11, 0xE9,
 262              0x22, 0x62, 0x68,
 263              0x2A, 0xF2, 0xFC,
 264              0x34, 0xD3, 0xA5,
 265              0x40, 0x24, 0x65,
 266              0x4C, 0xF5, 0x3E,
 267              0x5B, 0x56, 0x32,
 268              0x6B, 0x67, 0x41,
 269              0x7D, 0x48, 0x6E,
 270              0x91, 0x09, 0xB9,
 271              0xA6, 0xBB, 0x25,
 272              0xBE, 0x8C, 0xB3,
 273              0xD8, 0x7E, 0x64,
 274              0xF4, 0xA4, 0x0E,
 275              0x44, 0xD4, 0x8D,
 276              0x4D, 0x15, 0x16,
 277              0x55, 0xF5, 0xAA,
 278              0x5F, 0x76, 0x48,
 279              0x69, 0xB6, 0xF1,
 280              0x74, 0xA7, 0xA5,
 281              0x80, 0x48, 0x66,
 282              0x8C, 0xA9, 0x32,
 283              0x99, 0xDA, 0x0B,
 284              0xA7, 0xDA, 0xF2,
 285              0xB6, 0xAB, 0xE5,
 286              0xC6, 0x4C, 0xE6,
 287              0xD6, 0xCD, 0xF6,
 288              0xE8, 0x3F, 0x13,
 289              0xFA, 0x84, 0x10,
 290              0x43, 0x74, 0x5F,
 291              0x48, 0x84, 0xB2,
 292              0x4D, 0xD5, 0x09,
 293              0x53, 0x65, 0x64,
 294              0x59, 0x35, 0xC3,
 295              0x5F, 0x46, 0x26,
 296              0x65, 0x96, 0x8E,
 297              0x6C, 0x36, 0xFA,
 298              0x73, 0x27, 0x6B,
 299              0x7A, 0x57, 0xE0,
C51 COMPILER V8.12   RL6432_SERIES_COLORPCMTABLE                                           05/25/2022 15:55:40 PAGE 6   

 300              0x81, 0xD8, 0x5A,
 301              0x89, 0x98, 0xD9,
 302              0x91, 0xB9, 0x5D,
 303              0x9A, 0x19, 0xE6,
 304              0xA2, 0xDA, 0x74,
 305              0xAB, 0xDB, 0x08,
 306              0xB5, 0x3B, 0xA0,
 307              0xBE, 0xFC, 0x3E,
 308              0xC8, 0xFC, 0xE2,
 309              0xD3, 0x6D, 0x8B,
 310              0xDE, 0x2E, 0x3A,
 311              0xE9, 0x3E, 0xEE,
 312              0xF4, 0xBF, 0xA9,
 313              0xFF, 0xC0, 0x00,
 314              0x32, 0x50,
 315          };
 316          
 317          BYTE code tPCM_INPUT_GAMMA_REC709GAMMA24[] =
 318          {
 319              0x00, 0x00, 0x01,
 320              0x00, 0x30, 0x08,
 321              0x01, 0x00, 0x1B,
 322              0x02, 0xA0, 0x3D,
 323              0x05, 0x50, 0x70,
 324              0x09, 0x00, 0xB6,
 325              0x0E, 0x01, 0x0F,
 326              0x14, 0x41, 0x7E,
 327              0x1B, 0xE2, 0x04,
 328              0x25, 0x02, 0xA2,
 329              0x2F, 0xB3, 0x59,
 330              0x3B, 0xE4, 0x2A,
 331              0x49, 0xD5, 0x17,
 332              0x59, 0x76, 0x1F,
 333              0x6A, 0xE7, 0x44,
 334              0x7E, 0x28, 0x87,
 335              0x93, 0x49, 0xE8,
 336              0xAA, 0x5B, 0x69,
 337              0xC3, 0x5D, 0x0A,
 338              0xDE, 0x6E, 0xCB,
 339              0xFB, 0x94, 0x2C,
 340              0x46, 0xB4, 0xAD,
 341              0x4F, 0x15, 0x37,
 342              0x57, 0xF5, 0xCA,
 343              0x61, 0x76, 0x66,
 344              0x6B, 0x77, 0x0B,
 345              0x76, 0x17, 0xB9,
 346              0x81, 0x48, 0x71,
 347              0x8D, 0x09, 0x32,
 348              0x99, 0x69, 0xFD,
 349              0xA6, 0x7A, 0xD2,
 350              0xB4, 0x1B, 0xB1,
 351              0xC2, 0x5C, 0x9A,
 352              0xD1, 0x3D, 0x8E,
 353              0xE0, 0xBE, 0x8C,
 354              0xF0, 0xEF, 0x94,
 355              0x40, 0x74, 0x2A,
 356              0x44, 0xD4, 0x71,
 357              0x49, 0x64, 0xBB,
 358              0x4E, 0x15, 0x08,
 359              0x53, 0x05, 0x58,
 360              0x58, 0x15, 0xAA,
 361              0x5D, 0x56, 0x00,
C51 COMPILER V8.12   RL6432_SERIES_COLORPCMTABLE                                           05/25/2022 15:55:40 PAGE 7   

 362              0x62, 0xB6, 0x58,
 363              0x68, 0x56, 0xB3,
 364              0x6E, 0x17, 0x11,
 365              0x74, 0x17, 0x72,
 366              0x7A, 0x37, 0xD5,
 367              0x80, 0x88, 0x3C,
 368              0x87, 0x18, 0xA6,
 369              0x8D, 0xC9, 0x13,
 370              0x94, 0xA9, 0x83,
 371              0x9B, 0xC9, 0xF6,
 372              0xA3, 0x0A, 0x6C,
 373              0xAA, 0x8A, 0xE5,
 374              0xB2, 0x3B, 0x62,
 375              0xBA, 0x1B, 0xE1,
 376              0xC2, 0x2C, 0x64,
 377              0xCA, 0x7C, 0xEA,
 378              0xD2, 0xED, 0x73,
 379              0xDB, 0x9E, 0x00,
 380              0xE4, 0x7E, 0x90,
 381              0xED, 0x9F, 0x23,
 382              0xF6, 0xEF, 0xB9,
 383              0xFF, 0xC0, 0x00,
 384              0x28, 0x47,
 385          };
 386          
 387          BYTE code tPCM_INPUT_GAMMA_DCIP3[] =
 388          {
 389              0x00, 0x00, 0x00,
 390              0x00, 0x10, 0x04,
 391              0x00, 0x80, 0x0E,
 392              0x01, 0x70, 0x22,
 393              0x03, 0x10, 0x42,
 394              0x05, 0x70, 0x6F,
 395              0x08, 0xB0, 0xAC,
 396              0x0D, 0x00, 0xF9,
 397              0x12, 0x71, 0x59,
 398              0x19, 0x01, 0xCC,
 399              0x20, 0xE2, 0x55,
 400              0x2A, 0x22, 0xF5,
 401              0x34, 0xD3, 0xAC,
 402              0x41, 0x14, 0x7C,
 403              0x4E, 0xE5, 0x66,
 404              0x5E, 0x66, 0x6C,
 405              0x6F, 0xA7, 0x8E,
 406              0x82, 0xB8, 0xCE,
 407              0x97, 0x9A, 0x2D,
 408              0xAE, 0x8B, 0xAB,
 409              0xC7, 0x6D, 0x49,
 410              0xE2, 0x5F, 0x0A,
 411              0xFF, 0x74, 0x3B,
 412              0x47, 0xB4, 0xBD,
 413              0x50, 0x15, 0x48,
 414              0x59, 0x15, 0xDC,
 415              0x62, 0xA6, 0x7A,
 416              0x6C, 0xC7, 0x21,
 417              0x77, 0x97, 0xD3,
 418              0x83, 0x08, 0x8F,
 419              0x8F, 0x19, 0x55,
 420              0x9B, 0xCA, 0x26,
 421              0xA9, 0x3B, 0x02,
 422              0xB7, 0x4B, 0xE9,
 423              0xC6, 0x1C, 0xDB,
C51 COMPILER V8.12   RL6432_SERIES_COLORPCMTABLE                                           05/25/2022 15:55:40 PAGE 8   

 424              0xD5, 0x9D, 0xD9,
 425              0xE5, 0xCE, 0xE3,
 426              0xF6, 0xCF, 0xF8,
 427              0x42, 0x24, 0x46,
 428              0x46, 0xC4, 0x92,
 429              0x4B, 0x94, 0xE0,
 430              0x50, 0x95, 0x32,
 431              0x55, 0xC5, 0x87,
 432              0x5B, 0x35, 0xDF,
 433              0x60, 0xD6, 0x3B,
 434              0x66, 0xA6, 0x9A,
 435              0x6C, 0xA6, 0xFC,
 436              0x72, 0xE7, 0x62,
 437              0x79, 0x67, 0xCB,
 438              0x80, 0x18, 0x38,
 439              0x86, 0xF8, 0xA8,
 440              0x8E, 0x19, 0x1C,
 441              0x95, 0x79, 0x93,
 442              0x9D, 0x0A, 0x0F,
 443              0xA4, 0xEA, 0x8E,
 444              0xAC, 0xEB, 0x10,
 445              0xB5, 0x3B, 0x97,
 446              0xBD, 0xCC, 0x21,
 447              0xC6, 0x8C, 0xB0,
 448              0xCF, 0x8D, 0x42,
 449              0xD8, 0xDD, 0xD8,
 450              0xE2, 0x5E, 0x73,
 451              0xEC, 0x1F, 0x11,
 452              0xF6, 0x2F, 0xB4,
 453              0xFF, 0xC0, 0x00,
 454              0x2C, 0x4B,
 455          };
 456          
 457          BYTE code tPCM_INPUTGAMMA_SMPTEC[] =
 458          {
 459              0x00, 0x00, 0x02,
 460              0x00, 0x70, 0x11,
 461              0x02, 0x00, 0x34,
 462              0x04, 0xE0, 0x6E,
 463              0x09, 0x40, 0xBF,
 464              0x0F, 0x11, 0x29,
 465              0x16, 0x81, 0xAD,
 466              0x1F, 0x92, 0x4C,
 467              0x2A, 0x53, 0x06,
 468              0x36, 0xE3, 0xDD,
 469              0x45, 0x34, 0xD0,
 470              0x55, 0x55, 0xE1,
 471              0x67, 0x57, 0x10,
 472              0x7B, 0x38, 0x5D,
 473              0x90, 0xF9, 0xCA,
 474              0xA8, 0xCB, 0x55,
 475              0xC2, 0x7D, 0x01,
 476              0xDE, 0x3E, 0xCD,
 477              0xFB, 0xF4, 0x2E,
 478              0x46, 0xF4, 0xB2,
 479              0x4F, 0x65, 0x3E,
 480              0x58, 0x65, 0xD2,
 481              0x61, 0xF6, 0x6E,
 482              0x6C, 0x07, 0x14,
 483              0x76, 0x97, 0xC1,
 484              0x81, 0xC8, 0x78,
 485              0x8D, 0x69, 0x37,
C51 COMPILER V8.12   RL6432_SERIES_COLORPCMTABLE                                           05/25/2022 15:55:40 PAGE 9   

 486              0x99, 0xAA, 0x00,
 487              0xA6, 0x7A, 0xD1,
 488              0xB3, 0xCB, 0xAB,
 489              0xC1, 0xBC, 0x8E,
 490              0xD0, 0x3D, 0x7A,
 491              0xDF, 0x4E, 0x70,
 492              0xEE, 0xEF, 0x6E,
 493              0xFF, 0x14, 0x1E,
 494              0x44, 0x04, 0x62,
 495              0x48, 0x54, 0xA9,
 496              0x4C, 0xD4, 0xF2,
 497              0x51, 0x75, 0x3D,
 498              0x56, 0x45, 0x8B,
 499              0x5B, 0x35, 0xDB,
 500              0x60, 0x46, 0x2E,
 501              0x65, 0x86, 0x83,
 502              0x6A, 0xE6, 0xDA,
 503              0x70, 0x77, 0x34,
 504              0x76, 0x27, 0x90,
 505              0x7C, 0x07, 0xEF,
 506              0x82, 0x08, 0x51,
 507              0x88, 0x28, 0xB4,
 508              0x8E, 0x79, 0x1B,
 509              0x94, 0xF9, 0x84,
 510              0x9B, 0x99, 0xEF,
 511              0xA2, 0x6A, 0x5D,
 512              0xA9, 0x5A, 0xCD,
 513              0xB0, 0x6B, 0x40,
 514              0xB7, 0xAB, 0xB6,
 515              0xBF, 0x1C, 0x2E,
 516              0xC6, 0xBC, 0xA8,
 517              0xCE, 0x7D, 0x26,
 518              0xD6, 0x5D, 0xA5,
 519              0xDE, 0x6E, 0x28,
 520              0xE6, 0xAE, 0xAD,
 521              0xEF, 0x0F, 0x34,
 522              0xF7, 0x9F, 0xBF,
 523              0xFF, 0xC0, 0x00,
 524              0x24, 0x44,
 525          };
 526          
 527          BYTE code tPCM_INPUTGAMMA_DISPLAYP3[] =
 528          {
 529              0x00, 0x00, 0x28,
 530              0x04, 0xF0, 0x77,
 531              0x09, 0xF0, 0xC6,
 532              0x0F, 0x01, 0x1F,
 533              0x15, 0x21, 0x8A,
 534              0x1C, 0x82, 0x0B,
 535              0x25, 0x32, 0xA1,
 536              0x2F, 0x53, 0x4E,
 537              0x3A, 0xD4, 0x12,
 538              0x47, 0xD4, 0xEE,
 539              0x56, 0x65, 0xE4,
 540              0x66, 0x86, 0xF3,
 541              0x78, 0x58, 0x1D,
 542              0x8B, 0xC9, 0x62,
 543              0xA0, 0xFA, 0xC3,
 544              0xB7, 0xEC, 0x40,
 545              0xD0, 0x9D, 0xDA,
 546              0xEB, 0x3F, 0x92,
 547              0x41, 0xE4, 0x5A,
C51 COMPILER V8.12   RL6432_SERIES_COLORPCMTABLE                                           05/25/2022 15:55:40 PAGE 10  

 548              0x49, 0x84, 0xD8,
 549              0x51, 0x95, 0x5D,
 550              0x5A, 0x25, 0xEA,
 551              0x63, 0x46, 0x7F,
 552              0x6C, 0xD7, 0x1D,
 553              0x76, 0xF7, 0xC3,
 554              0x81, 0x98, 0x71,
 555              0x8C, 0xC9, 0x28,
 556              0x98, 0x79, 0xE8,
 557              0xA4, 0xCA, 0xB1,
 558              0xB1, 0x9B, 0x83,
 559              0xBE, 0xFC, 0x5E,
 560              0xCC, 0xED, 0x42,
 561              0xDB, 0x7E, 0x2F,
 562              0xEA, 0x9F, 0x25,
 563              0xFA, 0x44, 0x09,
 564              0x42, 0xA4, 0x4C,
 565              0x46, 0xE4, 0x91,
 566              0x4B, 0x44, 0xD8,
 567              0x4F, 0xD5, 0x22,
 568              0x54, 0x85, 0x6E,
 569              0x59, 0x55, 0xBD,
 570              0x5E, 0x56, 0x0E,
 571              0x63, 0x86, 0x62,
 572              0x68, 0xD6, 0xB9,
 573              0x6E, 0x57, 0x12,
 574              0x73, 0xF7, 0x6E,
 575              0x79, 0xD7, 0xCC,
 576              0x7F, 0xC8, 0x2D,
 577              0x85, 0xF8, 0x91,
 578              0x8C, 0x48, 0xF8,
 579              0x92, 0xC9, 0x61,
 580              0x99, 0x79, 0xCD,
 581              0xA0, 0x4A, 0x3C,
 582              0xA7, 0x4A, 0xAE,
 583              0xAE, 0x7B, 0x22,
 584              0xB5, 0xDB, 0x99,
 585              0xBD, 0x6C, 0x14,
 586              0xC5, 0x2C, 0x91,
 587              0xCD, 0x0D, 0x10,
 588              0xD5, 0x2D, 0x93,
 589              0xDD, 0x6E, 0x19,
 590              0xE5, 0xDE, 0xA2,
 591              0xEE, 0x8F, 0x2E,
 592              0xF7, 0x5F, 0xBD,
 593              0xFF, 0xC0, 0x00,
 594              0x23, 0x44,
 595          };
 596          
 597          BYTE code tPCM_INPUT_GAMMA_18[] =
 598          {
 599               0x00, 0x00, 0x0B,
 600               0x02, 0x50, 0x4C,
 601               0x08, 0x00, 0xBF, 
 602               0x10, 0xA1, 0x5F, 
 603               0x1B, 0xE2, 0x27,
 604               0x29, 0xB3, 0x17, 
 605               0x39, 0xD4, 0x2D, 
 606               0x4C, 0x55, 0x67,
 607               0x61, 0x16, 0xC4, 
 608               0x78, 0x08, 0x44, 
 609               0x91, 0x19, 0xE6, 
C51 COMPILER V8.12   RL6432_SERIES_COLORPCMTABLE                                           05/25/2022 15:55:40 PAGE 11  

 610               0xAC, 0x4B, 0xA9, 
 611               0xC9, 0x7D, 0x8C, 
 612               0xE8, 0xAF, 0x90, 
 613               0x42, 0x74, 0x6C,
 614               0x4B, 0x44, 0xFD, 
 615               0x54, 0x85, 0x95,
 616               0x5E, 0x46, 0x35, 
 617               0x68, 0x76, 0xDC,
 618               0x73, 0x27, 0x8A,
 619               0x7E, 0x48, 0x40,
 620               0x89, 0xE8, 0xFD,
 621               0x95, 0xE9, 0xC1,
 622               0xA2, 0x6A, 0x8D, 
 623               0xAF, 0x5B, 0x5F, 
 624               0xBC, 0xBC, 0x39, 
 625               0xCA, 0x8D, 0x19, 
 626               0xD8, 0xCE, 0x00, 
 627               0xE7, 0x6E, 0xEE,
 628               0xF6, 0x8F, 0xE3, 
 629               0x41, 0x84, 0x37, 
 630               0x45, 0x74, 0x78, 
 631               0x49, 0x94, 0xBA,
 632               0x4D, 0xC4, 0xFE, 
 633               0x52, 0x05, 0x43,
 634               0x56, 0x75, 0x8B, 
 635               0x5A, 0xF5, 0xD3,
 636               0x5F, 0x86, 0x1E, 
 637               0x64, 0x36, 0x6A,
 638               0x69, 0x06, 0xB7, 
 639               0x6D, 0xF7, 0x06,
 640               0x72, 0xF7, 0x57,
 641               0x78, 0x07, 0xA9, 
 642               0x7D, 0x37, 0xFD, 
 643               0x82, 0x88, 0x53, 
 644               0x87, 0xE8, 0xAA, 
 645               0x8D, 0x69, 0x02, 
 646               0x92, 0xF9, 0x5C, 
 647               0x98, 0xA9, 0xB8, 
 648               0x9E, 0x6A, 0x15, 
 649               0xA4, 0x4A, 0x74, 
 650               0xAA, 0x3A, 0xD4, 
 651               0xB0, 0x4B, 0x35, 
 652               0xB6, 0x7B, 0x99, 
 653               0xBC, 0xBB, 0xFD, 
 654               0xC3, 0x0C, 0x63, 
 655               0xC9, 0x7C, 0xCB, 
 656               0xCF, 0xFD, 0x34, 
 657               0xD6, 0x9D, 0x9F, 
 658               0xDD, 0x4E, 0x0B, 
 659               0xE4, 0x1E, 0x78, 
 660               0xEA, 0xFE, 0xE7, 
 661               0xF1, 0xFF, 0x57,
 662               0xF9, 0x0F, 0xC9, 
 663               0xFF, 0xC0, 0x00, 
 664               0x1B, 0x3B,
 665          };
 666          
 667          BYTE code tPCM_INPUT_GAMMA_19[] =
 668          {
 669              0x00, 0x00, 0x07,
 670              0x01, 0x80, 0x34,
 671              0x05, 0xB0, 0x8A,
C51 COMPILER V8.12   RL6432_SERIES_COLORPCMTABLE                                           05/25/2022 15:55:40 PAGE 12  

 672              0x0C, 0x41, 0x06,
 673              0x15, 0x21, 0xA7,
 674              0x20, 0x52, 0x6B,
 675              0x2D, 0xA3, 0x52,
 676              0x3D, 0x34, 0x5C,
 677              0x4E, 0xE5, 0x88,
 678              0x62, 0xA6, 0xD5,
 679              0x78, 0x88, 0x43,
 680              0x90, 0x79, 0xD2,
 681              0xAA, 0x6B, 0x82,
 682              0xC6, 0x6D, 0x52,
 683              0xE4, 0x6F, 0x42,
 684              0x41, 0x14, 0x54,
 685              0x49, 0x94, 0xE0,
 686              0x52, 0x95, 0x73,
 687              0x5C, 0x06, 0x0F,
 688              0x66, 0x06, 0xB2,
 689              0x70, 0x77, 0x5D,
 690              0x7B, 0x58, 0x10,
 691              0x86, 0xC8, 0xCA,
 692              0x92, 0xA9, 0x8C,
 693              0x9E, 0xFA, 0x55,
 694              0xAB, 0xCB, 0x26,
 695              0xB9, 0x1B, 0xFE,
 696              0xC6, 0xDC, 0xDE,
 697              0xD5, 0x1D, 0xC5,
 698              0xE3, 0xCE, 0xB4,
 699              0xF2, 0xEF, 0xAA,
 700              0x40, 0xA4, 0x2A,
 701              0x44, 0xA4, 0x6B,
 702              0x48, 0xC4, 0xAE,
 703              0x4D, 0x04, 0xF3,
 704              0x51, 0x65, 0x39,
 705              0x55, 0xD5, 0x82,
 706              0x5A, 0x75, 0xCC,
 707              0x5F, 0x26, 0x18,
 708              0x63, 0xF6, 0x66,
 709              0x68, 0xE6, 0xB6,
 710              0x6D, 0xF7, 0x08,
 711              0x73, 0x17, 0x5B,
 712              0x78, 0x57, 0xB0,
 713              0x7D, 0xB8, 0x07,
 714              0x83, 0x38, 0x60,
 715              0x88, 0xD8, 0xBA,
 716              0x8E, 0x89, 0x16,
 717              0x94, 0x59, 0x74,
 718              0x9A, 0x49, 0xD4,
 719              0xA0, 0x4A, 0x35,
 720              0xA6, 0x7A, 0x98,
 721              0xAC, 0xBA, 0xFD,
 722              0xB3, 0x1B, 0x64,
 723              0xB9, 0x8B, 0xCD,
 724              0xC0, 0x1C, 0x37,
 725              0xC6, 0xCC, 0xA3,
 726              0xCD, 0x9D, 0x10,
 727              0xD4, 0x8D, 0x80,
 728              0xDB, 0x8D, 0xF1,
 729              0xE2, 0xAE, 0x64,
 730              0xE9, 0xEE, 0xD8,
 731              0xF1, 0x3F, 0x4F,
 732              0xF8, 0xAF, 0xC6,
 733              0xFF, 0xC0, 0x00,
C51 COMPILER V8.12   RL6432_SERIES_COLORPCMTABLE                                           05/25/2022 15:55:40 PAGE 13  

 734              0x1D, 0x3D,
 735          };
 736          
 737          BYTE code tPCM_INPUT_GAMMA_20[] =
 738          {
 739              0x00, 0x00, 0x04, 
 740              0x01, 0x00, 0x24,
 741              0x04, 0x00, 0x64, 
 742              0x09, 0x00, 0xC4,
 743              0x10, 0x01, 0x44,  
 744              0x19, 0x01, 0xE4,  
 745              0x24, 0x12, 0xA5, 
 746              0x31, 0x13, 0x85, 
 747              0x40, 0x14, 0x85,   
 748              0x51, 0x15, 0xA5,   
 749              0x64, 0x26, 0xE6,   
 750              0x79, 0x28, 0x46,   
 751              0x90, 0x29, 0xC6,   
 752              0xA9, 0x3B, 0x67,  
 753              0xC4, 0x3D, 0x27,  
 754              0xE1, 0x4F, 0x08,  
 755              0x40, 0x14, 0x42,  
 756              0x48, 0x54, 0xCA,  
 757              0x51, 0x15, 0x5A,  
 758              0x5A, 0x55, 0xF2,  
 759              0x64, 0x16, 0x92,  
 760              0x6E, 0x57, 0x3A,  
 761              0x79, 0x27, 0xEB,  
 762              0x84, 0x68, 0xA3,  
 763              0x90, 0x29, 0x63,  
 764              0x9C, 0x6A, 0x2B, 
 765              0xA9, 0x2A, 0xFB, 
 766              0xB6, 0x6B, 0xD4, 
 767              0xC4, 0x3C, 0xB4, 
 768              0xD2, 0x7D, 0x9C,  
 769              0xE1, 0x3E, 0x8C,  
 770              0xF0, 0x7F, 0x85,  
 771              0x40, 0x14, 0x21,  
 772              0x44, 0x24, 0x63, 
 773              0x48, 0x54, 0xA7, 
 774              0x4C, 0xA4, 0xED,  
 775              0x51, 0x15, 0x35, 
 776              0x55, 0xA5, 0x7F,  
 777              0x5A, 0x55, 0xCB, 
 778              0x5F, 0x26, 0x19,  
 779              0x64, 0x16, 0x69,  
 780              0x69, 0x26, 0xBB, 
 781              0x6E, 0x57, 0x10, 
 782              0x73, 0xA7, 0x66, 
 783              0x79, 0x17, 0xBE, 
 784              0x7E, 0xB8, 0x18, 
 785              0x84, 0x68, 0x74,  
 786              0x8A, 0x38, 0xD2,  
 787              0x90, 0x29, 0x32,  
 788              0x96, 0x39, 0x94, 
 789              0x9C, 0x69, 0xF8, 
 790              0xA2, 0xBA, 0x5E,   
 791              0xA9, 0x2A, 0xC6,   
 792              0xAF, 0xBB, 0x31,   
 793              0xB6, 0x6B, 0x9D,   
 794              0xBD, 0x3C, 0x0B,  
 795              0xC4, 0x3C, 0x7B,  
C51 COMPILER V8.12   RL6432_SERIES_COLORPCMTABLE                                           05/25/2022 15:55:40 PAGE 14  

 796              0xCB, 0x4C, 0xED,  
 797              0xD2, 0x7D, 0x61,   
 798              0xD9, 0xCD, 0xD7,   
 799              0xE1, 0x3E, 0x4F,   
 800              0xE8, 0xCE, 0xC9,   
 801              0xF0, 0x7F, 0x46,  
 802              0xF8, 0x4F, 0xC4,   
 803              0xFF, 0xC0, 0x00,  
 804              0x1F, 0x3F,
 805          };
 806          
 807          
 808          BYTE code tPCM_INPUT_GAMMA_21[] =
 809          {
 810              0x00, 0x00, 0x02,
 811              0x00, 0xB0, 0x19,
 812              0x02, 0xD0, 0x48,
 813              0x06, 0xA0, 0x93,
 814              0x0C, 0x20, 0xF9,
 815              0x13, 0x61, 0x7B,
 816              0x1C, 0x72, 0x1A,
 817              0x27, 0x52, 0xD7,
 818              0x34, 0x13, 0xB2,
 819              0x42, 0xA4, 0xAB,
 820              0x53, 0x25, 0xC2,
 821              0x65, 0x96, 0xF8,
 822              0x79, 0xF8, 0x4E,
 823              0x90, 0x49, 0xC2,
 824              0xA8, 0x9B, 0x57,
 825              0xC2, 0xDD, 0x0B,
 826              0xDF, 0x2E, 0xE0,
 827              0xFD, 0x64, 0x35,
 828              0x47, 0x74, 0xBB,
 829              0x50, 0x05, 0x48,
 830              0x59, 0x25, 0xDE,
 831              0x62, 0xC6, 0x7C,
 832              0x6C, 0xE7, 0x22,
 833              0x77, 0x87, 0xD1,
 834              0x82, 0xB8, 0x88,
 835              0x8E, 0x69, 0x47,
 836              0x9A, 0xAA, 0x0F,
 837              0xA7, 0x6A, 0xDF,
 838              0xB4, 0xAB, 0xB8,
 839              0xC2, 0x7C, 0x99,
 840              0xD0, 0xDD, 0x83,
 841              0xDF, 0xBE, 0x75,
 842              0xEF, 0x2F, 0x71,
 843              0xFF, 0x14, 0x1D,
 844              0x43, 0xE4, 0x60,
 845              0x48, 0x34, 0xA5,
 846              0x4C, 0x94, 0xED,
 847              0x51, 0x15, 0x37,
 848              0x55, 0xC5, 0x82,
 849              0x5A, 0x95, 0xD0,
 850              0x5F, 0x86, 0x21,
 851              0x64, 0xA6, 0x73,
 852              0x69, 0xD6, 0xC8,
 853              0x6F, 0x37, 0x1F,
 854              0x74, 0xB7, 0x78,
 855              0x7A, 0x57, 0xD3,
 856              0x80, 0x18, 0x31,
 857              0x86, 0x08, 0x90,
C51 COMPILER V8.12   RL6432_SERIES_COLORPCMTABLE                                           05/25/2022 15:55:40 PAGE 15  

 858              0x8C, 0x18, 0xF2,
 859              0x92, 0x49, 0x57,
 860              0x98, 0xA9, 0xBD,
 861              0x9F, 0x1A, 0x26,
 862              0xA5, 0xBA, 0x91,
 863              0xAC, 0x8A, 0xFE,
 864              0xB3, 0x6B, 0x6E,
 865              0xBA, 0x7B, 0xE0,
 866              0xC1, 0xAC, 0x54,
 867              0xC8, 0xFC, 0xCB,
 868              0xD0, 0x7D, 0x43,
 869              0xD8, 0x1D, 0xBE,
 870              0xDF, 0xDE, 0x3C,
 871              0xE7, 0xBE, 0xBB,
 872              0xEF, 0xCF, 0x3D,
 873              0xF7, 0xFF, 0xC1,
 874              0xFF, 0xC0, 0x00,
 875              0x22, 0x42,
 876          };
 877          
 878          
 879          BYTE code tPCM_INPUT_GAMMA_28[] =
 880          {
 881              0x00, 0x00, 0x00,
 882              0x00, 0x10, 0x02,
 883              0x00, 0x40, 0x07,
 884              0x00, 0xC0, 0x13,
 885              0x01, 0xC0, 0x27,
 886              0x03, 0x40, 0x44,
 887              0x05, 0x70, 0x6D,
 888              0x08, 0x60, 0xA2,
 889              0x0C, 0x20, 0xE6,
 890              0x10, 0xE1, 0x3A,
 891              0x16, 0xB1, 0xA0,
 892              0x1D, 0xA2, 0x19,
 893              0x25, 0xD2, 0xA6,
 894              0x2F, 0x53, 0x49,
 895              0x3A, 0x34, 0x03,
 896              0x46, 0xA4, 0xD6,
 897              0x54, 0xA5, 0xC3,
 898              0x64, 0x46, 0xCC,
 899              0x75, 0xA7, 0xF0,
 900              0x88, 0xE9, 0x33,
 901              0x9E, 0x0A, 0x95,
 902              0xB5, 0x2C, 0x18,
 903              0xCE, 0x6D, 0xBC,
 904              0xE9, 0xBF, 0x83,
 905              0x41, 0xD4, 0x5C,
 906              0x49, 0xD4, 0xE0,
 907              0x52, 0x65, 0x6E,
 908              0x5B, 0x96, 0x06,
 909              0x65, 0x66, 0xA8,
 910              0x6F, 0xD7, 0x55,
 911              0x7A, 0xF8, 0x0C,
 912              0x86, 0xC8, 0xCF,
 913              0x93, 0x59, 0x9D,
 914              0xA0, 0x9A, 0x77,
 915              0xAE, 0x9B, 0x5D,
 916              0xBD, 0x5C, 0x50,
 917              0xCC, 0xED, 0x4F,
 918              0xDD, 0x3E, 0x5A,
 919              0xEE, 0x5F, 0x73,
C51 COMPILER V8.12   RL6432_SERIES_COLORPCMTABLE                                           05/25/2022 15:55:40 PAGE 16  

 920              0x40, 0x14, 0x26,
 921              0x44, 0xD4, 0x73,
 922              0x49, 0xB4, 0xC4,
 923              0x4E, 0xE5, 0x18,
 924              0x54, 0x45, 0x70,
 925              0x59, 0xD5, 0xCB,
 926              0x5F, 0xA6, 0x2B,
 927              0x65, 0xC6, 0x8E,
 928              0x6C, 0x16, 0xF5,
 929              0x72, 0xA7, 0x60,
 930              0x79, 0x77, 0xCF,
 931              0x80, 0x88, 0x42,
 932              0x87, 0xD8, 0xB9,
 933              0x8F, 0x69, 0x35,
 934              0x97, 0x49, 0xB4,
 935              0x9F, 0x6A, 0x39,
 936              0xA7, 0xCA, 0xC1,
 937              0xB0, 0x7B, 0x4E,
 938              0xB9, 0x7B, 0xE0,
 939              0xC2, 0xBC, 0x77,
 940              0xCC, 0x3D, 0x12,
 941              0xD6, 0x1D, 0xB1,
 942              0xE0, 0x3E, 0x56,
 943              0xEA, 0xAF, 0x00,
 944              0xF5, 0x6F, 0xAE,
 945              0xFF, 0xC0, 0x00,
 946              0x2F, 0x4D,
 947          };
 948          
 949          BYTE code tPCM_INPUT_GAMMA_BYPASS[] =
 950          {
 951              0x00, 0x02, 0x00,
 952              0x40, 0x06, 0x00,
 953              0x80, 0x0A, 0x00,
 954              0xC0, 0x0E, 0x00,
 955              0x40, 0x04, 0x80,
 956              0x50, 0x05, 0x80,
 957              0x60, 0x06, 0x80,
 958              0x70, 0x07, 0x80,
 959              0x80, 0x08, 0x80,
 960              0x90, 0x09, 0x80,
 961              0xA0, 0x0A, 0x80,
 962              0xB0, 0x0B, 0x80,
 963              0xC0, 0x0C, 0x80,
 964              0xD0, 0x0D, 0x80,
 965              0xE0, 0x0E, 0x80,
 966              0xF0, 0x0F, 0x80,
 967              0x40, 0x04, 0x20,
 968              0x44, 0x04, 0x60,
 969              0x48, 0x04, 0xA0,
 970              0x4C, 0x04, 0xE0,
 971              0x50, 0x05, 0x20,
 972              0x54, 0x05, 0x60,
 973              0x58, 0x05, 0xA0,
 974              0x5C, 0x05, 0xE0,
 975              0x60, 0x06, 0x20,
 976              0x64, 0x06, 0x60,
 977              0x68, 0x06, 0xA0,
 978              0x6C, 0x06, 0xE0,
 979              0x70, 0x07, 0x20,
 980              0x74, 0x07, 0x60,
 981              0x78, 0x07, 0xA0,
C51 COMPILER V8.12   RL6432_SERIES_COLORPCMTABLE                                           05/25/2022 15:55:40 PAGE 17  

 982              0x7C, 0x07, 0xE0,
 983              0x80, 0x08, 0x20,
 984              0x84, 0x08, 0x60,
 985              0x88, 0x08, 0xA0,
 986              0x8C, 0x08, 0xE0,
 987              0x90, 0x09, 0x20,
 988              0x94, 0x09, 0x60,
 989              0x98, 0x09, 0xA0,
 990              0x9C, 0x09, 0xE0,
 991              0xA0, 0x0A, 0x20,
 992              0xA4, 0x0A, 0x60,
 993              0xA8, 0x0A, 0xA0,
 994              0xAC, 0x0A, 0xE0,
 995              0xB0, 0x0B, 0x20,
 996              0xB4, 0x0B, 0x60,
 997              0xB8, 0x0B, 0xA0,
 998              0xBC, 0x0B, 0xE0,
 999              0xC0, 0x0C, 0x20,
1000              0xC4, 0x0C, 0x60,
1001              0xC8, 0x0C, 0xA0,
1002              0xCC, 0x0C, 0xE0,
1003              0xD0, 0x0D, 0x20,
1004              0xD4, 0x0D, 0x60,
1005              0xD8, 0x0D, 0xA0,
1006              0xDC, 0x0D, 0xE0,
1007              0xE0, 0x0E, 0x20,
1008              0xE4, 0x0E, 0x60,
1009              0xE8, 0x0E, 0xA0,
1010              0xEC, 0x0E, 0xE0,
1011              0xF0, 0x0F, 0x20,
1012              0xF4, 0x0F, 0x60,
1013              0xF8, 0x0F, 0xA0,
1014              0xFC, 0x0F, 0xE0,
1015              0xFF, 0xC0, 0x00,
1016              0x07, 0x1F,
1017          };
1018          
1019          code BYTE *tPCM_INPUTGAMMA[] =
1020          {
1021              tPCM_INPUTGAMMA_SRGB,
1022              tPCM_INPUTGAMMA_ADOBERGB,
1023              tPCM_INPUTGAMMA_SRGB, // UserDefine 
1024              tPCM_INPUTGAMMA_EBU,
1025              tPCM_INPUTGAMMA_SOFTPROFT,
1026              tPCM_INPUT_GAMMA_REC709GAMMA24,
1027              tPCM_INPUT_GAMMA_DCIP3,
1028              tPCM_INPUTGAMMA_SMPTEC,
1029              tPCM_INPUT_GAMMA_18,  // UserDefine2
1030              tPCM_INPUT_GAMMA_19,  // UserDefine3
1031              tPCM_INPUT_GAMMA_20,  // UserDefine4
1032              tPCM_INPUT_GAMMA_21,  // UserDefine5
1033              tPCM_INPUT_GAMMA_28,  // UserDefine6
1034              tPCM_INPUTGAMMA_DISPLAYP3, // _PCM_DISPLAY_P3
1035              tPCM_INPUT_GAMMA_BYPASS,   // _PCM_HDR_2084
1036          };
1037          
1038          
1039          //****************************************************************************
1040          // VARIABLE DECLARATIONS
1041          //****************************************************************************
1042          
1043          
C51 COMPILER V8.12   RL6432_SERIES_COLORPCMTABLE                                           05/25/2022 15:55:40 PAGE 18  

1044          //****************************************************************************
1045          // FUNCTION DECLARATIONS
1046          //****************************************************************************
1047          WORD ScalerColorPCMGetTableAddress(EnumPCMType enumPCMMode);
1048          BYTE ScalerColorPCMGetTableBank(void);
1049          
1050          //****************************************************************************
1051          // FUNCTION DEFINITIONS
1052          //****************************************************************************
1053          //--------------------------------------------------
1054          // Description  : Set PCM(Input Gamma, Output Gamma, Color Matrix)
1055          // Input Value  : PCM Type --> sRGB / AdobeRGB
1056          // Output Value : PCM table address
1057          //--------------------------------------------------
1058          WORD ScalerColorPCMGetTableAddress(EnumPCMType enumPCMMode)
1059          {
1060   1          return (WORD)tPCM_INPUTGAMMA[enumPCMMode];
1061   1      }
1062          
1063          //--------------------------------------------------
1064          // Description  : Set PCM(Input Gamma, Output Gamma, Color Matrix)
1065          // Input Value  : None
1066          // Output Value : PCM table bank
1067          //--------------------------------------------------
1068          BYTE ScalerColorPCMGetTableBank(void)
1069          {
1070   1          return GET_CURRENT_BANK_NUMBER();
1071   1      }


MODULE INFORMATION:   STATIC OVERLAYABLE
   CODE SIZE        =     31    ----
   CONSTANT SIZE    =   2803    ----
   XDATA SIZE       =   ----    ----
   PDATA SIZE       =   ----    ----
   DATA SIZE        =   ----    ----
   IDATA SIZE       =   ----    ----
   BIT SIZE         =   ----    ----
END OF MODULE INFORMATION.


C51 COMPILATION COMPLETE.  0 WARNING(S),  0 ERROR(S)
