C51 COMPILER V8.12   RL6432_SERIES_COLORPCMINPUTGAMMAADJUST                                05/25/2022 15:41:30 PAGE 1   


C51 COMPILER V8.12, COMPILATION OF MODULE RL6432_SERIES_COLORPCMINPUTGAMMAADJUST
OBJECT MODULE PLACED IN .\Output\RL6432_Series_ColorPCMInputGammaAdjust.obj
COMPILER INVOKED BY: C:\Keil\C51\BIN\C51.EXE Code\RL6432_Series_Color\RL6432_Series_ColorPCMInputGammaAdjust.c LARGE OPT
                    -IMIZE(9,SPEED) INCDIR(..\..\..\Common;..\Header;.\Header;..\..\ScalerFunction\Lib\Header;..\..\ScalerFunction\Header;..\
                    -..\ScalerCommonFunction\Lib\Header;..\..\ScalerCommonFunction\Header;..\..\RL6432_Series_Common\Lib\Header;..\..\RL6432_
                    -Series_Common\Header) DEFINE(_TRANSLATOR_SUPPORT=_OFF,_SCALER_TYPE=_RL6432_SERIES) DEBUG OBJECTEXTEND PRINT(.\Output\RL6
                    -432_Series_ColorPCMInputGammaAdjust.lst) OBJECT(.\Output\RL6432_Series_ColorPCMInputGammaAdjust.obj)

line level    source

   1          /********************************************************************************/
   2          /*   The  Software  is  proprietary,  confidential,  and  valuable to Realtek   */
   3          /*   Semiconductor  Corporation  ("Realtek").  All  rights, including but not   */
   4          /*   limited  to  copyrights,  patents,  trademarks, trade secrets, mask work   */
   5          /*   rights, and other similar rights and interests, are reserved to Realtek.   */
   6          /*   Without  prior  written  consent  from  Realtek,  copying, reproduction,   */
   7          /*   modification,  distribution,  or  otherwise  is strictly prohibited. The   */
   8          /*   Software  shall  be  kept  strictly  in  confidence,  and  shall  not be   */
   9          /*   disclosed to or otherwise accessed by any third party.                     */
  10          /*   c<2003> - <2012>                                                           */
  11          /*   The Software is provided "AS IS" without any warranty of any kind,         */
  12          /*   express, implied, statutory or otherwise.                                  */
  13          /********************************************************************************/
  14          
  15          //----------------------------------------------------------------------------------------------------
  16          // ID Code      : RL6432_Series_ColorPCMInputGammaAdjust.c
  17          // Update Note  :
  18          //----------------------------------------------------------------------------------------------------
  19          #include "RL6432_Series_ColorLibInternalInclude.h"
  20          
  21          //****************************************************************************
  22          // DEFINITIONS / MACROS
  23          //****************************************************************************
  24          #define _PCM_INPUTGAMMA_TABLE_SIZE              195
  25          
  26          
  27          //****************************************************************************
  28          // STRUCT / TYPE / ENUM DEFINITTIONS
  29          //****************************************************************************
  30          
  31          
  32          //****************************************************************************
  33          // CODE TABLES
  34          //****************************************************************************
  35          
  36          
  37          //****************************************************************************
  38          // VARIABLE DECLARATIONS
  39          //****************************************************************************
  40          
  41          
  42          //****************************************************************************
  43          // FUNCTION DECLARATIONS
  44          //****************************************************************************
  45          void ScalerColorPCMInputGammaAdjust(BYTE *pucGammaTableArray, BYTE ucBankNum);
  46          
  47          
  48          //****************************************************************************
  49          // FUNCTION DEFINITIONS
  50          //****************************************************************************
  51          
C51 COMPILER V8.12   RL6432_SERIES_COLORPCMINPUTGAMMAADJUST                                05/25/2022 15:41:30 PAGE 2   

  52          //--------------------------------------------------
  53          // Description  : Adjust Input gamma
  54          // Input Value  : IG Gamma Table Bank and IG Gamma table and Table Length
  55          // Output Value : None
  56          //--------------------------------------------------
  57          void ScalerColorPCMInputGammaAdjust(BYTE *pucGammaTableArray, BYTE ucBankNum)
  58          {
  59   1          // Enable Input Gamma Port Access
  60   1          ScalerSetBit(P9_A1_INPUT_GAMMA_CTRL, ~_BIT7, _BIT7);
  61   1      
  62   1          // Load Input Gamma Table
  63   1          ScalerBurstWrite(pucGammaTableArray, _PCM_INPUTGAMMA_TABLE_SIZE, ucBankNum, P9_A0_INPUT_GAMMA_PORT, _B
             -URSTWRITE_DATA_COMMON, _BURSTWRITE_FROM_FLASH);
  64   1      
  65   1          // Load Threshold
  66   1          ScalerBurstWrite(pucGammaTableArray + _PCM_INPUTGAMMA_TABLE_SIZE, 1, ucBankNum, P9_A2_INPUT_GAMMA_LOW_
             -THRE, _BURSTWRITE_DATA_COMMON, _BURSTWRITE_FROM_FLASH);
  67   1          ScalerBurstWrite(pucGammaTableArray + _PCM_INPUTGAMMA_TABLE_SIZE + 1, 1, ucBankNum, P9_A3_INPUT_GAMMA_
             -HIGH_THRE, _BURSTWRITE_DATA_COMMON, _BURSTWRITE_FROM_FLASH);
  68   1      
  69   1          // Disable Input Gamma Port Access
  70   1          ScalerSetBit(P9_A1_INPUT_GAMMA_CTRL, ~_BIT7, 0x00);
  71   1      }
  72          


MODULE INFORMATION:   STATIC OVERLAYABLE
   CODE SIZE        =    125    ----
   CONSTANT SIZE    =   ----    ----
   XDATA SIZE       =   ----       4
   PDATA SIZE       =   ----    ----
   DATA SIZE        =   ----    ----
   IDATA SIZE       =   ----    ----
   BIT SIZE         =   ----    ----
END OF MODULE INFORMATION.


C51 COMPILATION COMPLETE.  0 WARNING(S),  0 ERROR(S)
