C51 COMPILER V8.12   RL6432_SERIES_COLORICMENABLE                                          05/25/2022 15:41:28 PAGE 1   


C51 COMPILER V8.12, COMPILATION OF MODULE RL6432_SERIES_COLORICMENABLE
OBJECT MODULE PLACED IN .\Output\RL6432_Series_ColorICMEnable.obj
COMPILER INVOKED BY: C:\Keil\C51\BIN\C51.EXE Code\RL6432_Series_Color\RL6432_Series_ColorICMEnable.c LARGE OPTIMIZE(9,SP
                    -EED) INCDIR(..\..\..\Common;..\Header;.\Header;..\..\ScalerFunction\Lib\Header;..\..\ScalerFunction\Header;..\..\ScalerC
                    -ommonFunction\Lib\Header;..\..\ScalerCommonFunction\Header;..\..\RL6432_Series_Common\Lib\Header;..\..\RL6432_Series_Com
                    -mon\Header) DEFINE(_TRANSLATOR_SUPPORT=_OFF,_SCALER_TYPE=_RL6432_SERIES) DEBUG OBJECTEXTEND PRINT(.\Output\RL6432_Series
                    -_ColorICMEnable.lst) OBJECT(.\Output\RL6432_Series_ColorICMEnable.obj)

line level    source

   1          
   2          /********************************************************************************/
   3          /*   The  Software  is  proprietary,  confidential,  and  valuable to Realtek   */
   4          /*   Semiconductor  Corporation  ("Realtek").  All  rights, including but not   */
   5          /*   limited  to  copyrights,  patents,  trademarks, trade secrets, mask work   */
   6          /*   rights, and other similar rights and interests, are reserved to Realtek.   */
   7          /*   Without  prior  written  consent  from  Realtek,  copying, reproduction,   */
   8          /*   modification,  distribution,  or  otherwise  is strictly prohibited. The   */
   9          /*   Software  shall  be  kept  strictly  in  confidence,  and  shall  not be   */
  10          /*   disclosed to or otherwise accessed by any third party.                     */
  11          /*   c<2003> - <2012>                                                           */
  12          /*   The Software is provided "AS IS" without any warranty of any kind,         */
  13          /*   express, implied, statutory or otherwise.                                  */
  14          /********************************************************************************/
  15          
  16          //----------------------------------------------------------------------------------------------------
  17          // ID Code      : RL6432_Series_ColorICMEnable.c
  18          // Update Note  :
  19          //----------------------------------------------------------------------------------------------------
  20          #include "RL6432_Series_ColorLibInternalInclude.h"
  21          
  22          //****************************************************************************
  23          // DEFINITIONS / MACROS
  24          //****************************************************************************
  25          //--------------------------------------------------
  26          // Definitions of ICM
  27          //--------------------------------------------------
  28          
  29          
  30          //****************************************************************************
  31          // STRUCT / TYPE / ENUM DEFINITTIONS
  32          //****************************************************************************
  33          
  34          
  35          //****************************************************************************
  36          // CODE TABLES
  37          //****************************************************************************
  38          
  39          
  40          //****************************************************************************
  41          // VARIABLE DECLARATIONS
  42          //****************************************************************************
  43          
  44          
  45          //****************************************************************************
  46          // FUNCTION DECLARATIONS
  47          //****************************************************************************
  48          void ScalerColorICMEnable(EnumFunctionOnOFF enumOn);
  49          
  50          
  51          //****************************************************************************
C51 COMPILER V8.12   RL6432_SERIES_COLORICMENABLE                                          05/25/2022 15:41:28 PAGE 2   

  52          // FUNCTION DEFINITIONS
  53          //****************************************************************************
  54          //--------------------------------------------------
  55          // Description  : Enable/Disable ICM Function
  56          // Input Value  : EnumFunctionOnOFF
  57          // Output Value : None
  58          //--------------------------------------------------
  59          void ScalerColorICMEnable(EnumFunctionOnOFF enumOn)
  60          {
  61   1          if(enumOn == _FUNCTION_ON)
  62   1          {
  63   2              ScalerSetBit(P1_DB_DCLK_GATED_CTRL1, ~(_BIT4), _BIT4);
  64   2              ScalerSetBit(P7_D0_ICM_CONTROL, ~_BIT7, _BIT7);
  65   2          }
  66   1          else if(enumOn == _FUNCTION_OFF)
  67   1          {
  68   2              ScalerSetBit(P7_D0_ICM_CONTROL, ~(_BIT7), 0x00);
  69   2          }
  70   1          else
  71   1          {
  72   2              // gated on
  73   2              ScalerSetBit(P7_D0_ICM_CONTROL, ~(_BIT7), 0x00);
  74   2              ScalerTimerWaitForEvent(_EVENT_DVS);
  75   2              ScalerTimerDelayXms(2);
  76   2              ScalerSetBit(P1_DB_DCLK_GATED_CTRL1, ~(_BIT4), 0x00);
  77   2          }
  78   1      }


MODULE INFORMATION:   STATIC OVERLAYABLE
   CODE SIZE        =     59    ----
   CONSTANT SIZE    =   ----    ----
   XDATA SIZE       =   ----    ----
   PDATA SIZE       =   ----    ----
   DATA SIZE        =   ----    ----
   IDATA SIZE       =   ----    ----
   BIT SIZE         =   ----    ----
END OF MODULE INFORMATION.


C51 COMPILATION COMPLETE.  0 WARNING(S),  0 ERROR(S)
