C51 COMPILER V8.12   RL6432_SERIES_COLORCOLORCONVERSION                                    05/25/2022 15:41:23 PAGE 1   


C51 COMPILER V8.12, COMPILATION OF MODULE RL6432_SERIES_COLORCOLORCONVERSION
OBJECT MODULE PLACED IN .\Output\RL6432_Series_ColorColorConversion.obj
COMPILER INVOKED BY: C:\Keil\C51\BIN\C51.EXE Code\RL6432_Series_Color\RL6432_Series_ColorColorConversion.c LARGE OPTIMIZ
                    -E(9,SPEED) INCDIR(..\..\..\Common;..\Header;.\Header;..\..\ScalerFunction\Lib\Header;..\..\ScalerFunction\Header;..\..\S
                    -calerCommonFunction\Lib\Header;..\..\ScalerCommonFunction\Header;..\..\RL6432_Series_Common\Lib\Header;..\..\RL6432_Seri
                    -es_Common\Header) DEFINE(_TRANSLATOR_SUPPORT=_OFF,_SCALER_TYPE=_RL6432_SERIES) DEBUG OBJECTEXTEND PRINT(.\Output\RL6432_
                    -Series_ColorColorConversion.lst) OBJECT(.\Output\RL6432_Series_ColorColorConversion.obj)

line level    source

   1          /********************************************************************************/
   2          /*   The  Software  is  proprietary,  confidential,  and  valuable to Realtek   */
   3          /*   Semiconductor  Corporation  ("Realtek").  All  rights, including but not   */
   4          /*   limited  to  copyrights,  patents,  trademarks, trade secrets, mask work   */
   5          /*   rights, and other similar rights and interests, are reserved to Realtek.   */
   6          /*   Without  prior  written  consent  from  Realtek,  copying, reproduction,   */
   7          /*   modification,  distribution,  or  otherwise  is strictly prohibited. The   */
   8          /*   Software  shall  be  kept  strictly  in  confidence,  and  shall  not be   */
   9          /*   disclosed to or otherwise accessed by any third party.                     */
  10          /*   c<2003> - <2012>                                                           */
  11          /*   The Software is provided "AS IS" without any warranty of any kind,         */
  12          /*   express, implied, statutory or otherwise.                                  */
  13          /********************************************************************************/
  14          
  15          //----------------------------------------------------------------------------------------------------
  16          // ID Code      : RL6432_Series_ColorColorConversion.c
  17          // Update Note  :
  18          //----------------------------------------------------------------------------------------------------
  19          #include "RL6432_Series_ColorLibInternalInclude.h"
  20          
  21          //****************************************************************************
  22          // DEFINITIONS / MACROS
  23          //****************************************************************************
  24          
  25          
  26          //****************************************************************************
  27          // STRUCT / TYPE / ENUM DEFINITTIONS
  28          //****************************************************************************
  29          
  30          
  31          //****************************************************************************
  32          // CODE TABLES
  33          //****************************************************************************
  34          
  35          
  36          //****************************************************************************
  37          // VARIABLE DECLARATIONS
  38          //****************************************************************************
  39          
  40          
  41          //****************************************************************************
  42          // FUNCTION DECLARATIONS
  43          //****************************************************************************
  44          void ScalerColorSpaceConvert(EnumColorSpace enumColorSpace, EnumDBApply enumDBApply);
  45          
  46          
  47          //****************************************************************************
  48          // FUNCTION DEFINITIONS
  49          //****************************************************************************
  50          //--------------------------------------------------
  51          // Description  : Color Space Conversion function On/Off
C51 COMPILER V8.12   RL6432_SERIES_COLORCOLORCONVERSION                                    05/25/2022 15:41:23 PAGE 2   

  52          // Input Value  : Input Color Space, EnumDBApply
  53          // Output Value : None
  54          //--------------------------------------------------
  55          void ScalerColorSpaceConvert(EnumColorSpace enumColorSpace, EnumDBApply enumDBApply)
  56          {
  57   1          BYTE ucDVSCnt = ScalerColorSpaceConvertIDomainWaitEventForAutoBlockToggle();
  58   1      
  59   1          //////////////////////////////
  60   1          // I-Domain Color Conversion//
  61   1          //////////////////////////////
  62   1          if(GET_COLOR_SPACE_RGB(enumColorSpace) == _TRUE)
  63   1          {
  64   2              if(GET_INTERLACED_MODE() == _TRUE)
  65   2              {
  66   3                  // Enable I-Domain RGB2YUV
  67   3                  ScalerSetBit(P0_9C_RGB2YCC_CTRL, ~(_BIT4 | _BIT0), (_BIT4 | _BIT0));
  68   3              }
  69   2              else
  70   2              {
  71   3                  // Disable I-Domain RGB2YUV
  72   3                  ScalerSetBit(P0_9C_RGB2YCC_CTRL, ~(_BIT4 | _BIT0), 0x00);
  73   3              }
  74   2          }
  75   1          else
  76   1          {
  77   2              // Disable I-Domain RGB2YUV
  78   2              ScalerSetBit(P0_9C_RGB2YCC_CTRL, ~(_BIT4 | _BIT0), 0x00);
  79   2          }
  80   1      
  81   1          //////////////////////////////
  82   1          // D-Domain Color Conversion//
  83   1          //////////////////////////////
  84   1      
  85   1          ScalerColorSpaceConvertDDomainWaitEventForAutoBlockToggle(ucDVSCnt);
  86   1      
  87   1          // Load D-Domain YUV2RGB Table
  88   1          ScalerColorSpaceLoadYuv2RgbTable(enumColorSpace, _OFF);
  89   1      
  90   1          if(GET_COLOR_SPACE_RGB(enumColorSpace) == _TRUE)
  91   1          {
  92   2              if(GET_INTERLACED_MODE() == _TRUE)
  93   2              {
  94   3                  // Enable D-Domain YUV2RGB
  95   3                  ScalerSetBit(P14_A1_SR_YCC2RGB_CTRL, ~(_BIT5 | _BIT4 | _BIT0), _BIT0);
  96   3              }
  97   2              else
  98   2              {
  99   3                  if(GET_COLOR_RGB_LIMIT_RANGE_USER() == _TRUE)
 100   3                  {
 101   4                      // Enable D-Domain YUV2RGB & Identity_Matrix
 102   4                      ScalerSetBit(P14_A1_SR_YCC2RGB_CTRL, ~(_BIT5 | _BIT4 | _BIT0), (_BIT4 | _BIT0));
 103   4                  }
 104   3                  else
 105   3                  {
 106   4                      // Disable D-Domain YUV2RGB Identity_Matrix
 107   4                      ScalerSetBit(P14_A1_SR_YCC2RGB_CTRL, ~(_BIT5 | _BIT4 | _BIT0), 0x00);
 108   4                  }
 109   3              }
 110   2          }
 111   1          else
 112   1          {
 113   2              ScalerSetBit(P14_A1_SR_YCC2RGB_CTRL, ~(_BIT5 | _BIT4 | _BIT0), _BIT0);
C51 COMPILER V8.12   RL6432_SERIES_COLORCOLORCONVERSION                                    05/25/2022 15:41:23 PAGE 3   

 114   2          }
 115   1      
 116   1          if(GET_MEMORY_FRAME_BUFFER() != _MEMORY_1_5_FRAME_BUFFER)
 117   1          {
 118   2              if(GET_INTERLACED_MODE() == _TRUE)
 119   2              {
 120   3                  ScalerGlobalIDomainDBApply(enumDBApply);
 121   3                  ScalerGlobalDDomainDBApply(enumDBApply);
 122   3              }
 123   2              else
 124   2              {
 125   3                  if(enumDBApply == _DB_APPLY_NO_POLLING)
 126   3                  {
 127   4                      enumDBApply = _DB_APPLY_POLLING;
 128   4                  }
 129   3      
 130   3                  ScalerGlobalIDDomainDBApply(enumDBApply);
 131   3              }
 132   2          }
 133   1      }
 134          


MODULE INFORMATION:   STATIC OVERLAYABLE
   CODE SIZE        =    226    ----
   CONSTANT SIZE    =   ----    ----
   XDATA SIZE       =   ----       2
   PDATA SIZE       =   ----    ----
   DATA SIZE        =   ----    ----
   IDATA SIZE       =   ----    ----
   BIT SIZE         =   ----    ----
END OF MODULE INFORMATION.


C51 COMPILATION COMPLETE.  0 WARNING(S),  0 ERROR(S)
