C51 COMPILER V8.12   RL6432_SERIES_OSDFONTROTATECTRL                                       05/25/2022 15:41:38 PAGE 1   


C51 COMPILER V8.12, COMPILATION OF MODULE RL6432_SERIES_OSDFONTROTATECTRL
OBJECT MODULE PLACED IN .\Output\RL6432_Series_OsdFontRotateCtrl.obj
COMPILER INVOKED BY: C:\Keil\C51\BIN\C51.EXE Code\RL6432_Series_OSD\SRAM\RL6432_Series_OsdFontRotateCtrl.c LARGE OPTIMIZ
                    -E(9,SPEED) INCDIR(..\..\..\Common;..\Header;.\Header;..\..\ScalerFunction\Lib\Header;..\..\ScalerFunction\Header;..\..\S
                    -calerCommonFunction\Lib\Header;..\..\ScalerCommonFunction\Header;..\..\RL6432_Series_Common\Lib\Header;..\..\RL6432_Seri
                    -es_Common\Header) DEFINE(_TRANSLATOR_SUPPORT=_OFF,_SCALER_TYPE=_RL6432_SERIES) DEBUG OBJECTEXTEND PRINT(.\Output\RL6432_
                    -Series_OsdFontRotateCtrl.lst) OBJECT(.\Output\RL6432_Series_OsdFontRotateCtrl.obj)

line level    source

   1          /********************************************************************************/
   2          /*   The  Software  is  proprietary,  confidential,  and  valuable to Realtek   */
   3          /*   Semiconductor  Corporation  ("Realtek").  All  rights, including but not   */
   4          /*   limited  to  copyrights,  patents,  trademarks, trade secrets, mask work   */
   5          /*   rights, and other similar rights and interests, are reserved to Realtek.   */
   6          /*   Without  prior  written  consent  from  Realtek,  copying, reproduction,   */
   7          /*   modification,  distribution,  or  otherwise  is strictly prohibited. The   */
   8          /*   Software  shall  be  kept  strictly  in  confidence,  and  shall  not be   */
   9          /*   disclosed to or otherwise accessed by any third party.                     */
  10          /*   c<2003> - <2012>                                                           */
  11          /*   The Software is provided "AS IS" without any warranty of any kind,         */
  12          /*   express, implied, statutory or otherwise.                                  */
  13          /********************************************************************************/
  14          
  15          //----------------------------------------------------------------------------------------------------
  16          // ID Code      : RL6432_Series_OsdFontRotateCtrl.c
  17          // Update Note  :
  18          //----------------------------------------------------------------------------------------------------
  19          #include "RL6432_Series_OSDLibInternalInclude.h"
  20          
  21          //****************************************************************************
  22          // DEFINITIONS / MACROS
  23          //****************************************************************************
  24          
  25          
  26          //****************************************************************************
  27          // STRUCT / TYPE / ENUM DEFINITTIONS
  28          //****************************************************************************
  29          
  30          
  31          //****************************************************************************
  32          // CODE TABLES
  33          //****************************************************************************
  34          
  35          
  36          //****************************************************************************
  37          // VARIABLE DECLARATIONS
  38          //****************************************************************************
  39          
  40          
  41          //****************************************************************************
  42          // FUNCTION DECLARATIONS
  43          //****************************************************************************
  44          void ScalerOsdFontRotateCtrl(EnumOsdRotateType enumRotType, BYTE ucFontDownloadRotEn, BYTE ucDispRotEn);
  45          
  46          
  47          //****************************************************************************
  48          // FUNCTION DEFINITIONS
  49          //****************************************************************************
  50          //--------------------------------------------------
  51          // Description  : Set Osd Font Rotation
C51 COMPILER V8.12   RL6432_SERIES_OSDFONTROTATECTRL                                       05/25/2022 15:41:38 PAGE 2   

  52          // Input Value  : enumRotType
  53          // Input Value  : ucFontDownloadRotEn
  54          // Input Value  : ucDispRotEn
  55          // Output Value :
  56          //--------------------------------------------------
  57          void ScalerOsdFontRotateCtrl(EnumOsdRotateType enumRotType, BYTE ucFontDownloadRotEn, BYTE ucDispRotEn)
  58          {
  59   1          switch(enumRotType)
  60   1          {
  61   2              default:
  62   2              case _OSD_ROTATE_DEGREE_0:
  63   2                  ScalerSetBit(P3A_0B_FRAME_CTRL_0B, ~(_BIT7 | _BIT6), 0x00);
  64   2                  break;
  65   2      
  66   2              case _OSD_ROTATE_DEGREE_90:
  67   2                  ScalerSetBit(P3A_0B_FRAME_CTRL_0B, ~(_BIT7 | _BIT6), (_BIT7 | _BIT6));
  68   2                  break;
  69   2      
  70   2              case _OSD_ROTATE_DEGREE_270:
  71   2                  ScalerSetBit(P3A_0B_FRAME_CTRL_0B, ~(_BIT7 | _BIT6), _BIT7);
  72   2                  break;
  73   2      
  74   2              case _OSD_ROTATE_DEGREE_180:
  75   2                  ScalerSetBit(P3A_0B_FRAME_CTRL_0B, ~(_BIT7 | _BIT6), _BIT6);
  76   2                  break;
  77   2          }
  78   1      
  79   1          if(((bit)ucFontDownloadRotEn) == _ENABLE)
  80   1          {
  81   2              ScalerSetBit(P3A_0B_FRAME_CTRL_0B, ~_BIT2, _BIT2);
  82   2          }
  83   1          else
  84   1          {
  85   2              ScalerSetBit(P3A_0B_FRAME_CTRL_0B, ~_BIT2, 0x00);
  86   2          }
  87   1      
  88   1          if((enumRotType == _OSD_ROTATE_DEGREE_0) || (enumRotType == _OSD_ROTATE_DEGREE_180))
  89   1          {
  90   2              ScalerSetBit(P3A_0B_FRAME_CTRL_0B, ~_BIT0, 0x00);
  91   2          }
  92   1          else
  93   1          {
  94   2              ScalerSetBit(P3A_0B_FRAME_CTRL_0B, ~_BIT0, (bit)ucDispRotEn);
  95   2          }
  96   1      }
  97          
  98          /*
  99          //--------------------------------------------------
 100          // example
 101          //--------------------------------------------------
 102              ScalerOsdFontRotateCtrl(_OSD_ROTATE_DEGREE_90, _ENABLE, _OSD_ROTATE_ROTATION);
 103          */
 104          
 105          


MODULE INFORMATION:   STATIC OVERLAYABLE
   CODE SIZE        =     93    ----
   CONSTANT SIZE    =   ----    ----
   XDATA SIZE       =   ----    ----
   PDATA SIZE       =   ----    ----
   DATA SIZE        =   ----    ----
C51 COMPILER V8.12   RL6432_SERIES_OSDFONTROTATECTRL                                       05/25/2022 15:41:38 PAGE 3   

   IDATA SIZE       =   ----    ----
   BIT SIZE         =   ----    ----
END OF MODULE INFORMATION.


C51 COMPILATION COMPLETE.  0 WARNING(S),  0 ERROR(S)
