C51 COMPILER V8.12   RL6432_SERIES_COLORULTRAVIVIDENABLE                                   05/25/2022 15:41:33 PAGE 1   


C51 COMPILER V8.12, COMPILATION OF MODULE RL6432_SERIES_COLORULTRAVIVIDENABLE
OBJECT MODULE PLACED IN .\Output\RL6432_Series_ColorUltraVividEnable.obj
COMPILER INVOKED BY: C:\Keil\C51\BIN\C51.EXE Code\RL6432_Series_Color\RL6432_Series_ColorUltraVividEnable.c LARGE OPTIMI
                    -ZE(9,SPEED) INCDIR(..\..\..\Common;..\Header;.\Header;..\..\ScalerFunction\Lib\Header;..\..\ScalerFunction\Header;..\..\
                    -ScalerCommonFunction\Lib\Header;..\..\ScalerCommonFunction\Header;..\..\RL6432_Series_Common\Lib\Header;..\..\RL6432_Ser
                    -ies_Common\Header) DEFINE(_TRANSLATOR_SUPPORT=_OFF,_SCALER_TYPE=_RL6432_SERIES) DEBUG OBJECTEXTEND PRINT(.\Output\RL6432
                    -_Series_ColorUltraVividEnable.lst) OBJECT(.\Output\RL6432_Series_ColorUltraVividEnable.obj)

line level    source

   1          /********************************************************************************/
   2          /*   The  Software  is  proprietary,  confidential,  and  valuable to Realtek   */
   3          /*   Semiconductor  Corporation  ("Realtek").  All  rights, including but not   */
   4          /*   limited  to  copyrights,  patents,  trademarks, trade secrets, mask work   */
   5          /*   rights, and other similar rights and interests, are reserved to Realtek.   */
   6          /*   Without  prior  written  consent  from  Realtek,  copying, reproduction,   */
   7          /*   modification,  distribution,  or  otherwise  is strictly prohibited. The   */
   8          /*   Software  shall  be  kept  strictly  in  confidence,  and  shall  not be   */
   9          /*   disclosed to or otherwise accessed by any third party.                     */
  10          /*   c<2003> - <2012>                                                           */
  11          /*   The Software is provided "AS IS" without any warranty of any kind,         */
  12          /*   express, implied, statutory or otherwise.                                  */
  13          /********************************************************************************/
  14          
  15          //----------------------------------------------------------------------------------------------------
  16          // ID Code      : RL6432_Series_ColorUltraVividEnable.c
  17          // Update Note  :
  18          //----------------------------------------------------------------------------------------------------
  19          #include "RL6432_Series_ColorLibInternalInclude.h"
  20          
  21          //****************************************************************************
  22          // DEFINITIONS / MACROS
  23          //****************************************************************************
  24          
  25          
  26          //****************************************************************************
  27          // STRUCT / TYPE / ENUM DEFINITTIONS
  28          //****************************************************************************
  29          
  30          
  31          //****************************************************************************
  32          // CODE TABLES
  33          //****************************************************************************
  34          
  35          
  36          //****************************************************************************
  37          // VARIABLE DECLARATIONS
  38          //****************************************************************************
  39          
  40          
  41          //****************************************************************************
  42          // FUNCTION DECLARATIONS
  43          //****************************************************************************
  44          void ScalerColorUltraVividEnable(EnumFunctionOnOFF enumFunctionOnOff, EnumDBApply enumDBApply);
  45          
  46          //****************************************************************************
  47          // FUNCTION DEFINITIONS
  48          //****************************************************************************
  49          //--------------------------------------------------
  50          // Description  : Enable / Disable / Clock Gated UltraVivid Function
  51          // Input Value  : enumFunctionOnOff -> _ENABLE or _DISABLE or _CLCOK_GATED
C51 COMPILER V8.12   RL6432_SERIES_COLORULTRAVIVIDENABLE                                   05/25/2022 15:41:33 PAGE 2   

  52          // Output Value : None
  53          //--------------------------------------------------
  54          void ScalerColorUltraVividEnable(EnumFunctionOnOFF enumFunctionOnOff, EnumDBApply enumDBApply)
  55          {
  56   1          if(enumFunctionOnOff == _FUNCTION_ON)
  57   1          {
  58   2              // Disable UltraVivid Clock Gated
  59   2              ScalerSetBit(P0_1F_M1_ICLK_GATED_CTRL1, ~_BIT6, _BIT6);
  60   2      
  61   2              ScalerSetBit(P1_DB_DCLK_GATED_CTRL1, ~_BIT7, _BIT7);
  62   2      
  63   2              ScalerSetBit(P1_DB_DCLK_GATED_CTRL1, ~_BIT6, _BIT6);
  64   2      
  65   2              // Enable UltraVivid Function
  66   2              // ScalerSetBit(P11_A1_I_DLTI_CTRL_M1, ~_BIT0, _BIT0);
  67   2      
  68   2              ScalerSetBit(P14_C0_LSR_CTRL, ~_BIT7, _BIT7);
  69   2      
  70   2              // Bypass DSHP
  71   2              ScalerSetBit(P12_A0_SR_SHP_CTRL_0, ~(_BIT7 | _BIT6 | _BIT5 | _BIT4), _BIT7);
  72   2              ScalerSetBit(P12_A1_SR_SHP_CTRL_1, ~(_BIT2 | _BIT1 | _BIT0), 0x00);
  73   2      
  74   2              // Wait for Double Buffer
  75   2              ScalerGlobalIDDomainDBApply(enumDBApply);
  76   2          }
  77   1          else if(enumFunctionOnOff == _FUNCTION_OFF)
  78   1          {
  79   2              // Disable UltraVivid Clock Gated
  80   2              ScalerSetBit(P0_1F_M1_ICLK_GATED_CTRL1, ~_BIT6, _BIT6);
  81   2      
  82   2              ScalerSetBit(P1_DB_DCLK_GATED_CTRL1, ~_BIT7, _BIT7);
  83   2      
  84   2              ScalerSetBit(P1_DB_DCLK_GATED_CTRL1, ~_BIT6, _BIT6);
  85   2      
  86   2              // Disable UltraVivid Function
  87   2              ScalerSetBit(P11_A1_I_DLTI_CTRL_M1, ~_BIT0, 0x00);
  88   2      
  89   2              ScalerSetBit(P14_C0_LSR_CTRL, ~_BIT7, 0x00);
  90   2      
  91   2              // Bypass DSHP
  92   2              ScalerSetBit(P12_A0_SR_SHP_CTRL_0, ~(_BIT7 | _BIT6 | _BIT5 | _BIT4), _BIT7);
  93   2              ScalerSetBit(P12_A1_SR_SHP_CTRL_1, ~(_BIT2 | _BIT1 | _BIT0), 0x00);
  94   2      
  95   2              // Wait for Double Buffer
  96   2              ScalerGlobalIDDomainDBApply(enumDBApply);
  97   2          }
  98   1          else
  99   1          {
 100   2              // Disable UltraVivid Clock Gated
 101   2              ScalerSetBit(P0_1F_M1_ICLK_GATED_CTRL1, ~_BIT6, _BIT6);
 102   2      
 103   2              ScalerSetBit(P1_DB_DCLK_GATED_CTRL1, ~_BIT7, _BIT7);
 104   2      
 105   2              ScalerSetBit(P1_DB_DCLK_GATED_CTRL1, ~_BIT6, _BIT6);
 106   2      
 107   2              // Disable UltraVivid Function
 108   2              ScalerSetBit(P11_A1_I_DLTI_CTRL_M1, ~_BIT0, 0x00);
 109   2      
 110   2              ScalerSetBit(P14_C0_LSR_CTRL, ~_BIT7, 0x00);
 111   2      
 112   2              ScalerSetBit(P12_A0_SR_SHP_CTRL_0, ~_BIT7, 0x00);
 113   2      
C51 COMPILER V8.12   RL6432_SERIES_COLORULTRAVIVIDENABLE                                   05/25/2022 15:41:33 PAGE 3   

 114   2              // Wait for Double Buffer
 115   2              ScalerGlobalIDDomainDBApply(_DB_APPLY_POLLING);
 116   2      
 117   2              // Enable IDLTI Clock Gated
 118   2              ScalerSetBit(P0_1F_M1_ICLK_GATED_CTRL1, ~_BIT6, 0x00);
 119   2      
 120   2              // Enable LSR & D-SHP Clock Gated
 121   2              ScalerSetBit(P1_DB_DCLK_GATED_CTRL1, ~_BIT7, 0x00);
 122   2      
 123   2              ScalerSetBit(P1_DB_DCLK_GATED_CTRL1, ~_BIT6, 0x00);
 124   2          }
 125   1      }


MODULE INFORMATION:   STATIC OVERLAYABLE
   CODE SIZE        =    139    ----
   CONSTANT SIZE    =   ----    ----
   XDATA SIZE       =   ----       2
   PDATA SIZE       =   ----    ----
   DATA SIZE        =   ----    ----
   IDATA SIZE       =   ----    ----
   BIT SIZE         =   ----    ----
END OF MODULE INFORMATION.


C51 COMPILATION COMPLETE.  0 WARNING(S),  0 ERROR(S)
