C51 COMPILER V8.12   RL6432_SERIES_COLORGLOBALHUESATENABLE                                 05/25/2022 15:41:26 PAGE 1   


C51 COMPILER V8.12, COMPILATION OF MODULE RL6432_SERIES_COLORGLOBALHUESATENABLE
OBJECT MODULE PLACED IN .\Output\RL6432_Series_ColorGlobalHueSatEnable.obj
COMPILER INVOKED BY: C:\Keil\C51\BIN\C51.EXE Code\RL6432_Series_Color\RL6432_Series_ColorGlobalHueSatEnable.c LARGE OPTI
                    -MIZE(9,SPEED) INCDIR(..\..\..\Common;..\Header;.\Header;..\..\ScalerFunction\Lib\Header;..\..\ScalerFunction\Header;..\.
                    -.\ScalerCommonFunction\Lib\Header;..\..\ScalerCommonFunction\Header;..\..\RL6432_Series_Common\Lib\Header;..\..\RL6432_S
                    -eries_Common\Header) DEFINE(_TRANSLATOR_SUPPORT=_OFF,_SCALER_TYPE=_RL6432_SERIES) DEBUG OBJECTEXTEND PRINT(.\Output\RL64
                    -32_Series_ColorGlobalHueSatEnable.lst) OBJECT(.\Output\RL6432_Series_ColorGlobalHueSatEnable.obj)

line level    source

   1          /********************************************************************************/
   2          /*   The  Software  is  proprietary,  confidential,  and  valuable to Realtek   */
   3          /*   Semiconductor  Corporation  ("Realtek").  All  rights, including but not   */
   4          /*   limited  to  copyrights,  patents,  trademarks, trade secrets, mask work   */
   5          /*   rights, and other similar rights and interests, are reserved to Realtek.   */
   6          /*   Without  prior  written  consent  from  Realtek,  copying, reproduction,   */
   7          /*   modification,  distribution,  or  otherwise  is strictly prohibited. The   */
   8          /*   Software  shall  be  kept  strictly  in  confidence,  and  shall  not be   */
   9          /*   disclosed to or otherwise accessed by any third party.                     */
  10          /*   c<2003> - <2012>                                                           */
  11          /*   The Software is provided "AS IS" without any warranty of any kind,         */
  12          /*   express, implied, statutory or otherwise.                                  */
  13          /********************************************************************************/
  14          //-------------------------------------------------------------------------------------//
  15          // ID Code      : RL6432_Series_ColorGlobalHueSatEnable.c
  16          // Update Note  :
  17          //-------------------------------------------------------------------------------------//
  18          #include "RL6432_Series_ColorLibInternalInclude.h"
  19          
  20          //****************************************************************************
  21          // DEFINITIONS / MACROS
  22          //****************************************************************************
  23          
  24          
  25          //****************************************************************************
  26          // STRUCT / TYPE / ENUM DEFINITTIONS
  27          //****************************************************************************
  28          
  29          
  30          //****************************************************************************
  31          // CODE TABLES
  32          //****************************************************************************
  33          
  34          
  35          //****************************************************************************
  36          // VARIABLE DECLARATIONS
  37          //****************************************************************************
  38          
  39          
  40          //****************************************************************************
  41          // FUNCTION DECLARATIONS
  42          //****************************************************************************
  43          void ScalerColorSRGBEnable(EnumFunctionOnOFF enumOn);
  44          
  45          
  46          
  47          //****************************************************************************
  48          // FUNCTION DEFINITIONS
  49          //****************************************************************************
  50          //--------------------------------------------------
  51          // Description  : Enable/Disable SRGB function
C51 COMPILER V8.12   RL6432_SERIES_COLORGLOBALHUESATENABLE                                 05/25/2022 15:41:26 PAGE 2   

  52          // Input Value  : EnumFunctionOnOFF
  53          // Output Value : None
  54          //--------------------------------------------------
  55          void ScalerColorSRGBEnable(EnumFunctionOnOFF enumOn)
  56          {
  57   1          if(enumOn == _FUNCTION_ON)
  58   1          {
  59   2              ScalerSetBit(P1_DB_DCLK_GATED_CTRL1, ~_BIT1, _BIT1);
  60   2              ScalerSetBit(P0_62_SRGB_CTRL, ~_BIT2, _BIT2);
  61   2          }
  62   1          else if(enumOn == _FUNCTION_OFF)
  63   1          {
  64   2              ScalerSetBit(P0_62_SRGB_CTRL, ~_BIT2, 0x00);
  65   2          }
  66   1          else
  67   1          {
  68   2              ScalerSetBit(P0_62_SRGB_CTRL, ~_BIT2, 0x00);
  69   2              ScalerSetBit(P1_DB_DCLK_GATED_CTRL1, ~_BIT1, 0x00);
  70   2          }
  71   1      }
  72          


MODULE INFORMATION:   STATIC OVERLAYABLE
   CODE SIZE        =     47    ----
   CONSTANT SIZE    =   ----    ----
   XDATA SIZE       =   ----    ----
   PDATA SIZE       =   ----    ----
   DATA SIZE        =   ----    ----
   IDATA SIZE       =   ----    ----
   BIT SIZE         =   ----    ----
END OF MODULE INFORMATION.


C51 COMPILATION COMPLETE.  0 WARNING(S),  0 ERROR(S)
