C51 COMPILER V8.12   RL6432_SERIES_COLORCOLORCONVERSIONULTRAVI                             05/25/2022 15:41:24 PAGE 1   


C51 COMPILER V8.12, COMPILATION OF MODULE RL6432_SERIES_COLORCOLORCONVERSIONULTRAVI
OBJECT MODULE PLACED IN .\Output\RL6432_Series_ColorColorConversionUltraVividSupport.obj
COMPILER INVOKED BY: C:\Keil\C51\BIN\C51.EXE Code\RL6432_Series_Color\RL6432_Series_ColorColorConversionUltraVividSuppor
                    -t.c LARGE OPTIMIZE(9,SPEED) INCDIR(..\..\..\Common;..\Header;.\Header;..\..\ScalerFunction\Lib\Header;..\..\ScalerFuncti
                    -on\Header;..\..\ScalerCommonFunction\Lib\Header;..\..\ScalerCommonFunction\Header;..\..\RL6432_Series_Common\Lib\Header;
                    -..\..\RL6432_Series_Common\Header) DEFINE(_TRANSLATOR_SUPPORT=_OFF,_SCALER_TYPE=_RL6432_SERIES) DEBUG OBJECTEXTEND PRINT
                    -(.\Output\RL6432_Series_ColorColorConversionUltraVividSupport.lst) OBJECT(.\Output\RL6432_Series_ColorColorConversionUlt
                    -raVividSupport.obj)

line level    source

   1          /********************************************************************************/
   2          /*   The  Software  is  proprietary,  confidential,  and  valuable to Realtek   */
   3          /*   Semiconductor  Corporation  ("Realtek").  All  rights, including but not   */
   4          /*   limited  to  copyrights,  patents,  trademarks, trade secrets, mask work   */
   5          /*   rights, and other similar rights and interests, are reserved to Realtek.   */
   6          /*   Without  prior  written  consent  from  Realtek,  copying, reproduction,   */
   7          /*   modification,  distribution,  or  otherwise  is strictly prohibited. The   */
   8          /*   Software  shall  be  kept  strictly  in  confidence,  and  shall  not be   */
   9          /*   disclosed to or otherwise accessed by any third party.                     */
  10          /*   c<2003> - <2012>                                                           */
  11          /*   The Software is provided "AS IS" without any warranty of any kind,         */
  12          /*   express, implied, statutory or otherwise.                                  */
  13          /********************************************************************************/
  14          
  15          //----------------------------------------------------------------------------------------------------
  16          // ID Code      : RL6432_Series_ColorColorConversionUltraVividSupport.c
  17          // Update Note  :
  18          //----------------------------------------------------------------------------------------------------
  19          #include "RL6432_Series_ColorLibInternalInclude.h"
  20          
  21          //****************************************************************************
  22          // DEFINITIONS / MACROS
  23          //****************************************************************************
  24          
  25          
  26          //****************************************************************************
  27          // STRUCT / TYPE / ENUM DEFINITTIONS
  28          //****************************************************************************
  29          
  30          
  31          //****************************************************************************
  32          // CODE TABLES
  33          //****************************************************************************
  34          
  35          
  36          //****************************************************************************
  37          // VARIABLE DECLARATIONS
  38          //****************************************************************************
  39          
  40          
  41          //****************************************************************************
  42          // FUNCTION DECLARATIONS
  43          //****************************************************************************
  44          void ScalerColorSpaceConvertUltraVividSupport(EnumColorSpace enumColorSpace, EnumDBApply enumDBApply);
  45          
  46          
  47          //****************************************************************************
  48          // FUNCTION DEFINITIONS
  49          //****************************************************************************
  50          //--------------------------------------------------
C51 COMPILER V8.12   RL6432_SERIES_COLORCOLORCONVERSIONULTRAVI                             05/25/2022 15:41:24 PAGE 2   

  51          // Description  : Color Space Conversion function On/Off
  52          // Input Value  : Input Color Space, EnumDBApply
  53          // Output Value : None
  54          //--------------------------------------------------
  55          void ScalerColorSpaceConvertUltraVividSupport(EnumColorSpace enumColorSpace, EnumDBApply enumDBApply)
  56          {
  57   1          BYTE ucDVSCnt = ScalerColorSpaceConvertIDomainWaitEventForAutoBlockToggle();
  58   1      
  59   1          //////////////////////////////
  60   1          // I-Domain Color Conversion//
  61   1          //////////////////////////////
  62   1          if(GET_COLOR_SPACE_RGB(enumColorSpace) == _TRUE)
  63   1          {
  64   2              if((ScalerColorUltraVividGetStatus() == _ON) ||
  65   2                 (GET_INTERLACED_MODE() == _TRUE))
  66   2              {
  67   3                  // Enable I-Domain RGB2YUV
  68   3                  ScalerSetBit(P0_9C_RGB2YCC_CTRL, ~(_BIT4 | _BIT0), (_BIT4 | _BIT0));
  69   3              }
  70   2              else
  71   2              {
  72   3                  // Disable I-Domain RGB2YUV
  73   3                  ScalerSetBit(P0_9C_RGB2YCC_CTRL, ~(_BIT4 | _BIT0), 0x00);
  74   3              }
  75   2          }
  76   1          else
  77   1          {
  78   2              // Disable I-Domain RGB2YUV
  79   2              ScalerSetBit(P0_9C_RGB2YCC_CTRL, ~(_BIT4 | _BIT0), 0x00);
  80   2          }
  81   1      
  82   1          //////////////////////////////
  83   1          // D-Domain Color Conversion//
  84   1          //////////////////////////////
  85   1      
  86   1          ScalerColorSpaceConvertDDomainWaitEventForAutoBlockToggle(ucDVSCnt);
  87   1      
  88   1          // Load D-Domain YUV2RGB Table
  89   1          ScalerColorSpaceLoadYuv2RgbTable(enumColorSpace, _ON);
  90   1      
  91   1          if(GET_COLOR_SPACE_RGB(enumColorSpace) == _TRUE)
  92   1          {
  93   2              if((ScalerColorUltraVividGetStatus() == _ON) ||
  94   2                 (GET_INTERLACED_MODE() == _TRUE))
  95   2              {
  96   3                  // Enable D-Domain YUV2RGB
  97   3                  ScalerSetBit(P14_A1_SR_YCC2RGB_CTRL, ~(_BIT5 | _BIT4 | _BIT0), _BIT0);
  98   3              }
  99   2              else
 100   2              {
 101   3                  if(GET_COLOR_RGB_LIMIT_RANGE_USER() == _TRUE)
 102   3                  {
 103   4                      // Enable D-Domain YUV2RGB & Identity_Matrix
 104   4                      ScalerSetBit(P14_A1_SR_YCC2RGB_CTRL, ~(_BIT5 | _BIT4 | _BIT0), (_BIT4 | _BIT0));
 105   4                  }
 106   3                  else
 107   3                  {
 108   4                      // Disable D-Domain YUV2RGB Identity_Matrix
 109   4                      ScalerSetBit(P14_A1_SR_YCC2RGB_CTRL, ~(_BIT5 | _BIT4 | _BIT0), 0x00);
 110   4                  }
 111   3              }
 112   2          }
C51 COMPILER V8.12   RL6432_SERIES_COLORCOLORCONVERSIONULTRAVI                             05/25/2022 15:41:24 PAGE 3   

 113   1          else
 114   1          {
 115   2              ScalerSetBit(P14_A1_SR_YCC2RGB_CTRL, ~(_BIT5 | _BIT4 | _BIT0), _BIT0);
 116   2          }
 117   1      
 118   1          if(GET_MEMORY_FRAME_BUFFER() != _MEMORY_1_5_FRAME_BUFFER)
 119   1          {
 120   2              if(GET_INTERLACED_MODE() == _TRUE)
 121   2              {
 122   3                  ScalerGlobalIDomainDBApply(enumDBApply);
 123   3                  ScalerGlobalDDomainDBApply(enumDBApply);
 124   3              }
 125   2              else
 126   2              {
 127   3                  if(enumDBApply == _DB_APPLY_NO_POLLING)
 128   3                  {
 129   4                      enumDBApply = _DB_APPLY_POLLING;
 130   4                  }
 131   3      
 132   3                  ScalerGlobalIDDomainDBApply(enumDBApply);
 133   3              }
 134   2          }
 135   1      }
 136          


MODULE INFORMATION:   STATIC OVERLAYABLE
   CODE SIZE        =    239    ----
   CONSTANT SIZE    =   ----    ----
   XDATA SIZE       =   ----       3
   PDATA SIZE       =   ----    ----
   DATA SIZE        =   ----    ----
   IDATA SIZE       =   ----    ----
   BIT SIZE         =   ----    ----
END OF MODULE INFORMATION.


C51 COMPILATION COMPLETE.  0 WARNING(S),  0 ERROR(S)
