C51 COMPILER V8.12   RL6432_SERIES_COLORICMBRILOADTABLE                                    05/25/2022 15:41:28 PAGE 1   


C51 COMPILER V8.12, COMPILATION OF MODULE RL6432_SERIES_COLORICMBRILOADTABLE
OBJECT MODULE PLACED IN .\Output\RL6432_Series_ColorICMBRILoadTable.obj
COMPILER INVOKED BY: C:\Keil\C51\BIN\C51.EXE Code\RL6432_Series_Color\RL6432_Series_ColorICMBRILoadTable.c LARGE OPTIMIZ
                    -E(9,SPEED) INCDIR(..\..\..\Common;..\Header;.\Header;..\..\ScalerFunction\Lib\Header;..\..\ScalerFunction\Header;..\..\S
                    -calerCommonFunction\Lib\Header;..\..\ScalerCommonFunction\Header;..\..\RL6432_Series_Common\Lib\Header;..\..\RL6432_Seri
                    -es_Common\Header) DEFINE(_TRANSLATOR_SUPPORT=_OFF,_SCALER_TYPE=_RL6432_SERIES) DEBUG OBJECTEXTEND PRINT(.\Output\RL6432_
                    -Series_ColorICMBRILoadTable.lst) OBJECT(.\Output\RL6432_Series_ColorICMBRILoadTable.obj)

line level    source

   1          /********************************************************************************/
   2          /*   The  Software  is  proprietary,  confidential,  and  valuable to Realtek   */
   3          /*   Semiconductor  Corporation  ("Realtek").  All  rights, including but not   */
   4          /*   limited  to  copyrights,  patents,  trademarks, trade secrets, mask work   */
   5          /*   rights, and other similar rights and interests, are reserved to Realtek.   */
   6          /*   Without  prior  written  consent  from  Realtek,  copying, reproduction,   */
   7          /*   modification,  distribution,  or  otherwise  is strictly prohibited. The   */
   8          /*   Software  shall  be  kept  strictly  in  confidence,  and  shall  not be   */
   9          /*   disclosed to or otherwise accessed by any third party.                     */
  10          /*   c<2003> - <2012>                                                           */
  11          /*   The Software is provided "AS IS" without any warranty of any kind,         */
  12          /*   express, implied, statutory or otherwise.                                  */
  13          /********************************************************************************/
  14          
  15          //----------------------------------------------------------------------------------------------------
  16          // ID Code      : RL6432_Series_ColorICMBRILoadTable.c
  17          // Update Note  :
  18          //----------------------------------------------------------------------------------------------------
  19          #include "RL6432_Series_ColorLibInternalInclude.h"
  20          
  21          //****************************************************************************
  22          // DEFINITIONS / MACROS
  23          //****************************************************************************
  24          //--------------------------------------------------
  25          // Definitions of ICM Brightness
  26          //--------------------------------------------------
  27          #define _ICM_BRI_TABLE_SIZE                     8
  28          #define _ICM_BRI_TABLE_SIZE_LSB                 1
  29          #define _ONE_CM_TABLE_SIZE                      134
  30          #define _CMN_INDEX_OFFSET                       3
  31          #define _CMN_BRI_TABLE_OFFSET                   104
  32          #define _CMN_BRI_LSB_TABLE_OFFSET               136
  33          
  34          
  35          //****************************************************************************
  36          // STRUCT / TYPE / ENUM DEFINITTIONS
  37          //****************************************************************************
  38          
  39          
  40          //****************************************************************************
  41          // CODE TABLES
  42          //****************************************************************************
  43          
  44          
  45          //****************************************************************************
  46          // VARIABLE DECLARATIONS
  47          //****************************************************************************
  48          
  49          
  50          //****************************************************************************
  51          // FUNCTION DECLARATIONS
C51 COMPILER V8.12   RL6432_SERIES_COLORICMBRILOADTABLE                                    05/25/2022 15:41:28 PAGE 2   

  52          //****************************************************************************
  53          void ScalerColorICMBRILoadTable(BYTE code *pucICMTable, BYTE ucBankNum);
  54          
  55          
  56          //****************************************************************************
  57          // FUNCTION DEFINITIONS
  58          //****************************************************************************
  59          //--------------------------------------------------
  60          // Description   : Fill ICM Brightness table
  61          // Input Value   : pICMTable: ICM Table
  62          //                 ucBankNum: Bank Number
  63          //                 ucCMSel: ICM Select
  64          // Output Value  : None
  65          //--------------------------------------------------
  66          void ScalerColorICMBRILoadTable(BYTE code *pucICMTable, BYTE ucBankNum)
  67          {
  68   1          BYTE ucI = 0;
  69   1          BYTE ucCMSel = 0;
  70   1          BYTE ucTemp = 0;
  71   1      
  72   1          if(pucICMTable != NULL)
  73   1          {
  74   2              for(ucI = 0; ucI < 7; ucI++)
  75   2              {
  76   3                  ScalerFlashRead(ucBankNum, (WORD)(&pucICMTable[_CMN_INDEX_OFFSET + ucI * _ONE_CM_TABLE_SIZE]),
             - 1, &ucTemp);
  77   3      
  78   3                  switch(ucTemp)
  79   3                  {
  80   4                      case _ICM_0:
  81   4                          ucCMSel = 0;
  82   4                          break;
  83   4      
  84   4                      case _ICM_1:
  85   4                          ucCMSel = 1;
  86   4                          break;
  87   4      
  88   4                      case _ICM_2:
  89   4                          ucCMSel = 2;
  90   4                          break;
  91   4      
  92   4                      case _ICM_3:
  93   4                          ucCMSel = 3;
  94   4                          break;
  95   4      
  96   4                      case _ICM_4:
  97   4                          ucCMSel = 4;
  98   4                          break;
  99   4      
 100   4                      case _ICM_5:
 101   4                          ucCMSel = 5;
 102   4                          break;
 103   4      
 104   4                      default:
 105   4                          return;
 106   4                  }
 107   3      
 108   3                  ScalerSetBit(P7_D1_ICM_SEL, ~(_BIT2 | _BIT1 | _BIT0), ucCMSel);
 109   3                  ScalerSetByte(P7_D2_ICM_ADDR, _P7_D3_PT_67_PORT_CMN_BRI_RANGE);
 110   3                  ScalerBurstWrite(&pucICMTable[_CMN_BRI_TABLE_OFFSET + ucI * _ONE_CM_TABLE_SIZE], _ICM_BRI_TABL
             -E_SIZE, ucBankNum, P7_D3_ICM_DATA, _BURSTWRITE_DATA_COMMON, _BURSTWRITE_FROM_FLASH);
 111   3                  ScalerSetByte(P7_D2_ICM_ADDR, _P7_D3_PT_87_PORT_CMN_AXIS_DELY_L);
C51 COMPILER V8.12   RL6432_SERIES_COLORICMBRILOADTABLE                                    05/25/2022 15:41:28 PAGE 3   

 112   3                  ScalerBurstWrite(&pucICMTable[_CMN_BRI_LSB_TABLE_OFFSET + ucI * _ONE_CM_TABLE_SIZE], _ICM_BRI_
             -TABLE_SIZE_LSB, ucBankNum, P7_D3_ICM_DATA, _BURSTWRITE_DATA_COMMON, _BURSTWRITE_FROM_FLASH);
 113   3              }
 114   2          }
 115   1      }
 116          


MODULE INFORMATION:   STATIC OVERLAYABLE
   CODE SIZE        =    286    ----
   CONSTANT SIZE    =   ----    ----
   XDATA SIZE       =   ----       6
   PDATA SIZE       =   ----    ----
   DATA SIZE        =   ----    ----
   IDATA SIZE       =   ----    ----
   BIT SIZE         =   ----    ----
END OF MODULE INFORMATION.


C51 COMPILATION COMPLETE.  0 WARNING(S),  0 ERROR(S)
