C51 COMPILER V8.12   RL6432_SERIES_COLORDCRGETMAXRGB                                       05/25/2022 15:41:35 PAGE 1   


C51 COMPILER V8.12, COMPILATION OF MODULE RL6432_SERIES_COLORDCRGETMAXRGB
OBJECT MODULE PLACED IN .\Output\RL6432_Series_ColorDCRGetMaxRGB.obj
COMPILER INVOKED BY: C:\Keil\C51\BIN\C51.EXE Code\RL6432_Series_Color\RL6432_Series_ColorDCRGetMaxRGB.c LARGE OPTIMIZE(9
                    -,SPEED) INCDIR(..\..\..\Common;..\Header;.\Header;..\..\ScalerFunction\Lib\Header;..\..\ScalerFunction\Header;..\..\Scal
                    -erCommonFunction\Lib\Header;..\..\ScalerCommonFunction\Header;..\..\RL6432_Series_Common\Lib\Header;..\..\RL6432_Series_
                    -Common\Header) DEFINE(_TRANSLATOR_SUPPORT=_OFF,_SCALER_TYPE=_RL6432_SERIES) DEBUG OBJECTEXTEND PRINT(.\Output\RL6432_Ser
                    -ies_ColorDCRGetMaxRGB.lst) OBJECT(.\Output\RL6432_Series_ColorDCRGetMaxRGB.obj)

line level    source

   1          /********************************************************************************/
   2          /*   The  Software  is  proprietary,  confidential,  and  valuable to Realtek   */
   3          /*   Semiconductor  Corporation  ("Realtek").  All  rights, including but not   */
   4          /*   limited  to  copyrights,  patents,  trademarks, trade secrets, mask work   */
   5          /*   rights, and other similar rights and interests, are reserved to Realtek.   */
   6          /*   Without  prior  written  consent  from  Realtek,  copying, reproduction,   */
   7          /*   modification,  distribution,  or  otherwise  is strictly prohibited. The   */
   8          /*   Software  shall  be  kept  strictly  in  confidence,  and  shall  not be   */
   9          /*   disclosed to or otherwise accessed by any third party.                     */
  10          /*   c<2003> - <2012>                                                           */
  11          /*   The Software is provided "AS IS" without any warranty of any kind,         */
  12          /*   express, implied, statutory or otherwise.                                  */
  13          /********************************************************************************/
  14          
  15          //----------------------------------------------------------------------------------------------------
  16          // ID Code      : RL6432_Series_ColorDCRGetMaxRGB.c
  17          // Update Note  :
  18          //----------------------------------------------------------------------------------------------------
  19          #include "RL6432_Series_ColorLibInternalInclude.h"
  20          
  21          //****************************************************************************
  22          // DEFINITIONS / MACROS
  23          //****************************************************************************
  24          
  25          
  26          //****************************************************************************
  27          // STRUCT / TYPE / ENUM DEFINITTIONS
  28          //****************************************************************************
  29          
  30          
  31          //****************************************************************************
  32          // CODE TABLES
  33          //****************************************************************************
  34          
  35          
  36          //****************************************************************************
  37          // VARIABLE DECLARATIONS
  38          //****************************************************************************
  39          
  40          
  41          //****************************************************************************
  42          // FUNCTION DECLARATIONS
  43          //****************************************************************************
  44          WORD ScalerColorDCRGetMaxRGB(void);
  45          
  46          
  47          //****************************************************************************
  48          // FUNCTION DEFINITIONS
  49          //****************************************************************************
  50          //--------------------------------------------------
  51          // Description  : Get DCR Max RGB
C51 COMPILER V8.12   RL6432_SERIES_COLORDCRGETMAXRGB                                       05/25/2022 15:41:35 PAGE 2   

  52          // Input Value  : None
  53          // Output Value : Max RGB
  54          //--------------------------------------------------
  55          WORD ScalerColorDCRGetMaxRGB(void)
  56          {
  57   1          WORD usResult = 0;
  58   1      
  59   1          if(GET_DCR_READY_STATUS() == _FALSE)
  60   1          {
  61   2              return 0;
  62   2          }
  63   1      
  64   1          ScalerSetByte(P7_D8_DCR_ADDRESS_PORT, (_P7_D9_PT_14_DCR_HIGH_LV_VAL_R_1 << 2) | _BIT1 | _BIT0);
  65   1          ScalerRead(P7_D9_DCR_DATA_PORT, 1, pData, _NON_AUTOINC);
  66   1          ScalerSetByte(P7_D8_DCR_ADDRESS_PORT, (_P7_D9_PT_2C_DCR_HIGH_LV_VAL_R_0 << 2) | _BIT1 | _BIT0);
  67   1          ScalerRead(P7_D9_DCR_DATA_PORT, 1, &pData[1], _NON_AUTOINC);
  68   1          usResult = PDATA_WORD(0) >> 6;
  69   1      
  70   1          ScalerSetByte(P7_D8_DCR_ADDRESS_PORT, (_P7_D9_PT_1A_DCR_HIGH_LV_VAL_G_1 << 2) | _BIT1 | _BIT0);
  71   1          ScalerRead(P7_D9_DCR_DATA_PORT, 1, pData, _NON_AUTOINC);
  72   1          ScalerSetByte(P7_D8_DCR_ADDRESS_PORT, (_P7_D9_PT_2E_DCR_HIGH_LV_VAL_G_0 << 2) | _BIT1 | _BIT0);
  73   1          ScalerRead(P7_D9_DCR_DATA_PORT, 1, &pData[1], _NON_AUTOINC);
  74   1          if(usResult < (PDATA_WORD(0) >> 6))
  75   1          {
  76   2              usResult = PDATA_WORD(0) >> 6;
  77   2          }
  78   1      
  79   1          ScalerSetByte(P7_D8_DCR_ADDRESS_PORT, (_P7_D9_PT_20_DCR_HIGH_LV_VAL_B_1 << 2) | _BIT1 | _BIT0);
  80   1          ScalerRead(P7_D9_DCR_DATA_PORT, 1, pData, _NON_AUTOINC);
  81   1          ScalerSetByte(P7_D8_DCR_ADDRESS_PORT, (_P7_D9_PT_30_DCR_HIGH_LV_VAL_B_0 << 2) | _BIT1 | _BIT0);
  82   1          ScalerRead(P7_D9_DCR_DATA_PORT, 1, &pData[1], _NON_AUTOINC);
  83   1          if(usResult < (PDATA_WORD(0) >> 6))
  84   1          {
  85   2              usResult = PDATA_WORD(0) >> 6;
  86   2          }
  87   1          return usResult;
  88   1      }


MODULE INFORMATION:   STATIC OVERLAYABLE
   CODE SIZE        =    211    ----
   CONSTANT SIZE    =   ----    ----
   XDATA SIZE       =   ----       2
   PDATA SIZE       =   ----    ----
   DATA SIZE        =   ----    ----
   IDATA SIZE       =   ----    ----
   BIT SIZE         =   ----    ----
END OF MODULE INFORMATION.


C51 COMPILATION COMPLETE.  0 WARNING(S),  0 ERROR(S)
