C51 COMPILER V8.12   RL6432_SERIES_COLORDCCADJUST                                          05/25/2022 15:41:24 PAGE 1   


C51 COMPILER V8.12, COMPILATION OF MODULE RL6432_SERIES_COLORDCCADJUST
OBJECT MODULE PLACED IN .\Output\RL6432_Series_ColorDCCAdjust.obj
COMPILER INVOKED BY: C:\Keil\C51\BIN\C51.EXE Code\RL6432_Series_Color\RL6432_Series_ColorDCCAdjust.c LARGE OPTIMIZE(9,SP
                    -EED) INCDIR(..\..\..\Common;..\Header;.\Header;..\..\ScalerFunction\Lib\Header;..\..\ScalerFunction\Header;..\..\ScalerC
                    -ommonFunction\Lib\Header;..\..\ScalerCommonFunction\Header;..\..\RL6432_Series_Common\Lib\Header;..\..\RL6432_Series_Com
                    -mon\Header) DEFINE(_TRANSLATOR_SUPPORT=_OFF,_SCALER_TYPE=_RL6432_SERIES) DEBUG OBJECTEXTEND PRINT(.\Output\RL6432_Series
                    -_ColorDCCAdjust.lst) OBJECT(.\Output\RL6432_Series_ColorDCCAdjust.obj)

line level    source

   1          /********************************************************************************/
   2          /*   The  Software  is  proprietary,  confidential,  and  valuable to Realtek   */
   3          /*   Semiconductor  Corporation  ("Realtek").  All  rights, including but not   */
   4          /*   limited  to  copyrights,  patents,  trademarks, trade secrets, mask work   */
   5          /*   rights, and other similar rights and interests, are reserved to Realtek.   */
   6          /*   Without  prior  written  consent  from  Realtek,  copying, reproduction,   */
   7          /*   modification,  distribution,  or  otherwise  is strictly prohibited. The   */
   8          /*   Software  shall  be  kept  strictly  in  confidence,  and  shall  not be   */
   9          /*   disclosed to or otherwise accessed by any third party.                     */
  10          /*   c<2003> - <2012>                                                           */
  11          /*   The Software is provided "AS IS" without any warranty of any kind,         */
  12          /*   express, implied, statutory or otherwise.                                  */
  13          /********************************************************************************/
  14          
  15          //----------------------------------------------------------------------------------------------------
  16          // ID Code      : RL6432_Series_ColorDCCAdjust.c
  17          // Update Note  :
  18          //----------------------------------------------------------------------------------------------------
  19          #include "RL6432_Series_ColorLibInternalInclude.h"
  20          
  21          //****************************************************************************
  22          // DEFINITIONS / MACROS
  23          //****************************************************************************
  24          //--------------------------------------------------
  25          // Table Length
  26          //--------------------------------------------------
  27          #define _DCC_TABLE_SIZE_CTRL                    9
  28          #define _DCC_TABLE_SIZE_CTRL_LSB                5
  29          #define _DCC_TABLE_SIZE_CRV                     23
  30          #define _DCC_TABLE_SIZE_CRV_LSB                 54
  31          #define _DCC_ADJOPTION_TABLE_OFFSET             1
  32          #define _DCC_CONTORL_TABLE_OFFSET               3
  33          #define _DCC_CONTORL_LSB_TABLE_OFFSET           12
  34          #define _DCC_CURVE_TABLE_OFFSET                 17
  35          #define _DCC_CURVE_LSB_TABLE_OFFSET             40
  36          
  37          
  38          //****************************************************************************
  39          // STRUCT / TYPE / ENUM DEFINITTIONS
  40          //****************************************************************************
  41          
  42          
  43          //****************************************************************************
  44          // CODE TABLES
  45          //****************************************************************************
  46          
  47          
  48          //****************************************************************************
  49          // VARIABLE DECLARATIONS
  50          //****************************************************************************
  51          
C51 COMPILER V8.12   RL6432_SERIES_COLORDCCADJUST                                          05/25/2022 15:41:24 PAGE 2   

  52          
  53          //****************************************************************************
  54          // FUNCTION DECLARATIONS
  55          //****************************************************************************
  56          void ScalerColorDCCAdjust(BYTE code *pucDccTable, BYTE ucBankAddress);
  57          
  58          
  59          //****************************************************************************
  60          // FUNCTION DEFINITIONS
  61          //****************************************************************************
  62          
  63          //--------------------------------------------------
  64          // Description  : Adjust DCC Parameter
  65          // Input Value  : pDccTable -> DCC control&user_curve register table
  66          //                ucBankAddress -> Bank address
  67          //                ucAdjustOption ->
  68          //                        _BIT7: _BURSTWRITE_FROM_FLASH / _BURSTWRITE_FROM_XRAM
  69          //                        _BIT6: Y_FORMULA -> 0: Y = (2R+5G+B)/8, 1: Y = (5R+8G+3B)/16
  70          //                        _BIT5: SOFT_CLAMP -> 0: Disable, 1: Enable
  71          //                        _BIT4: DCC_MODE -> 0:Auto Mode, 1: Manual Mode
  72          //                        _BIT3: SCENE_CHANGE -> 0: Disable, 1: Enable
  73          //                        _BIT1: Saturation Compensation -> 0: Disable, 1: Enable
  74          //                        _BIT0: BLD_MODE -> 0: old mode, 1: new mode
  75          // Output Value : None
  76          //--------------------------------------------------
  77          void ScalerColorDCCAdjust(BYTE code *pucDccTable, BYTE ucBankAddress)
  78          {
  79   1          BYTE ucAdjustOption = 0;
  80   1      
  81   1          if(pucDccTable != NULL)
  82   1          {
  83   2              ScalerFlashRead(ucBankAddress, (WORD)(&pucDccTable[_DCC_ADJOPTION_TABLE_OFFSET]), 1, &ucAdjustOpti
             -on);
  84   2              // Load DCC table after DCC Flag Done
  85   2              ScalerTimerPollingFlagProc(20, P7_C8_DCC_CTRL_1, _BIT6, 1);
  86   2      
  87   2              ScalerSetBit(P7_C7_DCC_CTRL_0, ~(_BIT1 | _BIT0), _PAGE0);
  88   2              ScalerSetByte(P7_C9_DCC_ADDRESS_PORT, _P7_CA_PT_03_PORT_PAGE0_BBE_CTRL);
  89   2              ScalerBurstWrite(&pucDccTable[_DCC_CONTORL_TABLE_OFFSET], _DCC_TABLE_SIZE_CTRL, ucBankAddress, P7_
             -CA_DCC_DATA_PORT, _BURSTWRITE_DATA_COMMON, (bit)(ucAdjustOption & _BIT7));
  90   2              ScalerSetByte(P7_C9_DCC_ADDRESS_PORT, _P7_CA_PT_17_PORT_PAGE0_YHL_THD);
  91   2              ScalerBurstWrite(&pucDccTable[_DCC_CONTORL_LSB_TABLE_OFFSET], _DCC_TABLE_SIZE_CTRL_LSB, ucBankAddr
             -ess, P7_CA_DCC_DATA_PORT, _BURSTWRITE_DATA_COMMON, (bit)(ucAdjustOption & _BIT7));
  92   2      
  93   2              // Fill DCC user curve table
  94   2              // Select page1
  95   2              ScalerSetBit(P7_C7_DCC_CTRL_0, ~(_BIT1 | _BIT0), _PAGE1);
  96   2              ScalerSetByte(P7_C9_DCC_ADDRESS_PORT, _P7_CA_PT_00_PORT_PAGE1_DEF_CRV01_H);
  97   2              ScalerBurstWrite(&pucDccTable[_DCC_CURVE_TABLE_OFFSET], _DCC_TABLE_SIZE_CRV, ucBankAddress, P7_CA_
             -DCC_DATA_PORT, _BURSTWRITE_DATA_COMMON, (bit)(ucAdjustOption & _BIT7));
  98   2              ScalerSetByte(P7_C9_DCC_ADDRESS_PORT, _P7_CA_PT_1B_PORT_PAGE1_DEF_CRV00_HALF_H);
  99   2              ScalerBurstWrite(&pucDccTable[_DCC_CURVE_LSB_TABLE_OFFSET], _DCC_TABLE_SIZE_CRV_LSB, ucBankAddress
             -, P7_CA_DCC_DATA_PORT, _BURSTWRITE_DATA_COMMON, (bit)(ucAdjustOption & _BIT7));
 100   2      
 101   2              ScalerSetBit(P7_C8_DCC_CTRL_1, ~(_BIT5 | _BIT4), ((ucAdjustOption & (_BIT1 | _BIT0)) << 4));
 102   2              ScalerSetBit(P7_C7_DCC_CTRL_0, ~(_BIT7 | _BIT6 | _BIT5 | _BIT4 | _BIT3 | _BIT2), ((ucAdjustOption 
             -& (_BIT6 | _BIT5 | _BIT4 | _BIT3)) | _BIT7));
 103   2          }
 104   1      }


MODULE INFORMATION:   STATIC OVERLAYABLE
C51 COMPILER V8.12   RL6432_SERIES_COLORDCCADJUST                                          05/25/2022 15:41:24 PAGE 3   

   CODE SIZE        =    256    ----
   CONSTANT SIZE    =   ----    ----
   XDATA SIZE       =   ----       4
   PDATA SIZE       =   ----    ----
   DATA SIZE        =   ----    ----
   IDATA SIZE       =   ----    ----
   BIT SIZE         =   ----    ----
END OF MODULE INFORMATION.


C51 COMPILATION COMPLETE.  0 WARNING(S),  0 ERROR(S)
