C51 COMPILER V8.12   RL6432_SERIES_COLORMDOMAINFORCEYUV                                    05/25/2022 15:41:35 PAGE 1   


C51 COMPILER V8.12, COMPILATION OF MODULE RL6432_SERIES_COLORMDOMAINFORCEYUV
OBJECT MODULE PLACED IN .\Output\RL6432_Series_ColorMdomainForceYUV.obj
COMPILER INVOKED BY: C:\Keil\C51\BIN\C51.EXE Code\RL6432_Series_Color\RL6432_Series_ColorMdomainForceYUV.c LARGE OPTIMIZ
                    -E(9,SPEED) INCDIR(..\..\..\Common;..\Header;.\Header;..\..\ScalerFunction\Lib\Header;..\..\ScalerFunction\Header;..\..\S
                    -calerCommonFunction\Lib\Header;..\..\ScalerCommonFunction\Header;..\..\RL6432_Series_Common\Lib\Header;..\..\RL6432_Seri
                    -es_Common\Header) DEFINE(_TRANSLATOR_SUPPORT=_OFF,_SCALER_TYPE=_RL6432_SERIES) DEBUG OBJECTEXTEND PRINT(.\Output\RL6432_
                    -Series_ColorMdomainForceYUV.lst) OBJECT(.\Output\RL6432_Series_ColorMdomainForceYUV.obj)

line level    source

   1          /********************************************************************************/
   2          /*   The  Software  is  proprietary,  confidential,  and  valuable to Realtek   */
   3          /*   Semiconductor  Corporation  ("Realtek").  All  rights, including but not   */
   4          /*   limited  to  copyrights,  patents,  trademarks, trade secrets, mask work   */
   5          /*   rights, and other similar rights and interests, are reserved to Realtek.   */
   6          /*   Without  prior  written  consent  from  Realtek,  copying, reproduction,   */
   7          /*   modification,  distribution,  or  otherwise  is strictly prohibited. The   */
   8          /*   Software  shall  be  kept  strictly  in  confidence,  and  shall  not be   */
   9          /*   disclosed to or otherwise accessed by any third party.                     */
  10          /*   c<2003> - <2012>                                                           */
  11          /*   The Software is provided "AS IS" without any warranty of any kind,         */
  12          /*   express, implied, statutory or otherwise.                                  */
  13          /********************************************************************************/
  14          
  15          //----------------------------------------------------------------------------------------------------
  16          // ID Code      : RL6432_Series_ColorMdomainForceYUV.c
  17          // Update Note  :
  18          //----------------------------------------------------------------------------------------------------
  19          #include "RL6432_Series_ColorLibInternalInclude.h"
  20          
  21          //****************************************************************************
  22          // DEFINITIONS / MACROS
  23          //****************************************************************************
  24          
  25          
  26          //****************************************************************************
  27          // STRUCT / TYPE / ENUM DEFINITTIONS
  28          //****************************************************************************
  29          
  30          
  31          //****************************************************************************
  32          // CODE TABLES
  33          //****************************************************************************
  34          
  35          
  36          //****************************************************************************
  37          // VARIABLE DECLARATIONS
  38          //****************************************************************************
  39          
  40          
  41          //****************************************************************************
  42          // FUNCTION DECLARATIONS
  43          //****************************************************************************
  44          void ScalerColorMdomainForceYUV(EnumColorSpace enumColorSpace, EnumDBApply enumDBApply);
  45          
  46          
  47          //****************************************************************************
  48          // FUNCTION DEFINITIONS
  49          //****************************************************************************
  50          //--------------------------------------------------
  51          // Description  : Force YUV Color Format to M-domain
C51 COMPILER V8.12   RL6432_SERIES_COLORMDOMAINFORCEYUV                                    05/25/2022 15:41:35 PAGE 2   

  52          // Input Value  : Input Color Space, EnumDBApply
  53          // Output Value : None
  54          //--------------------------------------------------
  55          void ScalerColorMdomainForceYUV(EnumColorSpace enumColorSpace, EnumDBApply enumDBApply)
  56          {
  57   1          BYTE ucDVSCnt = ScalerColorSpaceConvertIDomainWaitEventForAutoBlockToggle();
  58   1      
  59   1          //////////////////////////////
  60   1          // I-Domain Color Conversion//
  61   1          //////////////////////////////
  62   1          if(GET_COLOR_SPACE_RGB(enumColorSpace) == _TRUE)
  63   1          {
  64   2              // Enable I-Domain RGB2YUV
  65   2              ScalerSetBit(P0_9C_RGB2YCC_CTRL, ~(_BIT4 | _BIT0), (_BIT4 | _BIT0));
  66   2          }
  67   1          else
  68   1          {
  69   2              // Disable I-Domain RGB2YUV
  70   2              ScalerSetBit(P0_9C_RGB2YCC_CTRL, ~(_BIT4 | _BIT0), 0x00);
  71   2          }
  72   1      
  73   1          //////////////////////////////
  74   1          // D-Domain Color Conversion//
  75   1          //////////////////////////////
  76   1      
  77   1          ScalerColorSpaceConvertDDomainWaitEventForAutoBlockToggle(ucDVSCnt);
  78   1      
  79   1          // Load D-Domain YUV2RGB Table
  80   1          ScalerColorSpaceLoadYuv2RgbTable(enumColorSpace, _OFF);
  81   1      
  82   1          // Enable D-Domain YUV2RGB
  83   1          ScalerSetBit(P14_A1_SR_YCC2RGB_CTRL, ~(_BIT5 | _BIT4 | _BIT0), _BIT0);
  84   1      
  85   1          if(GET_MEMORY_FRAME_BUFFER() != _MEMORY_1_5_FRAME_BUFFER)
  86   1          {
  87   2              if(GET_INTERLACED_MODE() == _TRUE)
  88   2              {
  89   3                  ScalerGlobalIDomainDBApply(enumDBApply);
  90   3                  ScalerGlobalDDomainDBApply(enumDBApply);
  91   3              }
  92   2              else
  93   2              {
  94   3                  if(enumDBApply == _DB_APPLY_NO_POLLING)
  95   3                  {
  96   4                      enumDBApply = _DB_APPLY_POLLING;
  97   4                  }
  98   3      
  99   3                  ScalerGlobalIDDomainDBApply(enumDBApply);
 100   3              }
 101   2          }
 102   1      }
 103          


MODULE INFORMATION:   STATIC OVERLAYABLE
   CODE SIZE        =    137    ----
   CONSTANT SIZE    =   ----    ----
   XDATA SIZE       =   ----       2
   PDATA SIZE       =   ----    ----
   DATA SIZE        =   ----    ----
   IDATA SIZE       =   ----    ----
   BIT SIZE         =   ----    ----
C51 COMPILER V8.12   RL6432_SERIES_COLORMDOMAINFORCEYUV                                    05/25/2022 15:41:35 PAGE 3   

END OF MODULE INFORMATION.


C51 COMPILATION COMPLETE.  0 WARNING(S),  0 ERROR(S)
