C51 COMPILER V8.12   RL6432_SERIES_COLORRGB3DGAMMAENABLE                                   05/25/2022 15:41:31 PAGE 1   


C51 COMPILER V8.12, COMPILATION OF MODULE RL6432_SERIES_COLORRGB3DGAMMAENABLE
OBJECT MODULE PLACED IN .\Output\RL6432_Series_ColorRGB3DGammaEnable.obj
COMPILER INVOKED BY: C:\Keil\C51\BIN\C51.EXE Code\RL6432_Series_Color\RL6432_Series_ColorRGB3DGammaEnable.c LARGE OPTIMI
                    -ZE(9,SPEED) INCDIR(..\..\..\Common;..\Header;.\Header;..\..\ScalerFunction\Lib\Header;..\..\ScalerFunction\Header;..\..\
                    -ScalerCommonFunction\Lib\Header;..\..\ScalerCommonFunction\Header;..\..\RL6432_Series_Common\Lib\Header;..\..\RL6432_Ser
                    -ies_Common\Header) DEFINE(_TRANSLATOR_SUPPORT=_OFF,_SCALER_TYPE=_RL6432_SERIES) DEBUG OBJECTEXTEND PRINT(.\Output\RL6432
                    -_Series_ColorRGB3DGammaEnable.lst) OBJECT(.\Output\RL6432_Series_ColorRGB3DGammaEnable.obj)

line level    source

   1          /********************************************************************************/
   2          /*   The  Software  is  proprietary,  confidential,  and  valuable to Realtek   */
   3          /*   Semiconductor  Corporation  ("Realtek").  All  rights, including but not   */
   4          /*   limited  to  copyrights,  patents,  trademarks, trade secrets, mask work   */
   5          /*   rights, and other similar rights and interests, are reserved to Realtek.   */
   6          /*   Without  prior  written  consent  from  Realtek,  copying, reproduction,   */
   7          /*   modification,  distribution,  or  otherwise  is strictly prohibited. The   */
   8          /*   Software  shall  be  kept  strictly  in  confidence,  and  shall  not be   */
   9          /*   disclosed to or otherwise accessed by any third party.                     */
  10          /*   c<2003> - <2012>                                                           */
  11          /*   The Software is provided "AS IS" without any warranty of any kind,         */
  12          /*   express, implied, statutory or otherwise.                                  */
  13          /********************************************************************************/
  14          
  15          //----------------------------------------------------------------------------------------------------
  16          // ID Code      : RL6432_Series_ColorRGB3DGammaEnable.c
  17          // Update Note  :
  18          //----------------------------------------------------------------------------------------------------
  19          #include "RL6432_Series_ColorLibInternalInclude.h"
  20          
  21          //****************************************************************************
  22          // DEFINITIONS / MACROS
  23          //****************************************************************************
  24          //--------------------------------------------------
  25          // Table Length
  26          //--------------------------------------------------
  27          
  28          
  29          
  30          //****************************************************************************
  31          // STRUCT / TYPE / ENUM DEFINITTIONS
  32          //****************************************************************************
  33          
  34          
  35          //****************************************************************************
  36          // CODE TABLES
  37          //****************************************************************************
  38          
  39          
  40          //****************************************************************************
  41          // VARIABLE DECLARATIONS
  42          //****************************************************************************
  43          
  44          
  45          //****************************************************************************
  46          // FUNCTION DECLARATIONS
  47          //****************************************************************************
  48          void ScalerColorRGB3DGammaEnable(EnumFunctionOnOFF enumOn);
  49          
  50          
  51          //****************************************************************************
C51 COMPILER V8.12   RL6432_SERIES_COLORRGB3DGAMMAENABLE                                   05/25/2022 15:41:31 PAGE 2   

  52          // FUNCTION DEFINITIONS
  53          //****************************************************************************
  54          //--------------------------------------------------
  55          // Description  : Enable/Disable 3D Gamma
  56          // Input Value  : _FUNCTION_ON / _FUNCTION_OFF/_FUNCTION_CLOCK_GATED
  57          // Output Value : None
  58          //--------------------------------------------------
  59          void ScalerColorRGB3DGammaEnable(EnumFunctionOnOFF enumOn)
  60          {
  61   1          if(enumOn == _FUNCTION_ON)
  62   1          {
  63   2              ScalerSetBit(P1_DB_DCLK_GATED_CTRL1, ~_BIT3, _BIT3);
  64   2              ScalerSetBit(P9_B0_RGB_3D_GAMMA_CTRL, ~_BIT7, _BIT7);
  65   2          }
  66   1          else if(enumOn == _FUNCTION_OFF)
  67   1          {
  68   2              ScalerSetBit(P9_B0_RGB_3D_GAMMA_CTRL, ~_BIT7, 0x00);
  69   2          }
  70   1          else // _FUNCTION_CLOCK_GATED
  71   1          {
  72   2              ScalerSetBit(P9_B0_RGB_3D_GAMMA_CTRL, ~_BIT7, 0x00);
  73   2              ScalerSetBit(P1_DB_DCLK_GATED_CTRL1, ~_BIT3, 0x00);
  74   2          }
  75   1      }
  76          


MODULE INFORMATION:   STATIC OVERLAYABLE
   CODE SIZE        =     47    ----
   CONSTANT SIZE    =   ----    ----
   XDATA SIZE       =   ----    ----
   PDATA SIZE       =   ----    ----
   DATA SIZE        =   ----    ----
   IDATA SIZE       =   ----    ----
   BIT SIZE         =   ----    ----
END OF MODULE INFORMATION.


C51 COMPILATION COMPLETE.  0 WARNING(S),  0 ERROR(S)
