C51 COMPILER V8.12   RL6432_SERIES_COLORHLWULTRAVIVIDADJUST                                05/25/2022 15:41:27 PAGE 1   


C51 COMPILER V8.12, COMPILATION OF MODULE RL6432_SERIES_COLORHLWULTRAVIVIDADJUST
OBJECT MODULE PLACED IN .\Output\RL6432_Series_ColorHLWUltraVividAdjust.obj
COMPILER INVOKED BY: C:\Keil\C51\BIN\C51.EXE Code\RL6432_Series_Color\RL6432_Series_ColorHLWUltraVividAdjust.c LARGE OPT
                    -IMIZE(9,SPEED) INCDIR(..\..\..\Common;..\Header;.\Header;..\..\ScalerFunction\Lib\Header;..\..\ScalerFunction\Header;..\
                    -..\ScalerCommonFunction\Lib\Header;..\..\ScalerCommonFunction\Header;..\..\RL6432_Series_Common\Lib\Header;..\..\RL6432_
                    -Series_Common\Header) DEFINE(_TRANSLATOR_SUPPORT=_OFF,_SCALER_TYPE=_RL6432_SERIES) DEBUG OBJECTEXTEND PRINT(.\Output\RL6
                    -432_Series_ColorHLWUltraVividAdjust.lst) OBJECT(.\Output\RL6432_Series_ColorHLWUltraVividAdjust.obj)

line level    source

   1          /********************************************************************************/
   2          /*   The  Software  is  proprietary,  confidential,  and  valuable to Realtek   */
   3          /*   Semiconductor  Corporation  ("Realtek").  All  rights, including but not   */
   4          /*   limited  to  copyrights,  patents,  trademarks, trade secrets, mask work   */
   5          /*   rights, and other similar rights and interests, are reserved to Realtek.   */
   6          /*   Without  prior  written  consent  from  Realtek,  copying, reproduction,   */
   7          /*   modification,  distribution,  or  otherwise  is strictly prohibited. The   */
   8          /*   Software  shall  be  kept  strictly  in  confidence,  and  shall  not be   */
   9          /*   disclosed to or otherwise accessed by any third party.                     */
  10          /*   c<2003> - <2012>                                                           */
  11          /*   The Software is provided "AS IS" without any warranty of any kind,         */
  12          /*   express, implied, statutory or otherwise.                                  */
  13          /********************************************************************************/
  14          
  15          //----------------------------------------------------------------------------------------------------
  16          // ID Code      : RL6432_Series_ColorHLWUltraVividAdjust.c
  17          // Update Note  :
  18          //----------------------------------------------------------------------------------------------------
  19          #include "RL6432_Series_ColorLibInternalInclude.h"
  20          
  21          //****************************************************************************
  22          // DEFINITIONS / MACROS
  23          //****************************************************************************
  24          
  25          
  26          //****************************************************************************
  27          // STRUCT / TYPE / ENUM DEFINITTIONS
  28          //****************************************************************************
  29          
  30          
  31          //****************************************************************************
  32          // CODE TABLES
  33          //****************************************************************************
  34          
  35          
  36          //****************************************************************************
  37          // VARIABLE DECLARATIONS
  38          //****************************************************************************
  39          
  40          
  41          //****************************************************************************
  42          // FUNCTION DECLARATIONS
  43          //****************************************************************************
  44          void ScalerColorHLWUltraVividAdjust(EnumHLWType enumHLWActive, EnumDBApply enumDBApply);
  45          
  46          
  47          //****************************************************************************
  48          // FUNCTION DEFINITIONS
  49          //****************************************************************************
  50          //--------------------------------------------------
  51          // Description  : Set ultravivid Highlight Window
C51 COMPILER V8.12   RL6432_SERIES_COLORHLWULTRAVIVIDADJUST                                05/25/2022 15:41:27 PAGE 2   

  52          // Input Value  : Highlight Window Active Region
  53          //                EnumDBApply
  54          // Output Value : None
  55          //--------------------------------------------------
  56          void ScalerColorHLWUltraVividAdjust(EnumHLWType enumHLWActive, EnumDBApply enumDBApply)
  57          {
  58   1          switch(enumHLWActive)
  59   1          {
  60   2              case _HLW_FULL_WINDOW:
  61   2                  ScalerSetBit(P11_B9_SCALER_LSR_HLW, ~(_BIT7 | _BIT6), 0x00);
  62   2                  ScalerSetBit(P11_DC_I_DLTI_HLW_CTRL_M1, ~(_BIT3 | _BIT2 | _BIT1 | _BIT0), 0x00);
  63   2                  ScalerSetDataPortBit(P0_60_HLW_ADDR_PORT, _P0_61_PT_0D_HLW_CONTROL1, ~(_BIT1 | _BIT0), (enumHL
             -WActive & 0x03));
  64   2                  break;
  65   2      
  66   2              case _HLW_INSIDE_WINDOW:
  67   2                  ScalerSetBit(P11_B9_SCALER_LSR_HLW, ~(_BIT7 | _BIT6), _BIT7);
  68   2                  ScalerSetBit(P11_DC_I_DLTI_HLW_CTRL_M1, ~(_BIT3 | _BIT2 | _BIT1 | _BIT0), _BIT1);
  69   2                  ScalerSetDataPortBit(P0_60_HLW_ADDR_PORT, _P0_61_PT_0D_HLW_CONTROL1, ~(_BIT1 | _BIT0), (enumHL
             -WActive & 0x03));
  70   2                  break;
  71   2      
  72   2              case _HLW_OUTSIDE_WINDOW:
  73   2                  ScalerSetBit(P11_B9_SCALER_LSR_HLW, ~(_BIT7 | _BIT6), _BIT7 | _BIT6);
  74   2                  ScalerSetBit(P11_DC_I_DLTI_HLW_CTRL_M1, ~(_BIT3 | _BIT2 | _BIT1 | _BIT0), (_BIT1 | _BIT0));
  75   2                  ScalerSetDataPortBit(P0_60_HLW_ADDR_PORT, _P0_61_PT_0D_HLW_CONTROL1, ~(_BIT1 | _BIT0), (enumHL
             -WActive & 0x03));
  76   2                  break;
  77   2      
  78   2              default:
  79   2                  break;
  80   2          }
  81   1      
  82   1          if(GET_INTERLACED_MODE() == _TRUE)
  83   1          {
  84   2              ScalerGlobalIDomainDBApply(enumDBApply);
  85   2              ScalerGlobalDDomainDBApply(enumDBApply);
  86   2          }
  87   1          else
  88   1          {
  89   2              ScalerGlobalIDDomainDBApply(enumDBApply);
  90   2          }
  91   1      }
  92          


MODULE INFORMATION:   STATIC OVERLAYABLE
   CODE SIZE        =    120    ----
   CONSTANT SIZE    =   ----    ----
   XDATA SIZE       =   ----       2
   PDATA SIZE       =   ----    ----
   DATA SIZE        =   ----    ----
   IDATA SIZE       =   ----    ----
   BIT SIZE         =   ----    ----
END OF MODULE INFORMATION.


C51 COMPILATION COMPLETE.  0 WARNING(S),  0 ERROR(S)
