C51 COMPILER V8.12   RL6432_SERIES_COLORDCCHISTOSETTING                                    05/25/2022 15:41:24 PAGE 1   


C51 COMPILER V8.12, COMPILATION OF MODULE RL6432_SERIES_COLORDCCHISTOSETTING
OBJECT MODULE PLACED IN .\Output\RL6432_Series_ColorDCCHistoSetting.obj
COMPILER INVOKED BY: C:\Keil\C51\BIN\C51.EXE Code\RL6432_Series_Color\RL6432_Series_ColorDCCHistoSetting.c LARGE OPTIMIZ
                    -E(9,SPEED) INCDIR(..\..\..\Common;..\Header;.\Header;..\..\ScalerFunction\Lib\Header;..\..\ScalerFunction\Header;..\..\S
                    -calerCommonFunction\Lib\Header;..\..\ScalerCommonFunction\Header;..\..\RL6432_Series_Common\Lib\Header;..\..\RL6432_Seri
                    -es_Common\Header) DEFINE(_TRANSLATOR_SUPPORT=_OFF,_SCALER_TYPE=_RL6432_SERIES) DEBUG OBJECTEXTEND PRINT(.\Output\RL6432_
                    -Series_ColorDCCHistoSetting.lst) OBJECT(.\Output\RL6432_Series_ColorDCCHistoSetting.obj)

line level    source

   1          /********************************************************************************/
   2          /*   The  Software  is  proprietary,  confidential,  and  valuable to Realtek   */
   3          /*   Semiconductor  Corporation  ("Realtek").  All  rights, including but not   */
   4          /*   limited  to  copyrights,  patents,  trademarks, trade secrets, mask work   */
   5          /*   rights, and other similar rights and interests, are reserved to Realtek.   */
   6          /*   Without  prior  written  consent  from  Realtek,  copying, reproduction,   */
   7          /*   modification,  distribution,  or  otherwise  is strictly prohibited. The   */
   8          /*   Software  shall  be  kept  strictly  in  confidence,  and  shall  not be   */
   9          /*   disclosed to or otherwise accessed by any third party.                     */
  10          /*   c<2003> - <2012>                                                           */
  11          /*   The Software is provided "AS IS" without any warranty of any kind,         */
  12          /*   express, implied, statutory or otherwise.                                  */
  13          /********************************************************************************/
  14          
  15          //----------------------------------------------------------------------------------------------------
  16          // ID Code      : RL6432_Series_ColorDCCHistoSetting.c
  17          // Update Note  :
  18          //----------------------------------------------------------------------------------------------------
  19          #include "RL6432_Series_ColorLibInternalInclude.h"
  20          
  21          //****************************************************************************
  22          // DEFINITIONS / MACROS
  23          //****************************************************************************
  24          //--------------------------------------------------
  25          // Definitions of DCC Histogram
  26          //--------------------------------------------------
  27          #define _DCC_HISTO_YMAX_LB                    0x00
  28          #define _DCC_HISTO_YMIN_HB                    0x3FF
  29          
  30          //****************************************************************************
  31          // STRUCT / TYPE / ENUM DEFINITTIONS
  32          //****************************************************************************
  33          
  34          
  35          //****************************************************************************
  36          // CODE TABLES
  37          //****************************************************************************
  38          
  39          
  40          //****************************************************************************
  41          // VARIABLE DECLARATIONS
  42          //****************************************************************************
  43          
  44          
  45          //****************************************************************************
  46          // FUNCTION DECLARATIONS
  47          //****************************************************************************
  48          void ScalerColorDCCHistoSetting(void);
  49          
  50          
  51          //****************************************************************************
C51 COMPILER V8.12   RL6432_SERIES_COLORDCCHISTOSETTING                                    05/25/2022 15:41:24 PAGE 2   

  52          // FUNCTION DEFINITIONS
  53          //****************************************************************************
  54          //--------------------------------------------------
  55          // Description  : Set Y_MAX_LB, Y_MIN_HB
  56          // Input Value  : None
  57          // Output Value : None
  58          //--------------------------------------------------
  59          void ScalerColorDCCHistoSetting(void)
  60          {
  61   1          // Set Y max lower bound and Y min higher bound
  62   1          ScalerSetBit(P7_C7_DCC_CTRL_0, ~(_BIT1 | _BIT0), _PAGE0);
  63   1          ScalerSetByte(P7_C9_DCC_ADDRESS_PORT, _P7_CA_PT_07_PORT_PAGE0_Y_MAX_LB_H);
  64   1          ScalerSetByte(P7_CA_DCC_DATA_PORT, (BYTE)(_DCC_HISTO_YMAX_LB >> 2));
  65   1          ScalerSetByte(P7_CA_DCC_DATA_PORT, (BYTE)(_DCC_HISTO_YMIN_HB >> 2));
  66   1          ScalerSetByte(P7_C9_DCC_ADDRESS_PORT, _P7_CA_PT_1A_PORT_PAGE0_Y_MAX_LB_L);
  67   1          ScalerSetByte(P7_CA_DCC_DATA_PORT, (BYTE)(_DCC_HISTO_YMAX_LB & (_BIT1 | _BIT0)));
  68   1          ScalerSetByte(P7_CA_DCC_DATA_PORT, (BYTE)(_DCC_HISTO_YMIN_HB & (_BIT1 | _BIT0)));
  69   1      
  70   1          // Enable DCC
  71   1          ScalerSetBit(P7_C7_DCC_CTRL_0, ~_BIT7, _BIT7);
  72   1      }


MODULE INFORMATION:   STATIC OVERLAYABLE
   CODE SIZE        =     41    ----
   CONSTANT SIZE    =   ----    ----
   XDATA SIZE       =   ----    ----
   PDATA SIZE       =   ----    ----
   DATA SIZE        =   ----    ----
   IDATA SIZE       =   ----    ----
   BIT SIZE         =   ----    ----
END OF MODULE INFORMATION.


C51 COMPILATION COMPLETE.  0 WARNING(S),  0 ERROR(S)
