C51 COMPILER V8.12   RL6432_SERIES_COLORDDITHERADVANCE                                     05/25/2022 15:41:26 PAGE 1   


C51 COMPILER V8.12, COMPILATION OF MODULE RL6432_SERIES_COLORDDITHERADVANCE
OBJECT MODULE PLACED IN .\Output\RL6432_Series_ColorDDitherAdvance.obj
COMPILER INVOKED BY: C:\Keil\C51\BIN\C51.EXE Code\RL6432_Series_Color\RL6432_Series_ColorDDitherAdvance.c LARGE OPTIMIZE
                    -(9,SPEED) INCDIR(..\..\..\Common;..\Header;.\Header;..\..\ScalerFunction\Lib\Header;..\..\ScalerFunction\Header;..\..\Sc
                    -alerCommonFunction\Lib\Header;..\..\ScalerCommonFunction\Header;..\..\RL6432_Series_Common\Lib\Header;..\..\RL6432_Serie
                    -s_Common\Header) DEFINE(_TRANSLATOR_SUPPORT=_OFF,_SCALER_TYPE=_RL6432_SERIES) DEBUG OBJECTEXTEND PRINT(.\Output\RL6432_S
                    -eries_ColorDDitherAdvance.lst) OBJECT(.\Output\RL6432_Series_ColorDDitherAdvance.obj)

line level    source

   1          /********************************************************************************/
   2          /*   The  Software  is  proprietary,  confidential,  and  valuable to Realtek   */
   3          /*   Semiconductor  Corporation  ("Realtek").  All  rights, including but not   */
   4          /*   limited  to  copyrights,  patents,  trademarks, trade secrets, mask work   */
   5          /*   rights, and other similar rights and interests, are reserved to Realtek.   */
   6          /*   Without  prior  written  consent  from  Realtek,  copying, reproduction,   */
   7          /*   modification,  distribution,  or  otherwise  is strictly prohibited. The   */
   8          /*   Software  shall  be  kept  strictly  in  confidence,  and  shall  not be   */
   9          /*   disclosed to or otherwise accessed by any third party.                     */
  10          /*   c<2003> - <2012>                                                           */
  11          /*   The Software is provided "AS IS" without any warranty of any kind,         */
  12          /*   express, implied, statutory or otherwise.                                  */
  13          /********************************************************************************/
  14          
  15          //----------------------------------------------------------------------------------------------------
  16          // ID Code      : RL6432_Series_ColorDDitherAdvance.c
  17          // Update Note  :
  18          //----------------------------------------------------------------------------------------------------
  19          #include "RL6432_Series_ColorLibInternalInclude.h"
  20          
  21          //****************************************************************************
  22          // DEFINITIONS / MACROS
  23          //****************************************************************************
  24          #define _DDITHER_REALIGN_TABLE_LENGTH           (48)
  25          #define _DDITHER_REALIGN_TEMPO_TABLE_LENGTH     (8)
  26          #define _DDITHER_LSB_TABLE_LENGTH               (16)
  27          #define _DDITHER_ADVANCESETTING_TABLE_LENGTH    (45)
  28          
  29          
  30          //****************************************************************************
  31          // STRUCT / TYPE / ENUM DEFINITTIONS
  32          //****************************************************************************
  33          
  34          
  35          //****************************************************************************
  36          // CODE TABLES
  37          //****************************************************************************
  38          
  39          
  40          //****************************************************************************
  41          // VARIABLE DECLARATIONS
  42          //****************************************************************************
  43          
  44          
  45          //****************************************************************************
  46          // FUNCTION DECLARATIONS
  47          //****************************************************************************
  48          void ScalerColorDDitherAdvanceSettingAdjust(BYTE code *pucReAlignTable, BYTE code *pucReAlignTempoTable, B
             -YTE code *pucLsbTable, BYTE code *pucAdvanceSettingTable, BYTE ucBankAddress);
  49          
  50          
C51 COMPILER V8.12   RL6432_SERIES_COLORDDITHERADVANCE                                     05/25/2022 15:41:26 PAGE 2   

  51          //****************************************************************************
  52          // FUNCTION DEFINITIONS
  53          //****************************************************************************
  54          //--------------------------------------------------
  55          // Description  : Adjust Advance Setting
  56          // Input Value  :
  57          //                pucReAlignTable : ReAlign Table Pointer
  58          //                pucReAlignTempoTable : ReAlign Temporal Table Pointer
  59          //                pucLsbTable : LSB Judge Table Pointer
  60          //                pucAdvanceSettingTable : Advance Setting Table Pointer
  61          //                ucBankAddress : Bank Address
  62          // Output Value : None
  63          //--------------------------------------------------
  64          void ScalerColorDDitherAdvanceSettingAdjust(BYTE code *pucReAlignTable, BYTE code *pucReAlignTempoTable, B
             -YTE code *pucLsbTable, BYTE code *pucAdvanceSettingTable, BYTE ucBankAddress)
  65          {
  66   1          BYTE ucData = 0;
  67   1      
  68   1          ScalerSetBit(P0_6A_D_DITHER_COMMON_CTRL1, ~(_BIT7 | _BIT6), 0x00);
  69   1      
  70   1          if(pucReAlignTable != _NULL_POINTER)
  71   1          {
  72   2              ScalerSetByte(P0_6B_D_DITHER_REGISTER_ADDR, _P0_69_PT_80_D_DITHER_REALIGN_SET_R0);
  73   2              ScalerBurstWrite(pucReAlignTable, _DDITHER_REALIGN_TABLE_LENGTH, ucBankAddress, P0_69_D_DITHER_DAT
             -A_ACCESS, _BURSTWRITE_DATA_COMMON, _BURSTWRITE_FROM_FLASH);
  74   2          }
  75   1      
  76   1          if(pucReAlignTempoTable != _NULL_POINTER)
  77   1          {
  78   2              ScalerSetByte(P0_6B_D_DITHER_REGISTER_ADDR, _P0_69_PT_B0_D_DITHER_REALIGN_OFFSET0);
  79   2              ScalerBurstWrite(pucReAlignTempoTable, _DDITHER_REALIGN_TEMPO_TABLE_LENGTH, ucBankAddress, P0_69_D
             -_DITHER_DATA_ACCESS, _BURSTWRITE_DATA_COMMON, _BURSTWRITE_FROM_FLASH);
  80   2          }
  81   1      
  82   1          if(pucLsbTable != _NULL_POINTER)
  83   1          {
  84   2              ScalerSetByte(P0_6B_D_DITHER_REGISTER_ADDR, _P0_69_PT_C0_D_DITHER_LSB_TABLE0);
  85   2              ScalerBurstWrite(pucLsbTable, _DDITHER_LSB_TABLE_LENGTH, ucBankAddress, P0_69_D_DITHER_DATA_ACCESS
             -, _BURSTWRITE_DATA_COMMON, _BURSTWRITE_FROM_FLASH);
  86   2          }
  87   1      
  88   1          if(pucAdvanceSettingTable != _NULL_POINTER)
  89   1          {
  90   2              ucData = ScalerGetByte(P0_6A_D_DITHER_COMMON_CTRL1) & _BIT5;
  91   2              ScalerBurstWrite(pucAdvanceSettingTable, 1, ucBankAddress, P0_6A_D_DITHER_COMMON_CTRL1, _BURSTWRIT
             -E_DATA_COMMON, _BURSTWRITE_FROM_FLASH);
  92   2              ScalerSetBit(P0_6A_D_DITHER_COMMON_CTRL1, ~(_BIT7 | _BIT6 | _BIT5), ucData);
  93   2      
  94   2              ScalerSetByte(P0_6B_D_DITHER_REGISTER_ADDR, _P0_69_PT_00_D_DITHER_COMMON_SET0);
  95   2              ScalerBurstWrite(pucAdvanceSettingTable + 1, _DDITHER_ADVANCESETTING_TABLE_LENGTH - 1, ucBankAddre
             -ss, P0_69_D_DITHER_DATA_ACCESS, _BURSTWRITE_DATA_COMMON, _BURSTWRITE_FROM_FLASH);
  96   2          }
  97   1      
  98   1          // reset frame counter
  99   1          ScalerSetByte(P0_6B_D_DITHER_REGISTER_ADDR, _P0_69_PT_01_D_DITHER_COMMON_SET1);
 100   1          ucData = ScalerGetByte(P0_69_D_DITHER_DATA_ACCESS) | _BIT7;
 101   1          ScalerSetByte(P0_6B_D_DITHER_REGISTER_ADDR, _P0_69_PT_01_D_DITHER_COMMON_SET1);
 102   1          ScalerSetByte(P0_69_D_DITHER_DATA_ACCESS, ucData);
 103   1      }


MODULE INFORMATION:   STATIC OVERLAYABLE
C51 COMPILER V8.12   RL6432_SERIES_COLORDDITHERADVANCE                                     05/25/2022 15:41:26 PAGE 3   

   CODE SIZE        =    273    ----
   CONSTANT SIZE    =   ----    ----
   XDATA SIZE       =   ----      10
   PDATA SIZE       =   ----    ----
   DATA SIZE        =   ----    ----
   IDATA SIZE       =   ----    ----
   BIT SIZE         =   ----    ----
END OF MODULE INFORMATION.


C51 COMPILATION COMPLETE.  0 WARNING(S),  0 ERROR(S)
