C51 COMPILER V8.12   RL6432_SERIES_COLORPCMINPUTGAMMAENABLE                                05/25/2022 15:41:30 PAGE 1   


C51 COMPILER V8.12, COMPILATION OF MODULE RL6432_SERIES_COLORPCMINPUTGAMMAENABLE
OBJECT MODULE PLACED IN .\Output\RL6432_Series_ColorPCMInputGammaEnable.obj
COMPILER INVOKED BY: C:\Keil\C51\BIN\C51.EXE Code\RL6432_Series_Color\RL6432_Series_ColorPCMInputGammaEnable.c LARGE OPT
                    -IMIZE(9,SPEED) INCDIR(..\..\..\Common;..\Header;.\Header;..\..\ScalerFunction\Lib\Header;..\..\ScalerFunction\Header;..\
                    -..\ScalerCommonFunction\Lib\Header;..\..\ScalerCommonFunction\Header;..\..\RL6432_Series_Common\Lib\Header;..\..\RL6432_
                    -Series_Common\Header) DEFINE(_TRANSLATOR_SUPPORT=_OFF,_SCALER_TYPE=_RL6432_SERIES) DEBUG OBJECTEXTEND PRINT(.\Output\RL6
                    -432_Series_ColorPCMInputGammaEnable.lst) OBJECT(.\Output\RL6432_Series_ColorPCMInputGammaEnable.obj)

line level    source

   1          /********************************************************************************/
   2          /*   The  Software  is  proprietary,  confidential,  and  valuable to Realtek   */
   3          /*   Semiconductor  Corporation  ("Realtek").  All  rights, including but not   */
   4          /*   limited  to  copyrights,  patents,  trademarks, trade secrets, mask work   */
   5          /*   rights, and other similar rights and interests, are reserved to Realtek.   */
   6          /*   Without  prior  written  consent  from  Realtek,  copying, reproduction,   */
   7          /*   modification,  distribution,  or  otherwise  is strictly prohibited. The   */
   8          /*   Software  shall  be  kept  strictly  in  confidence,  and  shall  not be   */
   9          /*   disclosed to or otherwise accessed by any third party.                     */
  10          /*   c<2003> - <2012>                                                           */
  11          /*   The Software is provided "AS IS" without any warranty of any kind,         */
  12          /*   express, implied, statutory or otherwise.                                  */
  13          /********************************************************************************/
  14          
  15          //----------------------------------------------------------------------------------------------------
  16          // ID Code      : RL6432_Series_ColorPCMInputGammaEnable.c
  17          // Update Note  :
  18          //----------------------------------------------------------------------------------------------------
  19          #include "RL6432_Series_ColorLibInternalInclude.h"
  20          
  21          //****************************************************************************
  22          // DEFINITIONS / MACROS
  23          //****************************************************************************
  24          
  25          //****************************************************************************
  26          // STRUCT / TYPE / ENUM DEFINITTIONS
  27          //****************************************************************************
  28          
  29          
  30          //****************************************************************************
  31          // CODE TABLES
  32          //****************************************************************************
  33          
  34          
  35          //****************************************************************************
  36          // VARIABLE DECLARATIONS
  37          //****************************************************************************
  38          
  39          
  40          //****************************************************************************
  41          // FUNCTION DECLARATIONS
  42          //****************************************************************************
  43          void ScalerColorPCMInputGammaEnable(EnumFunctionOnOFF enumOn);
  44          
  45          
  46          //****************************************************************************
  47          // FUNCTION DEFINITIONS
  48          //****************************************************************************
  49          //--------------------------------------------------
  50          // Description  : Enable/Disable Input gamma
  51          // Input Value  : _FUNCTION_ON / _FUNCTION_OFF /_FUNCTION_CLOCK_GATED
C51 COMPILER V8.12   RL6432_SERIES_COLORPCMINPUTGAMMAENABLE                                05/25/2022 15:41:30 PAGE 2   

  52          // Output Value : None
  53          //--------------------------------------------------
  54          void ScalerColorPCMInputGammaEnable(EnumFunctionOnOFF enumOn)
  55          {
  56   1          if(enumOn == _FUNCTION_ON)
  57   1          {
  58   2              // Disable Clock Gated
  59   2              ScalerSetBit(P1_DB_DCLK_GATED_CTRL1, ~_BIT2, _BIT2);
  60   2      
  61   2              ScalerSetBit(P9_A1_INPUT_GAMMA_CTRL, ~_BIT6, _BIT6);
  62   2          }
  63   1          else if(enumOn == _FUNCTION_OFF)
  64   1          {
  65   2              ScalerSetBit(P9_A1_INPUT_GAMMA_CTRL, ~_BIT6, 0x00);
  66   2          }
  67   1          else // _FUNCTION_CLOCK_GATED
  68   1          {
  69   2              ScalerSetBit(P9_A1_INPUT_GAMMA_CTRL, ~_BIT6, 0x00);
  70   2      
  71   2              // Enable Clock Gated
  72   2              ScalerSetBit(P1_DB_DCLK_GATED_CTRL1, ~_BIT2, 0x00);
  73   2          }
  74   1      }
  75          


MODULE INFORMATION:   STATIC OVERLAYABLE
   CODE SIZE        =     47    ----
   CONSTANT SIZE    =   ----    ----
   XDATA SIZE       =   ----    ----
   PDATA SIZE       =   ----    ----
   DATA SIZE        =   ----    ----
   IDATA SIZE       =   ----    ----
   BIT SIZE         =   ----    ----
END OF MODULE INFORMATION.


C51 COMPILATION COMPLETE.  0 WARNING(S),  0 ERROR(S)
