C51 COMPILER V8.12   RL6432_SERIES_COLORIAPSGAINENABLE                                     05/25/2022 15:41:27 PAGE 1   


C51 COMPILER V8.12, COMPILATION OF MODULE RL6432_SERIES_COLORIAPSGAINENABLE
OBJECT MODULE PLACED IN .\Output\RL6432_Series_ColorIAPSGainEnable.obj
COMPILER INVOKED BY: C:\Keil\C51\BIN\C51.EXE Code\RL6432_Series_Color\RL6432_Series_ColorIAPSGainEnable.c LARGE OPTIMIZE
                    -(9,SPEED) INCDIR(..\..\..\Common;..\Header;.\Header;..\..\ScalerFunction\Lib\Header;..\..\ScalerFunction\Header;..\..\Sc
                    -alerCommonFunction\Lib\Header;..\..\ScalerCommonFunction\Header;..\..\RL6432_Series_Common\Lib\Header;..\..\RL6432_Serie
                    -s_Common\Header) DEFINE(_TRANSLATOR_SUPPORT=_OFF,_SCALER_TYPE=_RL6432_SERIES) DEBUG OBJECTEXTEND PRINT(.\Output\RL6432_S
                    -eries_ColorIAPSGainEnable.lst) OBJECT(.\Output\RL6432_Series_ColorIAPSGainEnable.obj)

line level    source

   1          /********************************************************************************/
   2          /*   The  Software  is  proprietary,  confidential,  and  valuable to Realtek   */
   3          /*   Semiconductor  Corporation  ("Realtek").  All  rights, including but not   */
   4          /*   limited  to  copyrights,  patents,  trademarks, trade secrets, mask work   */
   5          /*   rights, and other similar rights and interests, are reserved to Realtek.   */
   6          /*   Without  prior  written  consent  from  Realtek,  copying, reproduction,   */
   7          /*   modification,  distribution,  or  otherwise  is strictly prohibited. The   */
   8          /*   Software  shall  be  kept  strictly  in  confidence,  and  shall  not be   */
   9          /*   disclosed to or otherwise accessed by any third party.                     */
  10          /*   c<2003> - <2012>                                                           */
  11          /*   The Software is provided "AS IS" without any warranty of any kind,         */
  12          /*   express, implied, statutory or otherwise.                                  */
  13          /********************************************************************************/
  14          
  15          //----------------------------------------------------------------------------------------------------
  16          // ID Code      : RL6432_Series_ColorIAPSGainEnable.c
  17          // Update Note  :
  18          //----------------------------------------------------------------------------------------------------
  19          #include "RL6432_Series_ColorLibInternalInclude.h"
  20          
  21          //****************************************************************************
  22          // DEFINITIONS / MACROS
  23          //****************************************************************************
  24          
  25          
  26          //****************************************************************************
  27          // STRUCT / TYPE / ENUM DEFINITTIONS
  28          //****************************************************************************
  29          
  30          
  31          //****************************************************************************
  32          // CODE TABLES
  33          //****************************************************************************
  34          
  35          
  36          //****************************************************************************
  37          // VARIABLE DECLARATIONS
  38          //****************************************************************************
  39          
  40          
  41          //****************************************************************************
  42          // FUNCTION DECLARATIONS
  43          //****************************************************************************
  44          void ScalerColorIAPSGainEnable(EnumFunctionOnOFF enumOn);
  45          
  46          
  47          //****************************************************************************
  48          // FUNCTION DEFINITIONS
  49          //****************************************************************************
  50          //--------------------------------------------------
  51          // Description  : Enable/Disable IAPS Gain Function
C51 COMPILER V8.12   RL6432_SERIES_COLORIAPSGAINENABLE                                     05/25/2022 15:41:27 PAGE 2   

  52          // Input Value  : EnumFunctionOnOFF
  53          // Output Value : None
  54          //--------------------------------------------------
  55          void ScalerColorIAPSGainEnable(EnumFunctionOnOFF enumOn)
  56          {
  57   1          if(enumOn == _FUNCTION_ON)
  58   1          {
  59   2              // Enable Soft Clamp and Iaps Gain
  60   2              ScalerSetBit(P7_E0_IAPS_GAIN_CTRL_M1, ~(_BIT1 | _BIT0), (_BIT1 | _BIT0));
  61   2      
  62   2              // Enable Double Buffer
  63   2              ScalerSetBit(P7_E4_IAPS_GAIN_DB_CTRL_M1, ~(_BIT0), _BIT0);
  64   2          }
  65   1          else
  66   1          {
  67   2              ScalerSetBit(P7_E0_IAPS_GAIN_CTRL_M1, ~(_BIT0), 0x00);
  68   2          }
  69   1      }


MODULE INFORMATION:   STATIC OVERLAYABLE
   CODE SIZE        =     28    ----
   CONSTANT SIZE    =   ----    ----
   XDATA SIZE       =   ----    ----
   PDATA SIZE       =   ----    ----
   DATA SIZE        =   ----    ----
   IDATA SIZE       =   ----    ----
   BIT SIZE         =   ----    ----
END OF MODULE INFORMATION.


C51 COMPILATION COMPLETE.  0 WARNING(S),  0 ERROR(S)
