C51 COMPILER V8.12   RL6432_SERIES_COLORRGBOUTPUTGAMMAINITIAL                              05/25/2022 15:41:32 PAGE 1   


C51 COMPILER V8.12, COMPILATION OF MODULE RL6432_SERIES_COLORRGBOUTPUTGAMMAINITIAL
OBJECT MODULE PLACED IN .\Output\RL6432_Series_ColorRGBOutputGammaInitial.obj
COMPILER INVOKED BY: C:\Keil\C51\BIN\C51.EXE Code\RL6432_Series_Color\RL6432_Series_ColorRGBOutputGammaInitial.c LARGE O
                    -PTIMIZE(9,SPEED) INCDIR(..\..\..\Common;..\Header;.\Header;..\..\ScalerFunction\Lib\Header;..\..\ScalerFunction\Header;.
                    -.\..\ScalerCommonFunction\Lib\Header;..\..\ScalerCommonFunction\Header;..\..\RL6432_Series_Common\Lib\Header;..\..\RL643
                    -2_Series_Common\Header) DEFINE(_TRANSLATOR_SUPPORT=_OFF,_SCALER_TYPE=_RL6432_SERIES) DEBUG OBJECTEXTEND PRINT(.\Output\R
                    -L6432_Series_ColorRGBOutputGammaInitial.lst) OBJECT(.\Output\RL6432_Series_ColorRGBOutputGammaInitial.obj)

line level    source

   1          /********************************************************************************/
   2          /*   The  Software  is  proprietary,  confidential,  and  valuable to Realtek   */
   3          /*   Semiconductor  Corporation  ("Realtek").  All  rights, including but not   */
   4          /*   limited  to  copyrights,  patents,  trademarks, trade secrets, mask work   */
   5          /*   rights, and other similar rights and interests, are reserved to Realtek.   */
   6          /*   Without  prior  written  consent  from  Realtek,  copying, reproduction,   */
   7          /*   modification,  distribution,  or  otherwise  is strictly prohibited. The   */
   8          /*   Software  shall  be  kept  strictly  in  confidence,  and  shall  not be   */
   9          /*   disclosed to or otherwise accessed by any third party.                     */
  10          /*   c<2003> - <2012>                                                           */
  11          /*   The Software is provided "AS IS" without any warranty of any kind,         */
  12          /*   express, implied, statutory or otherwise.                                  */
  13          /********************************************************************************/
  14          
  15          //----------------------------------------------------------------------------------------------------
  16          // ID Code      : RL6432_Series_ColorRGBOutputGammaInitial.c
  17          // Update Note  :
  18          //----------------------------------------------------------------------------------------------------
  19          #include "RL6432_Series_ColorLibInternalInclude.h"
  20          
  21          //****************************************************************************
  22          // DEFINITIONS / MACROS
  23          //****************************************************************************
  24          #define _RGB_GAMMA_START_POINT        8
  25          #define _RGB_GAMMA_BLEND_LAYER        0 // 0:63 1:127 2:255
  26          #define _RGB_GAMMA_CEN_TH             0 // 0:4 1:8
  27          
  28          //****************************************************************************
  29          // STRUCT / TYPE / ENUM DEFINITTIONS
  30          //****************************************************************************
  31          
  32          
  33          //****************************************************************************
  34          // CODE TABLES
  35          //****************************************************************************
  36          
  37          
  38          //****************************************************************************
  39          // VARIABLE DECLARATIONS
  40          //****************************************************************************
  41          
  42          
  43          //****************************************************************************
  44          // FUNCTION DECLARATIONS
  45          //****************************************************************************
  46          void ScalerColorRGBOutputGammaInitial(void);
  47          
  48          //****************************************************************************
  49          // FUNCTION DEFINITIONS
  50          //****************************************************************************
  51          //--------------------------------------------------
C51 COMPILER V8.12   RL6432_SERIES_COLORRGBOUTPUTGAMMAINITIAL                              05/25/2022 15:41:32 PAGE 2   

  52          // Description  : Adjust output gamma
  53          // Input Value  : SelRegion ans Gamma Table and Gamma Table Banks and Table Length
  54          // Output Value : None
  55          //--------------------------------------------------
  56          void ScalerColorRGBOutputGammaInitial(void)
  57          {
  58   1          ScalerSetByte(P9_D1_RGB_GAMMA_START_POINT_M1, _RGB_GAMMA_START_POINT);
  59   1      
  60   1          ScalerSetBit(P9_D2_RGB_GAMMA_ADJUST_M1, ~(_BIT5 | _BIT4), (_RGB_GAMMA_BLEND_LAYER << 4));
  61   1      
  62   1          ScalerSetBit(P9_D2_RGB_GAMMA_ADJUST_M1, ~_BIT0, _RGB_GAMMA_CEN_TH);
  63   1      }


MODULE INFORMATION:   STATIC OVERLAYABLE
   CODE SIZE        =     16    ----
   CONSTANT SIZE    =   ----    ----
   XDATA SIZE       =   ----    ----
   PDATA SIZE       =   ----    ----
   DATA SIZE        =   ----    ----
   IDATA SIZE       =   ----    ----
   BIT SIZE         =   ----    ----
END OF MODULE INFORMATION.


C51 COMPILATION COMPLETE.  0 WARNING(S),  0 ERROR(S)
