C51 COMPILER V8.12   SCALERCOLORDCRENABLE                                                  05/25/2022 15:40:58 PAGE 1   


C51 COMPILER V8.12, COMPILATION OF MODULE SCALERCOLORDCRENABLE
OBJECT MODULE PLACED IN .\Output\ScalerColorDCREnable.obj
COMPILER INVOKED BY: C:\Keil\C51\BIN\C51.EXE ..\..\ScalerFunction\Lib\Code\ScalerColor\ScalerColorDCREnable.c LARGE OPTI
                    -MIZE(9,SPEED) INCDIR(..\..\..\Common;..\Header;.\Header;..\..\ScalerFunction\Lib\Header;..\..\ScalerFunction\Header;..\.
                    -.\ScalerCommonFunction\Lib\Header;..\..\ScalerCommonFunction\Header;..\..\RL6432_Series_Common\Lib\Header;..\..\RL6432_S
                    -eries_Common\Header) DEFINE(_TRANSLATOR_SUPPORT=_OFF,_SCALER_TYPE=_RL6432_SERIES) DEBUG OBJECTEXTEND PRINT(.\Output\Scal
                    -erColorDCREnable.lst) OBJECT(.\Output\ScalerColorDCREnable.obj)

line level    source

   1          /********************************************************************************/
   2          /*   The  Software  is  proprietary,  confidential,  and  valuable to Realtek   */
   3          /*   Semiconductor  Corporation  ("Realtek").  All  rights, including but not   */
   4          /*   limited  to  copyrights,  patents,  trademarks, trade secrets, mask work   */
   5          /*   rights, and other similar rights and interests, are reserved to Realtek.   */
   6          /*   Without  prior  written  consent  from  Realtek,  copying, reproduction,   */
   7          /*   modification,  distribution,  or  otherwise  is strictly prohibited. The   */
   8          /*   Software  shall  be  kept  strictly  in  confidence,  and  shall  not be   */
   9          /*   disclosed to or otherwise accessed by any third party.                     */
  10          /*   c<2003> - <2012>                                                           */
  11          /*   The Software is provided "AS IS" without any warranty of any kind,         */
  12          /*   express, implied, statutory or otherwise.                                  */
  13          /********************************************************************************/
  14          
  15          //----------------------------------------------------------------------------------------------------
  16          // ID Code      : ScalerColorDCREnable.c
  17          // Update Note  :
  18          //----------------------------------------------------------------------------------------------------
  19          #include "ScalerColorLibInternalInclude.h"
  20          
  21          //****************************************************************************
  22          // DEFINITIONS / MACROS
  23          //****************************************************************************
  24          
  25          
  26          //****************************************************************************
  27          // STRUCT / TYPE / ENUM DEFINITTIONS
  28          //****************************************************************************
  29          
  30          
  31          //****************************************************************************
  32          // CODE TABLES
  33          //****************************************************************************
  34          
  35          
  36          //****************************************************************************
  37          // VARIABLE DECLARATIONS
  38          //****************************************************************************
  39          
  40          
  41          //****************************************************************************
  42          // FUNCTION DECLARATIONS
  43          //****************************************************************************
  44          void ScalerColorDCREnable(EnumFunctionOnOFF enumOn);
  45          
  46          
  47          //****************************************************************************
  48          // FUNCTION DEFINITIONS
  49          //****************************************************************************
  50          //--------------------------------------------------
  51          // Description  : DCR ON or OFF
C51 COMPILER V8.12   SCALERCOLORDCRENABLE                                                  05/25/2022 15:40:58 PAGE 2   

  52          // Input Value  : _ON/ _OFF
  53          // Output Value : None
  54          //--------------------------------------------------
  55          void ScalerColorDCREnable(EnumFunctionOnOFF enumOn)
  56          {
  57   1          if(enumOn == _FUNCTION_ON)
  58   1          {
  59   2              // Set DCR enable
  60   2              ScalerSetByte(P7_D8_DCR_ADDRESS_PORT, _BIT0);
  61   2          }
  62   1          else
  63   1          {
  64   2              ScalerSetByte(P7_D8_DCR_ADDRESS_PORT, 0x00);
  65   2          }
  66   1      }


MODULE INFORMATION:   STATIC OVERLAYABLE
   CODE SIZE        =     14    ----
   CONSTANT SIZE    =   ----    ----
   XDATA SIZE       =   ----    ----
   PDATA SIZE       =   ----    ----
   DATA SIZE        =   ----    ----
   IDATA SIZE       =   ----    ----
   BIT SIZE         =   ----    ----
END OF MODULE INFORMATION.


C51 COMPILATION COMPLETE.  0 WARNING(S),  0 ERROR(S)
