C51 COMPILER V8.12   SCALERCOLORDIGITALFILTERNRINGADJUST                                   05/25/2022 15:40:59 PAGE 1   


C51 COMPILER V8.12, COMPILATION OF MODULE SCALERCOLORDIGITALFILTERNRINGADJUST
OBJECT MODULE PLACED IN .\Output\ScalerColorDigitalFilterNRingAdjust.obj
COMPILER INVOKED BY: C:\Keil\C51\BIN\C51.EXE ..\..\ScalerFunction\Lib\Code\ScalerColor\ScalerColorDigitalFilterNRingAdju
                    -st.c LARGE OPTIMIZE(9,SPEED) INCDIR(..\..\..\Common;..\Header;.\Header;..\..\ScalerFunction\Lib\Header;..\..\ScalerFunct
                    -ion\Header;..\..\ScalerCommonFunction\Lib\Header;..\..\ScalerCommonFunction\Header;..\..\RL6432_Series_Common\Lib\Header
                    -;..\..\RL6432_Series_Common\Header) DEFINE(_TRANSLATOR_SUPPORT=_OFF,_SCALER_TYPE=_RL6432_SERIES) DEBUG OBJECTEXTEND PRIN
                    -T(.\Output\ScalerColorDigitalFilterNRingAdjust.lst) OBJECT(.\Output\ScalerColorDigitalFilterNRingAdjust.obj)

line level    source

   1          /********************************************************************************/
   2          /*   The  Software  is  proprietary,  confidential,  and  valuable to Realtek   */
   3          /*   Semiconductor  Corporation  ("Realtek").  All  rights, including but not   */
   4          /*   limited  to  copyrights,  patents,  trademarks, trade secrets, mask work   */
   5          /*   rights, and other similar rights and interests, are reserved to Realtek.   */
   6          /*   Without  prior  written  consent  from  Realtek,  copying, reproduction,   */
   7          /*   modification,  distribution,  or  otherwise  is strictly prohibited. The   */
   8          /*   Software  shall  be  kept  strictly  in  confidence,  and  shall  not be   */
   9          /*   disclosed to or otherwise accessed by any third party.                     */
  10          /*   c<2003> - <2012>                                                           */
  11          /*   The Software is provided "AS IS" without any warranty of any kind,         */
  12          /*   express, implied, statutory or otherwise.                                  */
  13          /********************************************************************************/
  14          
  15          //----------------------------------------------------------------------------------------------------
  16          // ID Code      : ScalerColorDigitalFilterNRingAdjust.c
  17          // Update Note  :
  18          //----------------------------------------------------------------------------------------------------
  19          #include "ScalerColorLibInternalInclude.h"
  20          
  21          //****************************************************************************
  22          // DEFINITIONS / MACROS
  23          //****************************************************************************
  24          
  25          //****************************************************************************
  26          // STRUCT / TYPE / ENUM DEFINITTIONS
  27          //****************************************************************************
  28          
  29          //****************************************************************************
  30          // CODE TABLES
  31          //****************************************************************************
  32          
  33          //****************************************************************************
  34          // VARIABLE DECLARATIONS
  35          //****************************************************************************
  36          
  37          //****************************************************************************
  38          // FUNCTION DECLARATIONS
  39          //****************************************************************************
  40          void ScalerColorDigitalFilterNRingAdjust(BYTE ucTHD, BYTE ucDIV);
  41          
  42          //****************************************************************************
  43          // FUNCTION DEFINITIONS
  44          //****************************************************************************
  45          //-------------------------------------------------
  46          // Description  : Set NRing
  47          // Input Value  : THD,Div
  48          // Output Value : None
  49          //-------------------------------------------------
  50          void ScalerColorDigitalFilterNRingAdjust(BYTE ucTHD, BYTE ucDIV)
  51          {
C51 COMPILER V8.12   SCALERCOLORDIGITALFILTERNRINGADJUST                                   05/25/2022 15:40:59 PAGE 2   

  52   1          // Set negative ring  parameter
  53   1          ScalerSetBit(P0_98_DIGITAL_FILTER_CTRL, ~(_BIT7 | _BIT6 | _BIT5 | _BIT4 | _BIT0), _BIT6);
  54   1          ScalerSetByte(P0_99_DIGITAL_FILTER_PORT, ((ucTHD << 4) | (ucDIV << 2) | _BIT7));
  55   1      }


MODULE INFORMATION:   STATIC OVERLAYABLE
   CODE SIZE        =     27    ----
   CONSTANT SIZE    =   ----    ----
   XDATA SIZE       =   ----    ----
   PDATA SIZE       =   ----    ----
   DATA SIZE        =   ----    ----
   IDATA SIZE       =   ----    ----
   BIT SIZE         =   ----    ----
END OF MODULE INFORMATION.


C51 COMPILATION COMPLETE.  0 WARNING(S),  0 ERROR(S)
