C51 COMPILER V8.12   SCALERCOLORDCCGETDATAREADYSTATUS                                      05/25/2022 15:40:58 PAGE 1   


C51 COMPILER V8.12, COMPILATION OF MODULE SCALERCOLORDCCGETDATAREADYSTATUS
OBJECT MODULE PLACED IN .\Output\ScalerColorDCCGetDataReadyStatus.obj
COMPILER INVOKED BY: C:\Keil\C51\BIN\C51.EXE ..\..\ScalerFunction\Lib\Code\ScalerColor\ScalerColorDCCGetDataReadyStatus.
                    -c LARGE OPTIMIZE(9,SPEED) INCDIR(..\..\..\Common;..\Header;.\Header;..\..\ScalerFunction\Lib\Header;..\..\ScalerFunction
                    -\Header;..\..\ScalerCommonFunction\Lib\Header;..\..\ScalerCommonFunction\Header;..\..\RL6432_Series_Common\Lib\Header;..
                    -\..\RL6432_Series_Common\Header) DEFINE(_TRANSLATOR_SUPPORT=_OFF,_SCALER_TYPE=_RL6432_SERIES) DEBUG OBJECTEXTEND PRINT(.
                    -\Output\ScalerColorDCCGetDataReadyStatus.lst) OBJECT(.\Output\ScalerColorDCCGetDataReadyStatus.obj)

line level    source

   1          /********************************************************************************/
   2          /*   The  Software  is  proprietary,  confidential,  and  valuable to Realtek   */
   3          /*   Semiconductor  Corporation  ("Realtek").  All  rights, including but not   */
   4          /*   limited  to  copyrights,  patents,  trademarks, trade secrets, mask work   */
   5          /*   rights, and other similar rights and interests, are reserved to Realtek.   */
   6          /*   Without  prior  written  consent  from  Realtek,  copying, reproduction,   */
   7          /*   modification,  distribution,  or  otherwise  is strictly prohibited. The   */
   8          /*   Software  shall  be  kept  strictly  in  confidence,  and  shall  not be   */
   9          /*   disclosed to or otherwise accessed by any third party.                     */
  10          /*   c<2003> - <2012>                                                           */
  11          /*   The Software is provided "AS IS" without any warranty of any kind,         */
  12          /*   express, implied, statutory or otherwise.                                  */
  13          /********************************************************************************/
  14          
  15          //----------------------------------------------------------------------------------------------------
  16          // ID Code      : ScalerColorDCCGetDataReadyStatus.c
  17          // Update Note  :
  18          //----------------------------------------------------------------------------------------------------
  19          #include "ScalerColorLibInternalInclude.h"
  20          
  21          //****************************************************************************
  22          // DEFINITIONS / MACROS
  23          //****************************************************************************
  24          
  25          
  26          //****************************************************************************
  27          // STRUCT / TYPE / ENUM DEFINITTIONS
  28          //****************************************************************************
  29          
  30          
  31          //****************************************************************************
  32          // CODE TABLES
  33          //****************************************************************************
  34          
  35          
  36          //****************************************************************************
  37          // VARIABLE DECLARATIONS
  38          //****************************************************************************
  39          
  40          
  41          //****************************************************************************
  42          // FUNCTION DECLARATIONS
  43          //****************************************************************************
  44          bit ScalerColorDCCGetDataReadyStatus(void);
  45          
  46          
  47          //****************************************************************************
  48          // FUNCTION DEFINITIONS
  49          //****************************************************************************
  50          //--------------------------------------------------
  51          // Description  : Get DCC Data Ready Status
C51 COMPILER V8.12   SCALERCOLORDCCGETDATAREADYSTATUS                                      05/25/2022 15:40:58 PAGE 2   

  52          // Input Value  : None
  53          // Output Value : _TRUE/_FLASE
  54          //--------------------------------------------------
  55          bit ScalerColorDCCGetDataReadyStatus(void)
  56          {
  57   1          ScalerSetBit(P7_C7_DCC_CTRL_0, ~(_BIT1 | _BIT0), _PAGE0);
  58   1          ScalerSetByte(P7_C9_DCC_ADDRESS_PORT, _P7_CA_PT_1E_PORT_PAGE0_READY_TO_READ);
  59   1      
  60   1          return ((bit)ScalerGetBit(P7_CA_DCC_DATA_PORT, _BIT0));
  61   1      }


MODULE INFORMATION:   STATIC OVERLAYABLE
   CODE SIZE        =     17    ----
   CONSTANT SIZE    =   ----    ----
   XDATA SIZE       =   ----    ----
   PDATA SIZE       =   ----    ----
   DATA SIZE        =   ----    ----
   IDATA SIZE       =   ----    ----
   BIT SIZE         =   ----    ----
END OF MODULE INFORMATION.


C51 COMPILATION COMPLETE.  0 WARNING(S),  0 ERROR(S)
