C51 COMPILER V8.12   SCALERCOLORIDITHER                                                    05/25/2022 15:41:03 PAGE 1   


C51 COMPILER V8.12, COMPILATION OF MODULE SCALERCOLORIDITHER
OBJECT MODULE PLACED IN .\Output\ScalerColorIDither.obj
COMPILER INVOKED BY: C:\Keil\C51\BIN\C51.EXE ..\..\ScalerFunction\Lib\Code\ScalerColor\ScalerColorIDither.c LARGE OPTIMI
                    -ZE(9,SPEED) INCDIR(..\..\..\Common;..\Header;.\Header;..\..\ScalerFunction\Lib\Header;..\..\ScalerFunction\Header;..\..\
                    -ScalerCommonFunction\Lib\Header;..\..\ScalerCommonFunction\Header;..\..\RL6432_Series_Common\Lib\Header;..\..\RL6432_Ser
                    -ies_Common\Header) DEFINE(_TRANSLATOR_SUPPORT=_OFF,_SCALER_TYPE=_RL6432_SERIES) DEBUG OBJECTEXTEND PRINT(.\Output\Scaler
                    -ColorIDither.lst) OBJECT(.\Output\ScalerColorIDither.obj)

line level    source

   1          /********************************************************************************/
   2          /*   The  Software  is  proprietary,  confidential,  and  valuable to Realtek   */
   3          /*   Semiconductor  Corporation  ("Realtek").  All  rights, including but not   */
   4          /*   limited  to  copyrights,  patents,  trademarks, trade secrets, mask work   */
   5          /*   rights, and other similar rights and interests, are reserved to Realtek.   */
   6          /*   Without  prior  written  consent  from  Realtek,  copying, reproduction,   */
   7          /*   modification,  distribution,  or  otherwise  is strictly prohibited. The   */
   8          /*   Software  shall  be  kept  strictly  in  confidence,  and  shall  not be   */
   9          /*   disclosed to or otherwise accessed by any third party.                     */
  10          /*   c<2003> - <2012>                                                           */
  11          /*   The Software is provided "AS IS" without any warranty of any kind,         */
  12          /*   express, implied, statutory or otherwise.                                  */
  13          /********************************************************************************/
  14          
  15          //----------------------------------------------------------------------------------------------------
  16          // ID Code      : ScalerColorIDither.c
  17          // Update Note  :
  18          //----------------------------------------------------------------------------------------------------
  19          #include "ScalerColorLibInternalInclude.h"
  20          
  21          
  22          //****************************************************************************
  23          // DEFINITIONS / MACROS
  24          //****************************************************************************
  25          #define _DITHER_TABLE_LENGTH    (24)
  26          #define _TEMPORAL_TABLE_LENGTH  (4)
  27          
  28          //****************************************************************************
  29          // STRUCT / TYPE / ENUM DEFINITTIONS
  30          //****************************************************************************
  31          
  32          
  33          //****************************************************************************
  34          // CODE TABLES
  35          //****************************************************************************
  36          
  37          
  38          //****************************************************************************
  39          // VARIABLE DECLARATIONS
  40          //****************************************************************************
  41          
  42          
  43          //****************************************************************************
  44          // FUNCTION DECLARATIONS
  45          //****************************************************************************
  46          void ScalerColorIDitherLoadDitherTable(BYTE code *pucDitherTable, BYTE ucBankAddress);
  47          void ScalerColorIDitherLoadSeqTable(BYTE code *pucSeqTable, BYTE ucSeqLength, BYTE ucBankAddress);
  48          void ScalerColorIDitherLoadTemporalTable(BYTE code *pucTempoTable, BYTE ucBankAddress);
  49          void ScalerColorIDitherLoadSetting(WORD usAdjustOption);
  50          
  51          
C51 COMPILER V8.12   SCALERCOLORIDITHER                                                    05/25/2022 15:41:03 PAGE 2   

  52          //****************************************************************************
  53          // FUNCTION DEFINITIONS
  54          //****************************************************************************
  55          
  56          //--------------------------------------------------
  57          // Description  : Adjust IDither Setting
  58          // Input Value  :
  59          //                pucDitherTable : Dither Table Pointer
  60          //                ucBankAddress : Bank Address
  61          // Output Value : None
  62          //--------------------------------------------------
  63          void ScalerColorIDitherLoadDitherTable(BYTE code *pucDitherTable, BYTE ucBankAddress)
  64          {
  65   1          if(pucDitherTable != _NULL_POINTER)
  66   1          {
  67   2              ScalerSetBit(P0_89_I_DITHER_COMMON_CTRL1_SETA, ~(_BIT7 | _BIT6), 0x80);
  68   2              ScalerBurstWrite(pucDitherTable, _DITHER_TABLE_LENGTH, ucBankAddress, P0_88_I_DITHER_DATA_ACCESS_S
             -ETA, _BURSTWRITE_DATA_COMMON, _BURSTWRITE_FROM_FLASH);
  69   2              ScalerSetBit(P0_89_I_DITHER_COMMON_CTRL1_SETA, ~(_BIT7 | _BIT6), 0x00);
  70   2          }
  71   1      }
  72          
  73          //--------------------------------------------------
  74          // Description  : Adjust IDither Setting
  75          // Input Value  :
  76          //                pucDitherTable : Seq Table Pointer.
  77          //                ucSeqLength : table len
  78          //                ucBankAddress : Bank Address
  79          // Output Value : None
  80          //--------------------------------------------------
  81          void ScalerColorIDitherLoadSeqTable(BYTE code *pucSeqTable, BYTE ucSeqLength, BYTE ucBankAddress)
  82          {
  83   1          if(pucSeqTable != _NULL_POINTER)
  84   1          {
  85   2              ScalerSetBit(P0_89_I_DITHER_COMMON_CTRL1_SETA, ~(_BIT7 | _BIT6), 0x40);
  86   2              ScalerBurstWrite(pucSeqTable, ucSeqLength, ucBankAddress, P0_88_I_DITHER_DATA_ACCESS_SETA, _BURSTW
             -RITE_DATA_COMMON, _BURSTWRITE_FROM_FLASH);
  87   2              ScalerSetBit(P0_89_I_DITHER_COMMON_CTRL1_SETA, ~(_BIT7 | _BIT6), 0x00);
  88   2          }
  89   1      }
  90          
  91          //--------------------------------------------------
  92          // Description  : Adjust IDither Setting
  93          // Input Value  :
  94          //                pucDitherTable : Temporal Table Pointer
  95          //              ucBankAddress : Bank Address
  96          // Output Value : None
  97          //--------------------------------------------------
  98          void ScalerColorIDitherLoadTemporalTable(BYTE code *pucTempoTable, BYTE ucBankAddress)
  99          {
 100   1          if(pucTempoTable != _NULL_POINTER)
 101   1          {
 102   2              ScalerSetBit(P0_89_I_DITHER_COMMON_CTRL1_SETA, ~(_BIT7 | _BIT6), 0xC0);
 103   2              ScalerBurstWrite(pucTempoTable, _TEMPORAL_TABLE_LENGTH, ucBankAddress, P0_88_I_DITHER_DATA_ACCESS_
             -SETA, _BURSTWRITE_DATA_COMMON, _BURSTWRITE_FROM_FLASH);
 104   2              ScalerSetBit(P0_89_I_DITHER_COMMON_CTRL1_SETA, ~(_BIT7 | _BIT6), 0x00);
 105   2          }
 106   1      }
 107          
 108          //--------------------------------------------------
 109          // Description  : Adjust IDither Setting
 110          // Input Value  : usAdjustOption->Adjust setting
C51 COMPILER V8.12   SCALERCOLORIDITHER                                                    05/25/2022 15:41:03 PAGE 3   

 111          // Output Value : None
 112          //--------------------------------------------------
 113          void ScalerColorIDitherLoadSetting(WORD usAdjustOption)
 114          {
 115   1          ScalerSetBit(P0_89_I_DITHER_COMMON_CTRL1_SETA, ~(_BIT4 | _BIT3 | _BIT2 | _BIT1 | _BIT0), usAdjustOptio
             -n & 0x001F);
 116   1          ScalerSetBit(P0_8A_I_DITHER_COMMON_CTRL2_SETA, ~(_BIT6 | _BIT5 | _BIT4 | _BIT3 | _BIT2 | _BIT1), (usAd
             -justOption & 0x7E00) >> 8);
 117   1      
 118   1      #if(_IDITHER_TYPE == _IDITHER_GEN_3_4_SEQ_TRUNCATE_6_4_2_BIT)
                  ScalerSetBit(P0_20_M1_DUMMY2, ~(_BIT7), (usAdjustOption & 0x0080));
              #endif
 121   1      }
 122          


MODULE INFORMATION:   STATIC OVERLAYABLE
   CODE SIZE        =    181    ----
   CONSTANT SIZE    =   ----    ----
   XDATA SIZE       =   ----       5
   PDATA SIZE       =   ----    ----
   DATA SIZE        =   ----    ----
   IDATA SIZE       =   ----    ----
   BIT SIZE         =   ----    ----
END OF MODULE INFORMATION.


C51 COMPILATION COMPLETE.  0 WARNING(S),  0 ERROR(S)
