C51 COMPILER V8.12   SCALERCOLORCOLORSAMPLING                                              05/25/2022 15:40:57 PAGE 1   


C51 COMPILER V8.12, COMPILATION OF MODULE SCALERCOLORCOLORSAMPLING
OBJECT MODULE PLACED IN .\Output\ScalerColorColorSampling.obj
COMPILER INVOKED BY: C:\Keil\C51\BIN\C51.EXE ..\..\ScalerFunction\Lib\Code\ScalerColor\ScalerColorColorSampling.c LARGE 
                    -OPTIMIZE(9,SPEED) INCDIR(..\..\..\Common;..\Header;.\Header;..\..\ScalerFunction\Lib\Header;..\..\ScalerFunction\Header;
                    -..\..\ScalerCommonFunction\Lib\Header;..\..\ScalerCommonFunction\Header;..\..\RL6432_Series_Common\Lib\Header;..\..\RL64
                    -32_Series_Common\Header) DEFINE(_TRANSLATOR_SUPPORT=_OFF,_SCALER_TYPE=_RL6432_SERIES) DEBUG OBJECTEXTEND PRINT(.\Output\
                    -ScalerColorColorSampling.lst) OBJECT(.\Output\ScalerColorColorSampling.obj)

line level    source

   1          /********************************************************************************/
   2          /*   The  Software  is  proprietary,  confidential,  and  valuable to Realtek   */
   3          /*   Semiconductor  Corporation  ("Realtek").  All  rights, including but not   */
   4          /*   limited  to  copyrights,  patents,  trademarks, trade secrets, mask work   */
   5          /*   rights, and other similar rights and interests, are reserved to Realtek.   */
   6          /*   Without  prior  written  consent  from  Realtek,  copying, reproduction,   */
   7          /*   modification,  distribution,  or  otherwise  is strictly prohibited. The   */
   8          /*   Software  shall  be  kept  strictly  in  confidence,  and  shall  not be   */
   9          /*   disclosed to or otherwise accessed by any third party.                     */
  10          /*   c<2003> - <2012>                                                           */
  11          /*   The Software is provided "AS IS" without any warranty of any kind,         */
  12          /*   express, implied, statutory or otherwise.                                  */
  13          /********************************************************************************/
  14          
  15          //----------------------------------------------------------------------------------------------------
  16          // ID Code      : ScalerColorColorSampling.c
  17          // Update Note  :
  18          //----------------------------------------------------------------------------------------------------
  19          #include "ScalerColorLibInternalInclude.h"
  20          
  21          //****************************************************************************
  22          // DEFINITIONS / MACROS
  23          //****************************************************************************
  24          
  25          //****************************************************************************
  26          // STRUCT / TYPE / ENUM DEFINITTIONS
  27          //****************************************************************************
  28          
  29          
  30          //****************************************************************************
  31          // CODE TABLES
  32          //****************************************************************************
  33          
  34          
  35          //****************************************************************************
  36          // VARIABLE DECLARATIONS
  37          //****************************************************************************
  38          
  39          
  40          //****************************************************************************
  41          // FUNCTION DECLARATIONS
  42          //****************************************************************************
  43          void ScalerColor422To444(void);
  44          
  45          
  46          //****************************************************************************
  47          // FUNCTION DEFINITIONS
  48          //****************************************************************************
  49          //--------------------------------------------------
  50          // Description  : 420To422 parameter setting for D1 source
  51          // Input Value  : None
C51 COMPILER V8.12   SCALERCOLORCOLORSAMPLING                                              05/25/2022 15:40:57 PAGE 2   

  52          // Output Value : None
  53          //--------------------------------------------------
  54          void ScalerColor422To444(void)
  55          {
  56   1          if((GET_COLOR_SPACE() == _COLOR_SPACE_YCBCR422) || (GET_COLOR_SPACE() == _COLOR_SPACE_YCBCR420))
  57   1          {
  58   2              // Enable YUV 422 to 444 function
  59   2              ScalerSetBit(P31_40_YUV422_TO_444_PATH0, ~(_BIT3 | _BIT2 | _BIT1), _BIT3);
  60   2          }
  61   1          else
  62   1          {
  63   2              // Disable YUV 422 to 444 function
  64   2              ScalerSetBit(P31_40_YUV422_TO_444_PATH0, ~_BIT3, 0x00);
  65   2          }
  66   1      }


MODULE INFORMATION:   STATIC OVERLAYABLE
   CODE SIZE        =     32    ----
   CONSTANT SIZE    =   ----    ----
   XDATA SIZE       =   ----    ----
   PDATA SIZE       =   ----    ----
   DATA SIZE        =   ----    ----
   IDATA SIZE       =   ----    ----
   BIT SIZE         =   ----    ----
END OF MODULE INFORMATION.


C51 COMPILATION COMPLETE.  0 WARNING(S),  0 ERROR(S)
