C51 COMPILER V8.12   SCALERCOLORWAITDDOMAINDBAPPLY                                         05/25/2022 15:41:06 PAGE 1   


C51 COMPILER V8.12, COMPILATION OF MODULE SCALERCOLORWAITDDOMAINDBAPPLY
OBJECT MODULE PLACED IN .\Output\ScalerColorWaitDDomainDBApply.obj
COMPILER INVOKED BY: C:\Keil\C51\BIN\C51.EXE ..\..\ScalerFunction\Lib\Code\ScalerColor\ScalerColorWaitDDomainDBApply.c L
                    -ARGE OPTIMIZE(9,SPEED) INCDIR(..\..\..\Common;..\Header;.\Header;..\..\ScalerFunction\Lib\Header;..\..\ScalerFunction\He
                    -ader;..\..\ScalerCommonFunction\Lib\Header;..\..\ScalerCommonFunction\Header;..\..\RL6432_Series_Common\Lib\Header;..\..
                    -\RL6432_Series_Common\Header) DEFINE(_TRANSLATOR_SUPPORT=_OFF,_SCALER_TYPE=_RL6432_SERIES) DEBUG OBJECTEXTEND PRINT(.\Ou
                    -tput\ScalerColorWaitDDomainDBApply.lst) OBJECT(.\Output\ScalerColorWaitDDomainDBApply.obj)

line level    source

   1          /********************************************************************************/
   2          /*   The  Software  is  proprietary,  confidential,  and  valuable to Realtek   */
   3          /*   Semiconductor  Corporation  ("Realtek").  All  rights, including but not   */
   4          /*   limited  to  copyrights,  patents,  trademarks, trade secrets, mask work   */
   5          /*   rights, and other similar rights and interests, are reserved to Realtek.   */
   6          /*   Without  prior  written  consent  from  Realtek,  copying, reproduction,   */
   7          /*   modification,  distribution,  or  otherwise  is strictly prohibited. The   */
   8          /*   Software  shall  be  kept  strictly  in  confidence,  and  shall  not be   */
   9          /*   disclosed to or otherwise accessed by any third party.                     */
  10          /*   c<2003> - <2012>                                                           */
  11          /*   The Software is provided "AS IS" without any warranty of any kind,         */
  12          /*   express, implied, statutory or otherwise.                                  */
  13          /********************************************************************************/
  14          
  15          //----------------------------------------------------------------------------------------------------
  16          // ID Code      : ScalerColorWaitDDomainDBApply.c
  17          // Update Note  :
  18          //----------------------------------------------------------------------------------------------------
  19          #include "ScalerColorLibInternalInclude.h"
  20          
  21          //****************************************************************************
  22          // DEFINITIONS / MACROS
  23          //****************************************************************************
  24          
  25          
  26          //****************************************************************************
  27          // STRUCT / TYPE / ENUM DEFINITTIONS
  28          //****************************************************************************
  29          
  30          
  31          //****************************************************************************
  32          // CODE TABLES
  33          //****************************************************************************
  34          
  35          
  36          //****************************************************************************
  37          // VARIABLE DECLARATIONS
  38          //****************************************************************************
  39          
  40          
  41          //****************************************************************************
  42          // FUNCTION DECLARATIONS
  43          //****************************************************************************
  44          bit ScalerColorWaitDDomainDBApply(void);
  45          
  46          
  47          //****************************************************************************
  48          // FUNCTION DEFINITIONS
  49          //****************************************************************************
  50          //--------------------------------------------------
  51          // Description  : Wait D-Domain double buffer Ready
C51 COMPILER V8.12   SCALERCOLORWAITDDOMAINDBAPPLY                                         05/25/2022 15:41:06 PAGE 2   

  52          // Input Value  : None
  53          // Output Value : _TRUE or _FALSE
  54          //--------------------------------------------------
  55          bit ScalerColorWaitDDomainDBApply(void)
  56          {
  57   1      #if(_HW_GLOBAL_DB_TYPE == _GLOBAL_DB_GEN_I)
                  if(ScalerGetBit(P31_B0_D_DB_CTRL0, (_BIT7 | _BIT6)) == (_BIT7 | _BIT6))
                  {
                      // Check D domain status
                      if((ScalerGetBit(P0_28_VIDEO_DISPLAY_CONTROL_REG, _BIT0) == 0x00) ||
                         (GET_DPLL_POWER_STATUS() == _FALSE))
                      {
                          return _FALSE;
                      }
              
                      // Wait D double buffer
                      return ScalerTimerPollingFlagProc(_DOUBLE_BUFFER_WAIT_TIME, P31_B0_D_DB_CTRL0, (_BIT6), 0);
                  }
              #endif
  71   1      
  72   1          return _TRUE;
  73   1      }


MODULE INFORMATION:   STATIC OVERLAYABLE
   CODE SIZE        =      2    ----
   CONSTANT SIZE    =   ----    ----
   XDATA SIZE       =   ----    ----
   PDATA SIZE       =   ----    ----
   DATA SIZE        =   ----    ----
   IDATA SIZE       =   ----    ----
   BIT SIZE         =   ----    ----
END OF MODULE INFORMATION.


C51 COMPILATION COMPLETE.  0 WARNING(S),  0 ERROR(S)
