C51 COMPILER V8.12   SCALERCOLORDDITHERLOADSEQTABLE                                        05/25/2022 15:40:59 PAGE 1   


C51 COMPILER V8.12, COMPILATION OF MODULE SCALERCOLORDDITHERLOADSEQTABLE
OBJECT MODULE PLACED IN .\Output\ScalerColorDDitherLoadSeqTable.obj
COMPILER INVOKED BY: C:\Keil\C51\BIN\C51.EXE ..\..\ScalerFunction\Lib\Code\ScalerColor\ScalerColorDDitherLoadSeqTable.c 
                    -LARGE OPTIMIZE(9,SPEED) INCDIR(..\..\..\Common;..\Header;.\Header;..\..\ScalerFunction\Lib\Header;..\..\ScalerFunction\H
                    -eader;..\..\ScalerCommonFunction\Lib\Header;..\..\ScalerCommonFunction\Header;..\..\RL6432_Series_Common\Lib\Header;..\.
                    -.\RL6432_Series_Common\Header) DEFINE(_TRANSLATOR_SUPPORT=_OFF,_SCALER_TYPE=_RL6432_SERIES) DEBUG OBJECTEXTEND PRINT(.\O
                    -utput\ScalerColorDDitherLoadSeqTable.lst) OBJECT(.\Output\ScalerColorDDitherLoadSeqTable.obj)

line level    source

   1          /********************************************************************************/
   2          /*   The  Software  is  proprietary,  confidential,  and  valuable to Realtek   */
   3          /*   Semiconductor  Corporation  ("Realtek").  All  rights, including but not   */
   4          /*   limited  to  copyrights,  patents,  trademarks, trade secrets, mask work   */
   5          /*   rights, and other similar rights and interests, are reserved to Realtek.   */
   6          /*   Without  prior  written  consent  from  Realtek,  copying, reproduction,   */
   7          /*   modification,  distribution,  or  otherwise  is strictly prohibited. The   */
   8          /*   Software  shall  be  kept  strictly  in  confidence,  and  shall  not be   */
   9          /*   disclosed to or otherwise accessed by any third party.                     */
  10          /*   c<2003> - <2012>                                                           */
  11          /*   The Software is provided "AS IS" without any warranty of any kind,         */
  12          /*   express, implied, statutory or otherwise.                                  */
  13          /********************************************************************************/
  14          
  15          //----------------------------------------------------------------------------------------------------
  16          // ID Code      : ScalerColorDDitherLoadSeqTable.c
  17          // Update Note  :
  18          //----------------------------------------------------------------------------------------------------
  19          #include "ScalerColorLibInternalInclude.h"
  20          
  21          //****************************************************************************
  22          // DEFINITIONS / MACROS
  23          //****************************************************************************
  24          
  25          
  26          //****************************************************************************
  27          // STRUCT / TYPE / ENUM DEFINITTIONS
  28          //****************************************************************************
  29          
  30          
  31          //****************************************************************************
  32          // CODE TABLES
  33          //****************************************************************************
  34          
  35          
  36          //****************************************************************************
  37          // VARIABLE DECLARATIONS
  38          //****************************************************************************
  39          
  40          
  41          //****************************************************************************
  42          // FUNCTION DECLARATIONS
  43          //****************************************************************************
  44          void ScalerColorDDitherLoadSeqTable(BYTE code *pucSeqTable, BYTE ucSeqLength, BYTE ucBankAddress);
  45          
  46          //****************************************************************************
  47          // FUNCTION DEFINITIONS
  48          //****************************************************************************
  49          //--------------------------------------------------
  50          // Description  : Adjust D Dither Setting
  51          // Input Value  :
C51 COMPILER V8.12   SCALERCOLORDDITHERLOADSEQTABLE                                        05/25/2022 15:40:59 PAGE 2   

  52          //                pucSeqTable : Seq Table Pointer
  53          //                ucSeqLength : Seq Table Length
  54          //                ucBankAddress : Bank Address
  55          // Output Value : None
  56          //--------------------------------------------------
  57          void ScalerColorDDitherLoadSeqTable(BYTE code *pucSeqTable, BYTE ucSeqLength, BYTE ucBankAddress)
  58          {
  59   1          if(pucSeqTable != _NULL_POINTER)
  60   1          {
  61   2              ScalerSetBit(P0_6A_D_DITHER_COMMON_CTRL1, ~(_BIT7 | _BIT6), 0x40);
  62   2              ScalerBurstWrite(pucSeqTable, ucSeqLength, ucBankAddress, P0_69_D_DITHER_DATA_ACCESS, _BURSTWRITE_
             -DATA_COMMON, _BURSTWRITE_FROM_FLASH);
  63   2              ScalerSetBit(P0_6A_D_DITHER_COMMON_CTRL1, ~(_BIT7 | _BIT6), 0x00);
  64   2          }
  65   1      }
  66          


MODULE INFORMATION:   STATIC OVERLAYABLE
   CODE SIZE        =     73    ----
   CONSTANT SIZE    =   ----    ----
   XDATA SIZE       =   ----       3
   PDATA SIZE       =   ----    ----
   DATA SIZE        =   ----    ----
   IDATA SIZE       =   ----    ----
   BIT SIZE         =   ----    ----
END OF MODULE INFORMATION.


C51 COMPILATION COMPLETE.  0 WARNING(S),  0 ERROR(S)
