C51 COMPILER V8.12   SCALERCOLORHLWBORDERENABLE                                            05/25/2022 15:41:01 PAGE 1   


C51 COMPILER V8.12, COMPILATION OF MODULE SCALERCOLORHLWBORDERENABLE
OBJECT MODULE PLACED IN .\Output\ScalerColorHLWBorderEnable.obj
COMPILER INVOKED BY: C:\Keil\C51\BIN\C51.EXE ..\..\ScalerFunction\Lib\Code\ScalerColor\ScalerColorHLWBorderEnable.c LARG
                    -E OPTIMIZE(9,SPEED) INCDIR(..\..\..\Common;..\Header;.\Header;..\..\ScalerFunction\Lib\Header;..\..\ScalerFunction\Heade
                    -r;..\..\ScalerCommonFunction\Lib\Header;..\..\ScalerCommonFunction\Header;..\..\RL6432_Series_Common\Lib\Header;..\..\RL
                    -6432_Series_Common\Header) DEFINE(_TRANSLATOR_SUPPORT=_OFF,_SCALER_TYPE=_RL6432_SERIES) DEBUG OBJECTEXTEND PRINT(.\Outpu
                    -t\ScalerColorHLWBorderEnable.lst) OBJECT(.\Output\ScalerColorHLWBorderEnable.obj)

line level    source

   1          /********************************************************************************/
   2          /*   The  Software  is  proprietary,  confidential,  and  valuable to Realtek   */
   3          /*   Semiconductor  Corporation  ("Realtek").  All  rights, including but not   */
   4          /*   limited  to  copyrights,  patents,  trademarks, trade secrets, mask work   */
   5          /*   rights, and other similar rights and interests, are reserved to Realtek.   */
   6          /*   Without  prior  written  consent  from  Realtek,  copying, reproduction,   */
   7          /*   modification,  distribution,  or  otherwise  is strictly prohibited. The   */
   8          /*   Software  shall  be  kept  strictly  in  confidence,  and  shall  not be   */
   9          /*   disclosed to or otherwise accessed by any third party.                     */
  10          /*   c<2003> - <2012>                                                           */
  11          /*   The Software is provided "AS IS" without any warranty of any kind,         */
  12          /*   express, implied, statutory or otherwise.                                  */
  13          /********************************************************************************/
  14          
  15          //----------------------------------------------------------------------------------------------------
  16          // ID Code      : ScalerColorHLWBorderEnable.c
  17          // Update Note  :
  18          //----------------------------------------------------------------------------------------------------
  19          #include "ScalerColorLibInternalInclude.h"
  20          
  21          //****************************************************************************
  22          // DEFINITIONS / MACROS
  23          //****************************************************************************
  24          
  25          
  26          //****************************************************************************
  27          // STRUCT / TYPE / ENUM DEFINITTIONS
  28          //****************************************************************************
  29          
  30          
  31          //****************************************************************************
  32          // CODE TABLES
  33          //****************************************************************************
  34          
  35          
  36          //****************************************************************************
  37          // VARIABLE DECLARATIONS
  38          //****************************************************************************
  39          
  40          
  41          //****************************************************************************
  42          // FUNCTION DECLARATIONS
  43          //****************************************************************************
  44          void ScalerColorHLWBorderEnable(bit bTopBorderEn, bit bBottomBorderEn, bit bLeftBorderEn, bit bRightBorder
             -En);
  45          
  46          
  47          //****************************************************************************
  48          // FUNCTION DEFINITIONS
  49          //****************************************************************************
  50          //--------------------------------------------------
C51 COMPILER V8.12   SCALERCOLORHLWBORDERENABLE                                            05/25/2022 15:41:01 PAGE 2   

  51          // Description  : Adjust HLW Border Enable
  52          // Input Value  : bTopBorderEn, bBottomBorderEn, bLeftBorderEn, bRightBorderEn, enumDBApply
  53          // Output Value : none
  54          //--------------------------------------------------
  55          void ScalerColorHLWBorderEnable(bit bTopBorderEn, bit bBottomBorderEn, bit bLeftBorderEn, bit bRightBorder
             -En)
  56          {
  57   1          ScalerSetDataPortBit(P0_60_HLW_ADDR_PORT, _P0_61_PT_0C_HLW_BORDER_EN, ~(_BIT7 | _BIT6 | _BIT5 | _BIT4)
             -, ((BYTE)(~bLeftBorderEn) << 7) | ((BYTE)(~bRightBorderEn) << 6) | ((BYTE)(~bTopBorderEn) << 5) | ((BYTE)(~bBottomBorder
             -En) << 4));
  58   1      
  59   1          ScalerGlobalDDomainDBApply(_DB_APPLY_NO_POLLING);
  60   1      }
  61          


MODULE INFORMATION:   STATIC OVERLAYABLE
   CODE SIZE        =     64    ----
   CONSTANT SIZE    =   ----    ----
   XDATA SIZE       =   ----    ----
   PDATA SIZE       =   ----    ----
   DATA SIZE        =   ----    ----
   IDATA SIZE       =   ----    ----
   BIT SIZE         =   ----       4
END OF MODULE INFORMATION.


C51 COMPILATION COMPLETE.  0 WARNING(S),  0 ERROR(S)
