C51 COMPILER V8.12   SCALERCOMMONDATAPORTACCESSGETSINGLEBYTE                               05/25/2022 15:40:55 PAGE 1   


C51 COMPILER V8.12, COMPILATION OF MODULE SCALERCOMMONDATAPORTACCESSGETSINGLEBYTE
OBJECT MODULE PLACED IN .\Output\ScalerCommonDataPortAccessGetSingleByte.obj
COMPILER INVOKED BY: C:\Keil\C51\BIN\C51.EXE ..\..\ScalerCommonFunction\Lib\Code\ScalerCommonReg\ScalerCommonDataPortAcc
                    -essGetSingleByte.c LARGE OPTIMIZE(9,SPEED) INCDIR(..\..\..\Common;..\Header;.\Header;..\..\ScalerFunction\Lib\Header;..\
                    -..\ScalerFunction\Header;..\..\ScalerCommonFunction\Lib\Header;..\..\ScalerCommonFunction\Header;..\..\RL6432_Series_Com
                    -mon\Lib\Header;..\..\RL6432_Series_Common\Header) DEFINE(_TRANSLATOR_SUPPORT=_OFF,_SCALER_TYPE=_RL6432_SERIES) DEBUG OBJ
                    -ECTEXTEND PRINT(.\Output\ScalerCommonDataPortAccessGetSingleByte.lst) OBJECT(.\Output\ScalerCommonDataPortAccessGetSingl
                    -eByte.obj)

line level    source

   1          /********************************************************************************/
   2          /*   The  Software  is  proprietary,  confidential,  and  valuable to Realtek   */
   3          /*   Semiconductor  Corporation  ("Realtek").  All  rights, including but not   */
   4          /*   limited  to  copyrights,  patents,  trademarks, trade secrets, mask work   */
   5          /*   rights, and other similar rights and interests, are reserved to Realtek.   */
   6          /*   Without  prior  written  consent  from  Realtek,  copying, reproduction,   */
   7          /*   modification,  distribution,  or  otherwise  is strictly prohibited. The   */
   8          /*   Software  shall  be  kept  strictly  in  confidence,  and  shall  not be   */
   9          /*   disclosed to or otherwise accessed by any third party.                     */
  10          /*   c<2003> - <2012>                                                           */
  11          /*   The Software is provided "AS IS" without any warranty of any kind,         */
  12          /*   express, implied, statutory or otherwise.                                  */
  13          /********************************************************************************/
  14          
  15          //----------------------------------------------------------------------------------------------------
  16          // ID Code      : ScalerCommonDataPortAccessGetSingleByte.c
  17          // Update Note  :
  18          //----------------------------------------------------------------------------------------------------
  19          #include "ScalerCommonRegLibInternalInclude.h"
  20          
  21          //****************************************************************************
  22          // DEFINITIONS / MACROS
  23          //****************************************************************************
  24          
  25          
  26          //****************************************************************************
  27          // STRUCT / TYPE / ENUM DEFINITTIONS
  28          //****************************************************************************
  29          
  30          
  31          //****************************************************************************
  32          // CODE TABLES
  33          //****************************************************************************
  34          
  35          
  36          //****************************************************************************
  37          // VARIABLE DECLARATIONS
  38          //****************************************************************************
  39          
  40          
  41          //****************************************************************************
  42          // FUNCTION DECLARATIONS
  43          //****************************************************************************
  44          BYTE ScalerGetDataPortSingleByte(WORD usAddr, BYTE ucValue);
  45          
  46          
  47          //****************************************************************************
  48          // FUNCTION DEFINITIONS
  49          //****************************************************************************
  50          //--------------------------------------------------
C51 COMPILER V8.12   SCALERCOMMONDATAPORTACCESSGETSINGLEBYTE                               05/25/2022 15:40:55 PAGE 2   

  51          // Description  : Get bytes from selected register in data port
  52          // Input Value  : usAddr    --> Access Port Address of register
  53          //                ucValue   --> Data Port Address we want to Get
  54          // Output Value : None
  55          //--------------------------------------------------
  56          BYTE ScalerGetDataPortSingleByte(WORD usAddr, BYTE ucValue)
  57          {
  58   1          BYTE pucArray[1];
  59   1          memset(pucArray, 0x00, sizeof(pucArray));
  60   1      
  61   1          ScalerGetDataPortByte(usAddr, ucValue, 1, pucArray, _NON_AUTOINC);
  62   1      
  63   1          return pucArray[0];
  64   1      }
  65          


MODULE INFORMATION:   STATIC OVERLAYABLE
   CODE SIZE        =     66    ----
   CONSTANT SIZE    =   ----    ----
   XDATA SIZE       =   ----       4
   PDATA SIZE       =   ----    ----
   DATA SIZE        =   ----    ----
   IDATA SIZE       =   ----    ----
   BIT SIZE         =   ----    ----
END OF MODULE INFORMATION.


C51 COMPILATION COMPLETE.  0 WARNING(S),  0 ERROR(S)
