C51 COMPILER V8.12   SCALERMDOMAINDISPLAYTIMINGGENDBENABLE                                 05/25/2022 15:40:57 PAGE 1   


C51 COMPILER V8.12, COMPILATION OF MODULE SCALERMDOMAINDISPLAYTIMINGGENDBENABLE
OBJECT MODULE PLACED IN .\Output\ScalerMDomainDisplayTimingGenDBEnable.obj
COMPILER INVOKED BY: C:\Keil\C51\BIN\C51.EXE ..\..\ScalerFunction\Lib\Code\Scaler\ScalerMDomainDisplayTimingGenDBEnable.
                    -c LARGE OPTIMIZE(9,SPEED) INCDIR(..\..\..\Common;..\Header;.\Header;..\..\ScalerFunction\Lib\Header;..\..\ScalerFunction
                    -\Header;..\..\ScalerCommonFunction\Lib\Header;..\..\ScalerCommonFunction\Header;..\..\RL6432_Series_Common\Lib\Header;..
                    -\..\RL6432_Series_Common\Header) DEFINE(_TRANSLATOR_SUPPORT=_OFF,_SCALER_TYPE=_RL6432_SERIES) DEBUG OBJECTEXTEND PRINT(.
                    -\Output\ScalerMDomainDisplayTimingGenDBEnable.lst) OBJECT(.\Output\ScalerMDomainDisplayTimingGenDBEnable.obj)

line level    source

   1          /********************************************************************************/
   2          /*   The  Software  is  proprietary,  confidential,  and  valuable to Realtek   */
   3          /*   Semiconductor  Corporation  ("Realtek").  All  rights, including but not   */
   4          /*   limited  to  copyrights,  patents,  trademarks, trade secrets, mask work   */
   5          /*   rights, and other similar rights and interests, are reserved to Realtek.   */
   6          /*   Without  prior  written  consent  from  Realtek,  copying, reproduction,   */
   7          /*   modification,  distribution,  or  otherwise  is strictly prohibited. The   */
   8          /*   Software  shall  be  kept  strictly  in  confidence,  and  shall  not be   */
   9          /*   disclosed to or otherwise accessed by any third party.                     */
  10          /*   c<2003> - <2012>                                                           */
  11          /*   The Software is provided "AS IS" without any warranty of any kind,         */
  12          /*   express, implied, statutory or otherwise.                                  */
  13          /********************************************************************************/
  14          
  15          //----------------------------------------------------------------------------------------------------
  16          // ID Code      : ScalerMDomainDisplayTimingGenDBEnable.c
  17          // Update Note  :
  18          //----------------------------------------------------------------------------------------------------
  19          
  20          #include "ScalerLibInternalInclude.h"
  21          
  22          //****************************************************************************
  23          // DEFINITIONS / MACROS
  24          //****************************************************************************
  25          
  26          
  27          //****************************************************************************
  28          // STRUCT / TYPE / ENUM DEFINITTIONS
  29          //****************************************************************************
  30          
  31          
  32          //****************************************************************************
  33          // CODE TABLES
  34          //****************************************************************************
  35          
  36          
  37          //****************************************************************************
  38          // VARIABLE DECLARATIONS
  39          //****************************************************************************
  40          
  41          
  42          //****************************************************************************
  43          // FUNCTION DECLARATIONS
  44          //****************************************************************************
  45          void ScalerMDomainDisplayTimingGenDBEnable(bit bEnable);
  46          
  47          
  48          //****************************************************************************
  49          // FUNCTION DEFINITIONS
  50          //****************************************************************************
  51          //--------------------------------------------------
C51 COMPILER V8.12   SCALERMDOMAINDISPLAYTIMINGGENDBENABLE                                 05/25/2022 15:40:57 PAGE 2   

  52          // Description  : Set Display Timing Gen Double Buffer
  53          // Input Value  : None
  54          // Output Value : None
  55          //--------------------------------------------------
  56          void ScalerMDomainDisplayTimingGenDBEnable(bit bEnable)
  57          {
  58   1          // Set Display Timing Gen Double Buffer
  59   1          if(bEnable == _ENABLE)
  60   1          {
  61   2              ScalerSetBit(P0_2F_DISPLAY_FORMAT_DOUBLE_BUFFER, ~(_BIT7 | _BIT6), _BIT7);
  62   2          }
  63   1          else
  64   1          {
  65   2              ScalerSetBit(P0_2F_DISPLAY_FORMAT_DOUBLE_BUFFER, ~(_BIT7 | _BIT6), 0x00);
  66   2          }
  67   1      }
  68          


MODULE INFORMATION:   STATIC OVERLAYABLE
   CODE SIZE        =     15    ----
   CONSTANT SIZE    =   ----    ----
   XDATA SIZE       =   ----    ----
   PDATA SIZE       =   ----    ----
   DATA SIZE        =   ----    ----
   IDATA SIZE       =   ----    ----
   BIT SIZE         =   ----       1
END OF MODULE INFORMATION.


C51 COMPILATION COMPLETE.  0 WARNING(S),  0 ERROR(S)
