C51 COMPILER V8.12   SCALERCOLORDIGITALFILTERENABLE                                        05/25/2022 15:40:59 PAGE 1   


C51 COMPILER V8.12, COMPILATION OF MODULE SCALERCOLORDIGITALFILTERENABLE
OBJECT MODULE PLACED IN .\Output\ScalerColorDigitalFilterEnable.obj
COMPILER INVOKED BY: C:\Keil\C51\BIN\C51.EXE ..\..\ScalerFunction\Lib\Code\ScalerColor\ScalerColorDigitalFilterEnable.c 
                    -LARGE OPTIMIZE(9,SPEED) INCDIR(..\..\..\Common;..\Header;.\Header;..\..\ScalerFunction\Lib\Header;..\..\ScalerFunction\H
                    -eader;..\..\ScalerCommonFunction\Lib\Header;..\..\ScalerCommonFunction\Header;..\..\RL6432_Series_Common\Lib\Header;..\.
                    -.\RL6432_Series_Common\Header) DEFINE(_TRANSLATOR_SUPPORT=_OFF,_SCALER_TYPE=_RL6432_SERIES) DEBUG OBJECTEXTEND PRINT(.\O
                    -utput\ScalerColorDigitalFilterEnable.lst) OBJECT(.\Output\ScalerColorDigitalFilterEnable.obj)

line level    source

   1          /********************************************************************************/
   2          /*   The  Software  is  proprietary,  confidential,  and  valuable to Realtek   */
   3          /*   Semiconductor  Corporation  ("Realtek").  All  rights, including but not   */
   4          /*   limited  to  copyrights,  patents,  trademarks, trade secrets, mask work   */
   5          /*   rights, and other similar rights and interests, are reserved to Realtek.   */
   6          /*   Without  prior  written  consent  from  Realtek,  copying, reproduction,   */
   7          /*   modification,  distribution,  or  otherwise  is strictly prohibited. The   */
   8          /*   Software  shall  be  kept  strictly  in  confidence,  and  shall  not be   */
   9          /*   disclosed to or otherwise accessed by any third party.                     */
  10          /*   c<2003> - <2012>                                                           */
  11          /*   The Software is provided "AS IS" without any warranty of any kind,         */
  12          /*   express, implied, statutory or otherwise.                                  */
  13          /********************************************************************************/
  14          
  15          //----------------------------------------------------------------------------------------------------
  16          // ID Code      : ScalerColorDigitalFilterEnable.c
  17          // Update Note  :
  18          //----------------------------------------------------------------------------------------------------
  19          #include "ScalerColorLibInternalInclude.h"
  20          
  21          //****************************************************************************
  22          // DEFINITIONS / MACROS
  23          //****************************************************************************
  24          
  25          //****************************************************************************
  26          // STRUCT / TYPE / ENUM DEFINITTIONS
  27          //****************************************************************************
  28          
  29          
  30          //****************************************************************************
  31          // CODE TABLES
  32          //****************************************************************************
  33          
  34          
  35          //****************************************************************************
  36          // VARIABLE DECLARATIONS
  37          //****************************************************************************
  38          
  39          
  40          //****************************************************************************
  41          // FUNCTION DECLARATIONS
  42          //****************************************************************************
  43          void ScalerColorDigitalFilterEnable(EnumFunctionOnOFF enumOn);
  44          
  45          
  46          //****************************************************************************
  47          // FUNCTION DEFINITIONS
  48          //****************************************************************************
  49          
  50          //-------------------------------------------------
  51          // Description  : Set digital filter Enable
C51 COMPILER V8.12   SCALERCOLORDIGITALFILTERENABLE                                        05/25/2022 15:40:59 PAGE 2   

  52          // Input Value  : EnumFunctionOnOFF
  53          // Output Value : None
  54          //-------------------------------------------------
  55          void ScalerColorDigitalFilterEnable(EnumFunctionOnOFF enumOn)
  56          {
  57   1          BYTE ucCtrlReg = 0;
  58   1      
  59   1          if(enumOn == _FUNCTION_ON)
  60   1          {
  61   2              ScalerSetBit(P0_98_DIGITAL_FILTER_CTRL, ~(_BIT7 | _BIT6 | _BIT5 | _BIT4 | _BIT0), (_BIT6 | _BIT5 |
             - _BIT4));
  62   2              ucCtrlReg = ScalerGetByte(P0_99_DIGITAL_FILTER_PORT);
  63   2      
  64   2              // write extension data separately to avoid autoinc
  65   2              ScalerSetBit(P0_98_DIGITAL_FILTER_CTRL, ~(_BIT7 | _BIT6 | _BIT5 | _BIT4 | _BIT0), (_BIT6 | _BIT5 |
             - _BIT4));
  66   2              ScalerSetByte(P0_99_DIGITAL_FILTER_PORT, (ucCtrlReg | (_BIT7 | _BIT6 | _BIT5)));
  67   2          }
  68   1          else
  69   1          {
  70   2              ScalerSetBit(P0_98_DIGITAL_FILTER_CTRL, ~(_BIT7 | _BIT6 | _BIT5 | _BIT4 | _BIT0), (_BIT6 | _BIT5 |
             - _BIT4));
  71   2              ucCtrlReg = ScalerGetByte(P0_99_DIGITAL_FILTER_PORT);
  72   2      
  73   2              // write extension data separately to avoid autoinc
  74   2              ScalerSetBit(P0_98_DIGITAL_FILTER_CTRL, ~(_BIT7 | _BIT6 | _BIT5 | _BIT4 | _BIT0), (_BIT6 | _BIT5 |
             - _BIT4));
  75   2              ScalerSetByte(P0_99_DIGITAL_FILTER_PORT, (ucCtrlReg & (~(_BIT7 | _BIT6 | _BIT5))));
  76   2          }
  77   1      }


MODULE INFORMATION:   STATIC OVERLAYABLE
   CODE SIZE        =     45    ----
   CONSTANT SIZE    =   ----    ----
   XDATA SIZE       =   ----    ----
   PDATA SIZE       =   ----    ----
   DATA SIZE        =   ----    ----
   IDATA SIZE       =   ----    ----
   BIT SIZE         =   ----    ----
END OF MODULE INFORMATION.


C51 COMPILATION COMPLETE.  0 WARNING(S),  0 ERROR(S)
