C51 COMPILER V8.12   SCALERCOLORSCALING                                                    05/25/2022 15:41:04 PAGE 1   


C51 COMPILER V8.12, COMPILATION OF MODULE SCALERCOLORSCALING
OBJECT MODULE PLACED IN .\Output\ScalerColorScaling.obj
COMPILER INVOKED BY: C:\Keil\C51\BIN\C51.EXE ..\..\ScalerFunction\Lib\Code\ScalerColor\ScalerColorScaling.c LARGE OPTIMI
                    -ZE(9,SPEED) INCDIR(..\..\..\Common;..\Header;.\Header;..\..\ScalerFunction\Lib\Header;..\..\ScalerFunction\Header;..\..\
                    -ScalerCommonFunction\Lib\Header;..\..\ScalerCommonFunction\Header;..\..\RL6432_Series_Common\Lib\Header;..\..\RL6432_Ser
                    -ies_Common\Header) DEFINE(_TRANSLATOR_SUPPORT=_OFF,_SCALER_TYPE=_RL6432_SERIES) DEBUG OBJECTEXTEND PRINT(.\Output\Scaler
                    -ColorScaling.lst) OBJECT(.\Output\ScalerColorScaling.obj)

line level    source

   1          /********************************************************************************/
   2          /*   The  Software  is  proprietary,  confidential,  and  valuable to Realtek   */
   3          /*   Semiconductor  Corporation  ("Realtek").  All  rights, including but not   */
   4          /*   limited  to  copyrights,  patents,  trademarks, trade secrets, mask work   */
   5          /*   rights, and other similar rights and interests, are reserved to Realtek.   */
   6          /*   Without  prior  written  consent  from  Realtek,  copying, reproduction,   */
   7          /*   modification,  distribution,  or  otherwise  is strictly prohibited. The   */
   8          /*   Software  shall  be  kept  strictly  in  confidence,  and  shall  not be   */
   9          /*   disclosed to or otherwise accessed by any third party.                     */
  10          /*   c<2003> - <2012>                                                           */
  11          /*   The Software is provided "AS IS" without any warranty of any kind,         */
  12          /*   express, implied, statutory or otherwise.                                  */
  13          /********************************************************************************/
  14          
  15          //----------------------------------------------------------------------------------------------------
  16          // ID Code      : ScalerColorScaling.c
  17          // Update Note  :
  18          //----------------------------------------------------------------------------------------------------
  19          #include "ScalerColorLibInternalInclude.h"
  20          
  21          
  22          //****************************************************************************
  23          // DEFINITIONS / MACROS
  24          //****************************************************************************
  25          
  26          //****************************************************************************
  27          // STRUCT / TYPE / ENUM DEFINITTIONS
  28          //****************************************************************************
  29          
  30          
  31          //****************************************************************************
  32          // CODE TABLES
  33          //****************************************************************************
  34          
  35          
  36          //****************************************************************************
  37          // VARIABLE DECLARATIONS
  38          //****************************************************************************
  39          
  40          
  41          //****************************************************************************
  42          // FUNCTION DECLARATIONS
  43          //****************************************************************************
  44          bit ScalerColorScalingByPassTableSel(void);
  45          
  46          
  47          //****************************************************************************
  48          // FUNCTION DEFINITIONS
  49          //****************************************************************************
  50          //--------------------------------------------------
  51          // Description  : Get Scaling By pass
C51 COMPILER V8.12   SCALERCOLORSCALING                                                    05/25/2022 15:41:04 PAGE 2   

  52          // Input Value  : none
  53          // Output Value : _TRUE or _FALSE
  54          //--------------------------------------------------
  55          bit ScalerColorScalingByPassTableSel(void)
  56          {
  57   1          ScalerGetDataPortByte(P0_33_SF_ADDR_PORT, _P0_34_PT_03_VER_SCALE_FACTOR_H, 3, &pData[0], _AUTOINC);
  58   1          ScalerGetDataPortByte(P0_33_SF_ADDR_PORT, _P0_34_PT_00_HOR_SCALE_FACTOR_H, 3, &pData[3], _AUTOINC);
  59   1      
  60   1          if(((pData[0] & 0x0F) == 0x0F) && (pData[1] == 0xFF) && (pData[2] == 0xFF) &&
  61   1             ((pData[3] & 0x0F) == 0x0F) && (pData[4] == 0xFF) && (pData[5] == 0xFF))
  62   1          {
  63   2              return _TRUE;
  64   2          }
  65   1          else
  66   1          {
  67   2              return _FALSE;
  68   2          }
  69   1      }
  70          


MODULE INFORMATION:   STATIC OVERLAYABLE
   CODE SIZE        =     95    ----
   CONSTANT SIZE    =   ----    ----
   XDATA SIZE       =   ----    ----
   PDATA SIZE       =   ----    ----
   DATA SIZE        =   ----    ----
   IDATA SIZE       =   ----    ----
   BIT SIZE         =   ----    ----
END OF MODULE INFORMATION.


C51 COMPILATION COMPLETE.  0 WARNING(S),  0 ERROR(S)
