C51 COMPILER V8.12   SCALERCOLORICMADJUST                                                  05/25/2022 15:41:03 PAGE 1   


C51 COMPILER V8.12, COMPILATION OF MODULE SCALERCOLORICMADJUST
OBJECT MODULE PLACED IN .\Output\ScalerColorICMAdjust.obj
COMPILER INVOKED BY: C:\Keil\C51\BIN\C51.EXE ..\..\ScalerFunction\Lib\Code\ScalerColor\ScalerColorICMAdjust.c LARGE OPTI
                    -MIZE(9,SPEED) INCDIR(..\..\..\Common;..\Header;.\Header;..\..\ScalerFunction\Lib\Header;..\..\ScalerFunction\Header;..\.
                    -.\ScalerCommonFunction\Lib\Header;..\..\ScalerCommonFunction\Header;..\..\RL6432_Series_Common\Lib\Header;..\..\RL6432_S
                    -eries_Common\Header) DEFINE(_TRANSLATOR_SUPPORT=_OFF,_SCALER_TYPE=_RL6432_SERIES) DEBUG OBJECTEXTEND PRINT(.\Output\Scal
                    -erColorICMAdjust.lst) OBJECT(.\Output\ScalerColorICMAdjust.obj)

line level    source

   1          
   2          /********************************************************************************/
   3          /*   The  Software  is  proprietary,  confidential,  and  valuable to Realtek   */
   4          /*   Semiconductor  Corporation  ("Realtek").  All  rights, including but not   */
   5          /*   limited  to  copyrights,  patents,  trademarks, trade secrets, mask work   */
   6          /*   rights, and other similar rights and interests, are reserved to Realtek.   */
   7          /*   Without  prior  written  consent  from  Realtek,  copying, reproduction,   */
   8          /*   modification,  distribution,  or  otherwise  is strictly prohibited. The   */
   9          /*   Software  shall  be  kept  strictly  in  confidence,  and  shall  not be   */
  10          /*   disclosed to or otherwise accessed by any third party.                     */
  11          /*   c<2003> - <2012>                                                           */
  12          /*   The Software is provided "AS IS" without any warranty of any kind,         */
  13          /*   express, implied, statutory or otherwise.                                  */
  14          /********************************************************************************/
  15          
  16          //----------------------------------------------------------------------------------------------------
  17          // ID Code      : ScalerColorICMAdjust.c
  18          // Update Note  :
  19          //----------------------------------------------------------------------------------------------------
  20          #include "ScalerColorLibInternalInclude.h"
  21          
  22          //****************************************************************************
  23          // DEFINITIONS / MACROS
  24          //****************************************************************************
  25          //--------------------------------------------------
  26          // Definitions of ICM
  27          //--------------------------------------------------
  28          
  29          
  30          //****************************************************************************
  31          // STRUCT / TYPE / ENUM DEFINITTIONS
  32          //****************************************************************************
  33          
  34          
  35          //****************************************************************************
  36          // CODE TABLES
  37          //****************************************************************************
  38          
  39          
  40          //****************************************************************************
  41          // VARIABLE DECLARATIONS
  42          //****************************************************************************
  43          
  44          
  45          //****************************************************************************
  46          // FUNCTION DECLARATIONS
  47          //****************************************************************************
  48          void ScalerColorICMAdjust(BYTE ucAdjustOption1, BYTE ucAdjustOption2);
  49          
  50          
  51          //****************************************************************************
C51 COMPILER V8.12   SCALERCOLORICMADJUST                                                  05/25/2022 15:41:03 PAGE 2   

  52          // FUNCTION DEFINITIONS
  53          //****************************************************************************
  54          //--------------------------------------------------
  55          // Description  : Adjust ICM Function
  56          // Input Value  : Adjust Option
  57          // Output Value : None
  58          //--------------------------------------------------
  59          void ScalerColorICMAdjust(BYTE ucAdjustOption1, BYTE ucAdjustOption2)
  60          {
  61   1          ScalerSetBit(P7_D0_ICM_CONTROL, ~(_BIT6 | _BIT5 | _BIT4 | _BIT3 | _BIT2 | _BIT1 | _BIT0),
  68   1                       (((BYTE)((bit)(ucAdjustOption2 & _Y_CORRECTION_MODE)) << 6) |
  68   1                        ((BYTE)((bit)(ucAdjustOption2 & _UV_DELTA_RANGE)) << 5) |
  68   1                        ((BYTE)((bit)(ucAdjustOption2 & _CM0_ENABLE)) << 4) |
  68   1                        ((BYTE)((bit)(ucAdjustOption2 & _CM1_ENABLE)) << 3) |
  68   1                        ((BYTE)((bit)(ucAdjustOption2 & _CM2_ENABLE)) << 2) |
  68   1                        ((BYTE)((bit)(ucAdjustOption2 & _CM3_ENABLE)) << 1) |
  68   1                        ((BYTE)((bit)(ucAdjustOption2 & _CM4_ENABLE)))));
  69   1      
  70   1          ScalerSetBit(P7_D1_ICM_SEL, ~(_BIT4 | _BIT3), (((BYTE)((bit)(ucAdjustOption1 & _UV_DELTA_RANGE_EXTEND)
             -) << 4) | ((BYTE)((bit)(ucAdjustOption2 & _CM5_ENABLE)) << 3)));
  71   1      
  72   1          // Enable ICM New Mode and UV Offset on Right/Left Buffer
  73   1          ScalerSetBit(P7_D4_ICM_SEL2, ~(_BIT2 | _BIT1 | _BIT0), (_BIT2 | _BIT1));
  74   1      }
  75          


MODULE INFORMATION:   STATIC OVERLAYABLE
   CODE SIZE        =    113    ----
   CONSTANT SIZE    =   ----    ----
   XDATA SIZE       =   ----    ----
   PDATA SIZE       =   ----    ----
   DATA SIZE        =   ----    ----
   IDATA SIZE       =   ----    ----
   BIT SIZE         =   ----    ----
END OF MODULE INFORMATION.


C51 COMPILATION COMPLETE.  0 WARNING(S),  0 ERROR(S)
