C51 COMPILER V8.12   SCALERCOLORHLWBORDERADJUST                                            05/25/2022 15:41:01 PAGE 1   


C51 COMPILER V8.12, COMPILATION OF MODULE SCALERCOLORHLWBORDERADJUST
OBJECT MODULE PLACED IN .\Output\ScalerColorHLWBorderAdjust.obj
COMPILER INVOKED BY: C:\Keil\C51\BIN\C51.EXE ..\..\ScalerFunction\Lib\Code\ScalerColor\ScalerColorHLWBorderAdjust.c LARG
                    -E OPTIMIZE(9,SPEED) INCDIR(..\..\..\Common;..\Header;.\Header;..\..\ScalerFunction\Lib\Header;..\..\ScalerFunction\Heade
                    -r;..\..\ScalerCommonFunction\Lib\Header;..\..\ScalerCommonFunction\Header;..\..\RL6432_Series_Common\Lib\Header;..\..\RL
                    -6432_Series_Common\Header) DEFINE(_TRANSLATOR_SUPPORT=_OFF,_SCALER_TYPE=_RL6432_SERIES) DEBUG OBJECTEXTEND PRINT(.\Outpu
                    -t\ScalerColorHLWBorderAdjust.lst) OBJECT(.\Output\ScalerColorHLWBorderAdjust.obj)

line level    source

   1          /********************************************************************************/
   2          /*   The  Software  is  proprietary,  confidential,  and  valuable to Realtek   */
   3          /*   Semiconductor  Corporation  ("Realtek").  All  rights, including but not   */
   4          /*   limited  to  copyrights,  patents,  trademarks, trade secrets, mask work   */
   5          /*   rights, and other similar rights and interests, are reserved to Realtek.   */
   6          /*   Without  prior  written  consent  from  Realtek,  copying, reproduction,   */
   7          /*   modification,  distribution,  or  otherwise  is strictly prohibited. The   */
   8          /*   Software  shall  be  kept  strictly  in  confidence,  and  shall  not be   */
   9          /*   disclosed to or otherwise accessed by any third party.                     */
  10          /*   c<2003> - <2012>                                                           */
  11          /*   The Software is provided "AS IS" without any warranty of any kind,         */
  12          /*   express, implied, statutory or otherwise.                                  */
  13          /********************************************************************************/
  14          
  15          //----------------------------------------------------------------------------------------------------
  16          // ID Code      : ScalerColorHLWBorderAdjust.c
  17          // Update Note  :
  18          //----------------------------------------------------------------------------------------------------
  19          #include "ScalerColorLibInternalInclude.h"
  20          
  21          //****************************************************************************
  22          // DEFINITIONS / MACROS
  23          //****************************************************************************
  24          
  25          
  26          //****************************************************************************
  27          // STRUCT / TYPE / ENUM DEFINITTIONS
  28          //****************************************************************************
  29          
  30          
  31          //****************************************************************************
  32          // CODE TABLES
  33          //****************************************************************************
  34          
  35          
  36          //****************************************************************************
  37          // VARIABLE DECLARATIONS
  38          //****************************************************************************
  39          
  40          
  41          //****************************************************************************
  42          // FUNCTION DECLARATIONS
  43          //****************************************************************************
  44          void ScalerColorHLWBorderAdjust(BYTE ucBorderWidth, BYTE ucRed, BYTE ucGreen, BYTE ucBlue);
  45          
  46          
  47          //****************************************************************************
  48          // FUNCTION DEFINITIONS
  49          //****************************************************************************
  50          //--------------------------------------------------
  51          // Description  : Adjust HLW Border Width and Color
C51 COMPILER V8.12   SCALERCOLORHLWBORDERADJUST                                            05/25/2022 15:41:01 PAGE 2   

  52          // Input Value  : ucBorderWidth, ucRed, ucGreen, ucBlue, enumDBApply
  53          // Output Value : none
  54          //--------------------------------------------------
  55          void ScalerColorHLWBorderAdjust(BYTE ucBorderWidth, BYTE ucRed, BYTE ucGreen, BYTE ucBlue)
  56          {
  57   1          // set HLW's Border
  58   1          ScalerSetDataPortByte(P0_60_HLW_ADDR_PORT, _P0_61_PT_08_HLW_BORDER_WIDTH, (ucBorderWidth & 0x1F));
  59   1      
  60   1          // border color is 10bits,  here still use 8bits
  61   1          ScalerSetDataPortByte(P0_60_HLW_ADDR_PORT, _P0_61_PT_09_HLW_BORDER_RED, (ucRed & 0xFF));
  62   1          ScalerSetDataPortByte(P0_60_HLW_ADDR_PORT, _P0_61_PT_0A_HLW_BORDER_GRN, (ucGreen & 0xFF));
  63   1          ScalerSetDataPortByte(P0_60_HLW_ADDR_PORT, _P0_61_PT_0B_HLW_BORDER_BLU, (ucBlue & 0xFF));
  64   1      
  65   1          ScalerGlobalDDomainDBApply(_DB_APPLY_NO_POLLING);
  66   1      }


MODULE INFORMATION:   STATIC OVERLAYABLE
   CODE SIZE        =     66    ----
   CONSTANT SIZE    =   ----    ----
   XDATA SIZE       =   ----       4
   PDATA SIZE       =   ----    ----
   DATA SIZE        =   ----    ----
   IDATA SIZE       =   ----    ----
   BIT SIZE         =   ----    ----
END OF MODULE INFORMATION.


C51 COMPILATION COMPLETE.  0 WARNING(S),  0 ERROR(S)
