C51 COMPILER V8.12   SCALERCOLORHLWDDOMAINADJUST                                           05/25/2022 15:41:02 PAGE 1   


C51 COMPILER V8.12, COMPILATION OF MODULE SCALERCOLORHLWDDOMAINADJUST
OBJECT MODULE PLACED IN .\Output\ScalerColorHLWDDomainAdjust.obj
COMPILER INVOKED BY: C:\Keil\C51\BIN\C51.EXE ..\..\ScalerFunction\Lib\Code\ScalerColor\ScalerColorHLWDDomainAdjust.c LAR
                    -GE OPTIMIZE(9,SPEED) INCDIR(..\..\..\Common;..\Header;.\Header;..\..\ScalerFunction\Lib\Header;..\..\ScalerFunction\Head
                    -er;..\..\ScalerCommonFunction\Lib\Header;..\..\ScalerCommonFunction\Header;..\..\RL6432_Series_Common\Lib\Header;..\..\R
                    -L6432_Series_Common\Header) DEFINE(_TRANSLATOR_SUPPORT=_OFF,_SCALER_TYPE=_RL6432_SERIES) DEBUG OBJECTEXTEND PRINT(.\Outp
                    -ut\ScalerColorHLWDDomainAdjust.lst) OBJECT(.\Output\ScalerColorHLWDDomainAdjust.obj)

line level    source

   1          /********************************************************************************/
   2          /*   The  Software  is  proprietary,  confidential,  and  valuable to Realtek   */
   3          /*   Semiconductor  Corporation  ("Realtek").  All  rights, including but not   */
   4          /*   limited  to  copyrights,  patents,  trademarks, trade secrets, mask work   */
   5          /*   rights, and other similar rights and interests, are reserved to Realtek.   */
   6          /*   Without  prior  written  consent  from  Realtek,  copying, reproduction,   */
   7          /*   modification,  distribution,  or  otherwise  is strictly prohibited. The   */
   8          /*   Software  shall  be  kept  strictly  in  confidence,  and  shall  not be   */
   9          /*   disclosed to or otherwise accessed by any third party.                     */
  10          /*   c<2003> - <2012>                                                           */
  11          /*   The Software is provided "AS IS" without any warranty of any kind,         */
  12          /*   express, implied, statutory or otherwise.                                  */
  13          /********************************************************************************/
  14          
  15          //----------------------------------------------------------------------------------------------------
  16          // ID Code      : ScalerColorHLWDDomainAdjust.c
  17          // Update Note  :
  18          //----------------------------------------------------------------------------------------------------
  19          #include "ScalerColorLibInternalInclude.h"
  20          
  21          //****************************************************************************
  22          // DEFINITIONS / MACROS
  23          //****************************************************************************
  24          
  25          
  26          //****************************************************************************
  27          // STRUCT / TYPE / ENUM DEFINITTIONS
  28          //****************************************************************************
  29          
  30          
  31          //****************************************************************************
  32          // CODE TABLES
  33          //****************************************************************************
  34          
  35          
  36          //****************************************************************************
  37          // VARIABLE DECLARATIONS
  38          //****************************************************************************
  39          
  40          
  41          //****************************************************************************
  42          // FUNCTION DECLARATIONS
  43          //****************************************************************************
  44          void ScalerColorHLWDDomainAdjust(WORD usHPos, WORD usHWidth, WORD usVPos, WORD usVHeight);
  45          
  46          
  47          //****************************************************************************
  48          // FUNCTION DEFINITIONS
  49          //****************************************************************************
  50          //--------------------------------------------------
  51          // Description  : Adjust highlight window region
C51 COMPILER V8.12   SCALERCOLORHLWDDOMAINADJUST                                           05/25/2022 15:41:02 PAGE 2   

  52          // Input Value  : usHPos, usHWidth, usVPos, usVHeight
  53          // Output Value : None
  54          //--------------------------------------------------
  55          void ScalerColorHLWDDomainAdjust(WORD usHPos, WORD usHWidth, WORD usVPos, WORD usVHeight)
  56          {
  57   1          if((usHWidth == 0) || (usVHeight == 0))
  58   1          {
  59   2              return;
  60   2          }
  61   1      
  62   1          ScalerSetDataPortByte(P0_60_HLW_ADDR_PORT, _P0_61_PT_00_HLW_HOR_START_H, (BYTE)((usHPos >> 8) & 0x1F))
             -;
  63   1          ScalerSetDataPortByte(P0_60_HLW_ADDR_PORT, _P0_61_PT_01_HLW_HOR_START_L, (BYTE)(usHPos & 0xFF));
  64   1          ScalerSetDataPortByte(P0_60_HLW_ADDR_PORT, _P0_61_PT_02_HLW_HOR_END_H, (BYTE)(((usHPos + usHWidth) >> 
             -8) & 0x1F));
  65   1          ScalerSetDataPortByte(P0_60_HLW_ADDR_PORT, _P0_61_PT_03_HLW_HOR_END_L, (BYTE)((usHPos + usHWidth) & 0x
             -FF));
  66   1          ScalerSetDataPortByte(P0_60_HLW_ADDR_PORT, _P0_61_PT_04_HLW_VER_START_H, (BYTE)((usVPos >> 8) & 0x1F))
             -;
  67   1          ScalerSetDataPortByte(P0_60_HLW_ADDR_PORT, _P0_61_PT_05_HLW_VER_START_L, (BYTE)(usVPos & 0xFF));
  68   1          ScalerSetDataPortByte(P0_60_HLW_ADDR_PORT, _P0_61_PT_06_HLW_VER_END_H, (BYTE)(((usVPos + usVHeight) >>
             - 8) & 0x1F));
  69   1          ScalerSetDataPortByte(P0_60_HLW_ADDR_PORT, _P0_61_PT_07_HLW_VER_END_L, (BYTE)((usVPos + usVHeight) & 0
             -xFF));
  70   1      }


MODULE INFORMATION:   STATIC OVERLAYABLE
   CODE SIZE        =    194    ----
   CONSTANT SIZE    =   ----    ----
   XDATA SIZE       =   ----       8
   PDATA SIZE       =   ----    ----
   DATA SIZE        =   ----    ----
   IDATA SIZE       =   ----    ----
   BIT SIZE         =   ----    ----
END OF MODULE INFORMATION.


C51 COMPILATION COMPLETE.  0 WARNING(S),  0 ERROR(S)
