C51 COMPILER V8.12   SCALERTCONGLOBALENABLE                                                05/25/2022 15:41:23 PAGE 1   


C51 COMPILER V8.12, COMPILATION OF MODULE SCALERTCONGLOBALENABLE
OBJECT MODULE PLACED IN .\Output\ScalerTconGlobalEnable.obj
COMPILER INVOKED BY: C:\Keil\C51\BIN\C51.EXE ..\..\ScalerFunction\Lib\Code\ScalerTcon\ScalerTconGlobalEnable.c LARGE OPT
                    -IMIZE(9,SPEED) INCDIR(..\..\..\Common;..\Header;.\Header;..\..\ScalerFunction\Lib\Header;..\..\ScalerFunction\Header;..\
                    -..\ScalerCommonFunction\Lib\Header;..\..\ScalerCommonFunction\Header;..\..\RL6432_Series_Common\Lib\Header;..\..\RL6432_
                    -Series_Common\Header) DEFINE(_TRANSLATOR_SUPPORT=_OFF,_SCALER_TYPE=_RL6432_SERIES) DEBUG OBJECTEXTEND PRINT(.\Output\Sca
                    -lerTconGlobalEnable.lst) OBJECT(.\Output\ScalerTconGlobalEnable.obj)

line level    source

   1          /********************************************************************************/
   2          /*   The  Software  is  proprietary,  confidential,  and  valuable to Realtek   */
   3          /*   Semiconductor  Corporation  ("Realtek").  All  rights, including but not   */
   4          /*   limited  to  copyrights,  patents,  trademarks, trade secrets, mask work   */
   5          /*   rights, and other similar rights and interests, are reserved to Realtek.   */
   6          /*   Without  prior  written  consent  from  Realtek,  copying, reproduction,   */
   7          /*   modification,  distribution,  or  otherwise  is strictly prohibited. The   */
   8          /*   Software  shall  be  kept  strictly  in  confidence,  and  shall  not be   */
   9          /*   disclosed to or otherwise accessed by any third party.                     */
  10          /*   c<2003> - <2012>                                                           */
  11          /*   The Software is provided "AS IS" without any warranty of any kind,         */
  12          /*   express, implied, statutory or otherwise.                                  */
  13          /********************************************************************************/
  14          
  15          //----------------------------------------------------------------------------------------------------
  16          // ID Code      : ScalerTconGlobalEnable.c No.0000
  17          // Update Note  :
  18          //----------------------------------------------------------------------------------------------------
  19          #include "ScalerTconLibInternalInclude.h"
  20          
  21          //****************************************************************************
  22          // DEFINITIONS / MACROS
  23          //****************************************************************************
  24          
  25          //****************************************************************************
  26          // STRUCT / TYPE / ENUM DEFINITTIONS
  27          //****************************************************************************
  28          
  29          //****************************************************************************
  30          // CODE TABLES
  31          //****************************************************************************
  32          
  33          //****************************************************************************
  34          // VARIABLE DECLARATIONS
  35          //****************************************************************************
  36          
  37          //****************************************************************************
  38          // FUNCTION DECLARATIONS
  39          //****************************************************************************
  40          void ScalerTconGlobalEnable(bit bEnable);
  41          
  42          //****************************************************************************
  43          // FUNCTION DEFINITIONS
  44          //****************************************************************************
  45          
  46          //--------------------------------------------------
  47          // Description  : Set Tcon global control
  48          // Input Value  : bEnable --> Tcon global enable
  49          // Output Value : None
  50          //--------------------------------------------------
  51          void ScalerTconGlobalEnable(bit bEnable)
C51 COMPILER V8.12   SCALERTCONGLOBALENABLE                                                05/25/2022 15:41:23 PAGE 2   

  52          {
  53   1          if(bEnable == _ON)
  54   1          {
  55   2              ScalerSetDataPortBit(P15_A3_TCON_ADDR, _P15_A4_PT_00_TC_CTRL0, ~(_BIT7 | _BIT2), (_BIT7 | _BIT2));
  56   2          }
  57   1          else
  58   1          {
  59   2              ScalerSetDataPortBit(P15_A3_TCON_ADDR, _P15_A4_PT_00_TC_CTRL0, ~(_BIT7 | _BIT2), 0x00);
  60   2          }
  61   1      }
  62          


MODULE INFORMATION:   STATIC OVERLAYABLE
   CODE SIZE        =     30    ----
   CONSTANT SIZE    =   ----    ----
   XDATA SIZE       =   ----    ----
   PDATA SIZE       =   ----    ----
   DATA SIZE        =   ----    ----
   IDATA SIZE       =   ----    ----
   BIT SIZE         =   ----       1
END OF MODULE INFORMATION.


C51 COMPILATION COMPLETE.  0 WARNING(S),  0 ERROR(S)
