C51 COMPILER V8.12   SCALERCOLORHLWPANELUNIFORMITY                                         05/25/2022 15:41:03 PAGE 1   


C51 COMPILER V8.12, COMPILATION OF MODULE SCALERCOLORHLWPANELUNIFORMITY
OBJECT MODULE PLACED IN .\Output\ScalerColorHLWPanelUniformity.obj
COMPILER INVOKED BY: C:\Keil\C51\BIN\C51.EXE ..\..\ScalerFunction\Lib\Code\ScalerColor\ScalerColorHLWPanelUniformity.c L
                    -ARGE OPTIMIZE(9,SPEED) INCDIR(..\..\..\Common;..\Header;.\Header;..\..\ScalerFunction\Lib\Header;..\..\ScalerFunction\He
                    -ader;..\..\ScalerCommonFunction\Lib\Header;..\..\ScalerCommonFunction\Header;..\..\RL6432_Series_Common\Lib\Header;..\..
                    -\RL6432_Series_Common\Header) DEFINE(_TRANSLATOR_SUPPORT=_OFF,_SCALER_TYPE=_RL6432_SERIES) DEBUG OBJECTEXTEND PRINT(.\Ou
                    -tput\ScalerColorHLWPanelUniformity.lst) OBJECT(.\Output\ScalerColorHLWPanelUniformity.obj)

line level    source

   1          /********************************************************************************/
   2          /*   The  Software  is  proprietary,  confidential,  and  valuable to Realtek   */
   3          /*   Semiconductor  Corporation  ("Realtek").  All  rights, including but not   */
   4          /*   limited  to  copyrights,  patents,  trademarks, trade secrets, mask work   */
   5          /*   rights, and other similar rights and interests, are reserved to Realtek.   */
   6          /*   Without  prior  written  consent  from  Realtek,  copying, reproduction,   */
   7          /*   modification,  distribution,  or  otherwise  is strictly prohibited. The   */
   8          /*   Software  shall  be  kept  strictly  in  confidence,  and  shall  not be   */
   9          /*   disclosed to or otherwise accessed by any third party.                     */
  10          /*   c<2003> - <2012>                                                           */
  11          /*   The Software is provided "AS IS" without any warranty of any kind,         */
  12          /*   express, implied, statutory or otherwise.                                  */
  13          /********************************************************************************/
  14          
  15          //----------------------------------------------------------------------------------------------------
  16          // ID Code      : ScalerColorHLWPanelUniformity.c
  17          // Update Note  :
  18          //----------------------------------------------------------------------------------------------------
  19          #include "ScalerColorLibInternalInclude.h"
  20          
  21          //****************************************************************************
  22          // DEFINITIONS / MACROS
  23          //****************************************************************************
  24          
  25          
  26          //****************************************************************************
  27          // STRUCT / TYPE / ENUM DEFINITTIONS
  28          //****************************************************************************
  29          
  30          
  31          //****************************************************************************
  32          // CODE TABLES
  33          //****************************************************************************
  34          
  35          
  36          //****************************************************************************
  37          // VARIABLE DECLARATIONS
  38          //****************************************************************************
  39          
  40          
  41          //****************************************************************************
  42          // FUNCTION DECLARATIONS
  43          //****************************************************************************
  44          void ScalerColorHLWPanelUniformityAdjust(EnumHLWType enumHLWActive, EnumDBApply enumDBApply);
  45          
  46          
  47          //****************************************************************************
  48          // FUNCTION DEFINITIONS
  49          //****************************************************************************
  50          //--------------------------------------------------
  51          // Description  : Adjust Panel Uniformity Highlight Window
C51 COMPILER V8.12   SCALERCOLORHLWPANELUNIFORMITY                                         05/25/2022 15:41:03 PAGE 2   

  52          // Input Value  : Highlight Window Active Area
  53          //                EnumDBApply
  54          // Output Value : None
  55          //--------------------------------------------------
  56          void ScalerColorHLWPanelUniformityAdjust(EnumHLWType enumHLWActive, EnumDBApply enumDBApply)
  57          {
  58   1          ScalerSetDataPortBit(P0_60_HLW_ADDR_PORT, _P0_61_PT_0F_HLW_CONTROL2, ~(_BIT7 | _BIT6), ((enumHLWActive
             - & 0x03) << 6));
  59   1      
  60   1          ScalerGlobalDDomainDBApply(enumDBApply);
  61   1      }


MODULE INFORMATION:   STATIC OVERLAYABLE
   CODE SIZE        =     36    ----
   CONSTANT SIZE    =   ----    ----
   XDATA SIZE       =   ----       1
   PDATA SIZE       =   ----    ----
   DATA SIZE        =   ----    ----
   IDATA SIZE       =   ----    ----
   BIT SIZE         =   ----    ----
END OF MODULE INFORMATION.


C51 COMPILATION COMPLETE.  0 WARNING(S),  0 ERROR(S)
